24-Apr-2016 12:42:32.914 INFO [main] org.apache.catalina.startup.VersionLoggerListener.log Server version:        Apache Tomcat/8.0.33
24-Apr-2016 12:42:32.915 INFO [main] org.apache.catalina.startup.VersionLoggerListener.log Server built:          Mar 18 2016 20:31:49 UTC
24-Apr-2016 12:42:32.916 INFO [main] org.apache.catalina.startup.VersionLoggerListener.log Server number:         8.0.33.0
24-Apr-2016 12:42:32.916 INFO [main] org.apache.catalina.startup.VersionLoggerListener.log OS Name:               Windows 10
24-Apr-2016 12:42:32.917 INFO [main] org.apache.catalina.startup.VersionLoggerListener.log OS Version:            10.0
24-Apr-2016 12:42:32.917 INFO [main] org.apache.catalina.startup.VersionLoggerListener.log Architecture:          x86
24-Apr-2016 12:42:32.917 INFO [main] org.apache.catalina.startup.VersionLoggerListener.log Java Home:             C:\Program Files (x86)\Java\jre1.8.0_77
24-Apr-2016 12:42:32.917 INFO [main] org.apache.catalina.startup.VersionLoggerListener.log JVM Version:           1.8.0_77-b03
24-Apr-2016 12:42:32.918 INFO [main] org.apache.catalina.startup.VersionLoggerListener.log JVM Vendor:            Oracle Corporation
24-Apr-2016 12:42:32.918 INFO [main] org.apache.catalina.startup.VersionLoggerListener.log CATALINA_BASE:         C:\geoweb16\apache-tomcat-8.0.33
24-Apr-2016 12:42:32.918 INFO [main] org.apache.catalina.startup.VersionLoggerListener.log CATALINA_HOME:         C:\geoweb16\apache-tomcat-8.0.33
24-Apr-2016 12:42:32.919 INFO [main] org.apache.catalina.startup.VersionLoggerListener.log Command line argument: -Djava.util.logging.config.file=C:\geoweb16\apache-tomcat-8.0.33\conf\logging.properties
24-Apr-2016 12:42:32.919 INFO [main] org.apache.catalina.startup.VersionLoggerListener.log Command line argument: -Djava.util.logging.manager=org.apache.juli.ClassLoaderLogManager
24-Apr-2016 12:42:32.919 INFO [main] org.apache.catalina.startup.VersionLoggerListener.log Command line argument: -Djava.endorsed.dirs=C:\geoweb16\apache-tomcat-8.0.33\endorsed
24-Apr-2016 12:42:32.920 INFO [main] org.apache.catalina.startup.VersionLoggerListener.log Command line argument: -Dcatalina.base=C:\geoweb16\apache-tomcat-8.0.33
24-Apr-2016 12:42:32.920 INFO [main] org.apache.catalina.startup.VersionLoggerListener.log Command line argument: -Dcatalina.home=C:\geoweb16\apache-tomcat-8.0.33
24-Apr-2016 12:42:32.920 INFO [main] org.apache.catalina.startup.VersionLoggerListener.log Command line argument: -Djava.io.tmpdir=C:\geoweb16\apache-tomcat-8.0.33\temp
24-Apr-2016 12:42:32.921 INFO [main] org.apache.catalina.core.AprLifecycleListener.lifecycleEvent The APR based Apache Tomcat Native library which allows optimal performance in production environments was not found on the java.library.path: C:\Program Files (x86)\Java\jre1.8.0_77\bin;C:\WINDOWS\Sun\Java\bin;C:\WINDOWS\system32;C:\WINDOWS;C:\ProgramData\Oracle\Java\javapath;C:\Program Files (x86)\Intel\iCLS Client\;C:\Program Files\Intel\iCLS Client\;C:\Windows\system32;C:\Windows;C:\Windows\System32\Wbem;C:\Windows\System32\WindowsPowerShell\v1.0\;C:\Program Files\Intel\Intel(R) Management Engine Components\DAL;C:\Program Files\Intel\Intel(R) Management Engine Components\IPT;C:\Program Files (x86)\Intel\Intel(R) Management Engine Components\DAL;C:\Program Files (x86)\Intel\Intel(R) Management Engine Components\IPT;C:\Program Files (x86)\NVIDIA Corporation\PhysX\Common;C:\Program Files\Python\Scripts;C:\Program Files\Python;C:\WINDOWS\system32;C:\WINDOWS;C:\WINDOWS\System32\Wbem;C:\WINDOWS\System32\WindowsPowerShell\v1.0\;C:\Program Files (x86)\Common Files\Acronis\SnapAPI\;C:\Program Files\PostgreSQL\9.4\bin;C:\Program Files (x86)\Windows Kits\10\Windows Performance Toolkit\;C:\Users\robbr\.dnx\bin;C:\Program Files\Microsoft DNX\Dnvm\;C:\Program Files\Microsoft SQL Server\120\Tools\Binn\;C:\Program Files (x86)\Skype\Phone\;C:\Program Files\FME\;C:\Program Files\Microsoft SQL Server\130\Tools\Binn\;C:\Program Files\Git\cmd;C:\Program Files\Microsoft\Web Platform Installer\;C:\Program Files\Python;C:\Program Files\Python\Scripts;C:\Programs\PostgreSQL\9.4\bin;.
24-Apr-2016 12:42:33.114 INFO [main] org.apache.coyote.AbstractProtocol.init Initializing ProtocolHandler ["http-nio-8080"]
24-Apr-2016 12:42:33.180 INFO [main] org.apache.tomcat.util.net.NioSelectorPool.getSharedSelector Using a shared selector for servlet write/read
24-Apr-2016 12:42:33.183 INFO [main] org.apache.coyote.AbstractProtocol.init Initializing ProtocolHandler ["ajp-nio-8009"]
24-Apr-2016 12:42:33.185 INFO [main] org.apache.tomcat.util.net.NioSelectorPool.getSharedSelector Using a shared selector for servlet write/read
24-Apr-2016 12:42:33.186 INFO [main] org.apache.catalina.startup.Catalina.load Initialization processed in 636 ms
24-Apr-2016 12:42:33.215 INFO [main] org.apache.catalina.core.StandardService.startInternal Starting service Catalina
24-Apr-2016 12:42:33.216 INFO [main] org.apache.catalina.core.StandardEngine.startInternal Starting Servlet Engine: Apache Tomcat/8.0.33
24-Apr-2016 12:42:33.244 INFO [localhost-startStop-1] org.apache.catalina.startup.HostConfig.deployWAR Deploying web application archive C:\geoweb16\apache-tomcat-8.0.33\webapps\geoserver.war
24-Apr-2016 12:42:43.464 INFO [localhost-startStop-1] org.apache.jasper.servlet.TldScanner.scanJars At least one JAR was scanned for TLDs yet contained no TLDs. Enable debug logging for this logger for a complete list of JARs that were scanned but no TLDs were found in them. Skipping unneeded JARs during scanning can improve startup time and JSP compilation time.
24-Apr-2016 12:42:44.750 WARNING [localhost-startStop-1] org.geoserver.platform.GeoServerExtensions.checkContext Extension lookup 'XStreamPersisterInitializer', but ApplicationContext is unset.
24-Apr-2016 12:42:44.751 WARNING [localhost-startStop-1] org.geoserver.platform.GeoServerExtensions.checkContext Extension lookup 'ExtensionFilter', but ApplicationContext is unset.
24-Apr-2016 12:42:44.755 WARNING [localhost-startStop-1] org.geoserver.platform.GeoServerExtensions.checkContext Extension lookup 'ExtensionProvider', but ApplicationContext is unset.
24-Apr-2016 12:42:44.755 WARNING [localhost-startStop-1] org.geoserver.platform.GeoServerExtensions.checkContext Extension lookup 'ExtensionFilter', but ApplicationContext is unset.
24-Apr-2016 12:42:46.263 WARNING [localhost-startStop-1] org.geoserver.platform.GeoServerExtensions.checkContext Extension lookup 'GeoServerSecurityProvider', but ApplicationContext is unset.
24-Apr-2016 12:42:46.264 WARNING [localhost-startStop-1] org.geoserver.platform.GeoServerExtensions.checkContext Extension lookup 'ExtensionFilter', but ApplicationContext is unset.
24-Apr-2016 12:42:46.266 WARNING [localhost-startStop-1] org.geoserver.platform.GeoServerExtensions.checkContext Extension lookup 'ExtensionProvider', but ApplicationContext is unset.
24-Apr-2016 12:42:46.267 WARNING [localhost-startStop-1] org.geoserver.platform.GeoServerExtensions.checkContext Extension lookup 'ExtensionFilter', but ApplicationContext is unset.
24-Apr-2016 12:42:56.232 INFO [localhost-startStop-1] org.apache.catalina.startup.HostConfig.deployWAR Deployment of web application archive C:\geoweb16\apache-tomcat-8.0.33\webapps\geoserver.war has finished in 22,987 ms
24-Apr-2016 12:42:56.234 INFO [localhost-startStop-1] org.apache.catalina.startup.HostConfig.deployDirectory Deploying web application directory C:\geoweb16\apache-tomcat-8.0.33\webapps\docs
24-Apr-2016 12:42:56.253 INFO [localhost-startStop-1] org.apache.catalina.startup.HostConfig.deployDirectory Deployment of web application directory C:\geoweb16\apache-tomcat-8.0.33\webapps\docs has finished in 19 ms
24-Apr-2016 12:42:56.256 INFO [localhost-startStop-1] org.apache.catalina.startup.HostConfig.deployDirectory Deploying web application directory C:\geoweb16\apache-tomcat-8.0.33\webapps\examples
24-Apr-2016 12:42:56.560 INFO [localhost-startStop-1] org.apache.catalina.startup.HostConfig.deployDirectory Deployment of web application directory C:\geoweb16\apache-tomcat-8.0.33\webapps\examples has finished in 304 ms
24-Apr-2016 12:42:56.563 INFO [localhost-startStop-1] org.apache.catalina.startup.HostConfig.deployDirectory Deploying web application directory C:\geoweb16\apache-tomcat-8.0.33\webapps\geoclient
24-Apr-2016 12:42:56.578 INFO [localhost-startStop-1] org.apache.catalina.startup.HostConfig.deployDirectory Deployment of web application directory C:\geoweb16\apache-tomcat-8.0.33\webapps\geoclient has finished in 15 ms
24-Apr-2016 12:42:56.579 INFO [localhost-startStop-1] org.apache.catalina.startup.HostConfig.deployDirectory Deploying web application directory C:\geoweb16\apache-tomcat-8.0.33\webapps\host-manager
24-Apr-2016 12:42:56.601 INFO [localhost-startStop-1] org.apache.catalina.startup.HostConfig.deployDirectory Deployment of web application directory C:\geoweb16\apache-tomcat-8.0.33\webapps\host-manager has finished in 22 ms
24-Apr-2016 12:42:56.603 INFO [localhost-startStop-1] org.apache.catalina.startup.HostConfig.deployDirectory Deploying web application directory C:\geoweb16\apache-tomcat-8.0.33\webapps\manager
24-Apr-2016 12:42:56.623 INFO [localhost-startStop-1] org.apache.catalina.startup.HostConfig.deployDirectory Deployment of web application directory C:\geoweb16\apache-tomcat-8.0.33\webapps\manager has finished in 20 ms
24-Apr-2016 12:42:56.624 INFO [localhost-startStop-1] org.apache.catalina.startup.HostConfig.deployDirectory Deploying web application directory C:\geoweb16\apache-tomcat-8.0.33\webapps\ROOT
24-Apr-2016 12:42:56.640 INFO [localhost-startStop-1] org.apache.catalina.startup.HostConfig.deployDirectory Deployment of web application directory C:\geoweb16\apache-tomcat-8.0.33\webapps\ROOT has finished in 16 ms
24-Apr-2016 12:42:56.641 INFO [localhost-startStop-1] org.apache.catalina.startup.HostConfig.deployDirectory Deploying web application directory C:\geoweb16\apache-tomcat-8.0.33\webapps\target
24-Apr-2016 12:42:56.655 INFO [localhost-startStop-1] org.apache.catalina.startup.HostConfig.deployDirectory Deployment of web application directory C:\geoweb16\apache-tomcat-8.0.33\webapps\target has finished in 14 ms
24-Apr-2016 12:42:56.660 INFO [main] org.apache.coyote.AbstractProtocol.start Starting ProtocolHandler ["http-nio-8080"]
24-Apr-2016 12:42:56.668 INFO [main] org.apache.coyote.AbstractProtocol.start Starting ProtocolHandler ["ajp-nio-8009"]
24-Apr-2016 12:42:56.670 INFO [main] org.apache.catalina.startup.Catalina.start Server startup in 23483 ms
