02-Jun-2016 09:35:02.629 INFO [main] org.apache.catalina.startup.VersionLoggerListener.log Server version:        Apache Tomcat/8.0.33
02-Jun-2016 09:35:02.629 INFO [main] org.apache.catalina.startup.VersionLoggerListener.log Server built:          Mar 18 2016 20:31:49 UTC
02-Jun-2016 09:35:02.629 INFO [main] org.apache.catalina.startup.VersionLoggerListener.log Server number:         8.0.33.0
02-Jun-2016 09:35:02.629 INFO [main] org.apache.catalina.startup.VersionLoggerListener.log OS Name:               Windows 7
02-Jun-2016 09:35:02.629 INFO [main] org.apache.catalina.startup.VersionLoggerListener.log OS Version:            6.1
02-Jun-2016 09:35:02.629 INFO [main] org.apache.catalina.startup.VersionLoggerListener.log Architecture:          x86
02-Jun-2016 09:35:02.629 INFO [main] org.apache.catalina.startup.VersionLoggerListener.log Java Home:             C:\Program Files (x86)\Java\jre7
02-Jun-2016 09:35:02.629 INFO [main] org.apache.catalina.startup.VersionLoggerListener.log JVM Version:           1.7.0_79-b15
02-Jun-2016 09:35:02.629 INFO [main] org.apache.catalina.startup.VersionLoggerListener.log JVM Vendor:            Oracle Corporation
02-Jun-2016 09:35:02.629 INFO [main] org.apache.catalina.startup.VersionLoggerListener.log CATALINA_BASE:         C:\Users\Bart\Dropbox\Synthesis Project\16. Geoweb\dashboard\dashboard_in_sight\geoweb16\apache-tomcat-8.0.33
02-Jun-2016 09:35:02.629 INFO [main] org.apache.catalina.startup.VersionLoggerListener.log CATALINA_HOME:         C:\Users\Bart\Dropbox\Synthesis Project\16. Geoweb\dashboard\dashboard_in_sight\geoweb16\apache-tomcat-8.0.33
02-Jun-2016 09:35:02.691 INFO [main] org.apache.catalina.startup.VersionLoggerListener.log Command line argument: -Djava.util.logging.config.file=C:\Users\Bart\Dropbox\Synthesis Project\16. Geoweb\dashboard\dashboard_in_sight\geoweb16\apache-tomcat-8.0.33\conf\logging.properties
02-Jun-2016 09:35:02.707 INFO [main] org.apache.catalina.startup.VersionLoggerListener.log Command line argument: -Djava.util.logging.manager=org.apache.juli.ClassLoaderLogManager
02-Jun-2016 09:35:02.707 INFO [main] org.apache.catalina.startup.VersionLoggerListener.log Command line argument: -Djava.endorsed.dirs=C:\Users\Bart\Dropbox\Synthesis Project\16. Geoweb\dashboard\dashboard_in_sight\geoweb16\apache-tomcat-8.0.33\endorsed
02-Jun-2016 09:35:02.707 INFO [main] org.apache.catalina.startup.VersionLoggerListener.log Command line argument: -Dcatalina.base=C:\Users\Bart\Dropbox\Synthesis Project\16. Geoweb\dashboard\dashboard_in_sight\geoweb16\apache-tomcat-8.0.33
02-Jun-2016 09:35:02.707 INFO [main] org.apache.catalina.startup.VersionLoggerListener.log Command line argument: -Dcatalina.home=C:\Users\Bart\Dropbox\Synthesis Project\16. Geoweb\dashboard\dashboard_in_sight\geoweb16\apache-tomcat-8.0.33
02-Jun-2016 09:35:02.707 INFO [main] org.apache.catalina.startup.VersionLoggerListener.log Command line argument: -Djava.io.tmpdir=C:\Users\Bart\Dropbox\Synthesis Project\16. Geoweb\dashboard\dashboard_in_sight\geoweb16\apache-tomcat-8.0.33\temp
02-Jun-2016 09:35:02.707 INFO [main] org.apache.catalina.core.AprLifecycleListener.lifecycleEvent The APR based Apache Tomcat Native library which allows optimal performance in production environments was not found on the java.library.path: C:\Program Files (x86)\Java\jre7\bin;C:\windows\Sun\Java\bin;C:\windows\system32;C:\windows;C:\Program Files\Common Files\Microsoft Shared\Windows Live;C:\Program Files (x86)\Common Files\Microsoft Shared\Windows Live;C:\Python27\;C:\Python27\Scripts;c:\Python27\;C:\Program Files (x86)\Skype\Phone\;C:\Program Files (x86)\Windows Live\Shared;C:\Program Files\PostgreSQL\9.4\bin;C:\Program Files\PostgreSQL\9.4\lib;C:\Program Files\Microsoft\Web Platform Installer\;C:\Program Files (x86)\Java\jre7\bin;.
02-Jun-2016 09:35:09.477 INFO [main] org.apache.coyote.AbstractProtocol.init Initializing ProtocolHandler ["http-nio-8080"]
02-Jun-2016 09:35:09.789 INFO [main] org.apache.tomcat.util.net.NioSelectorPool.getSharedSelector Using a shared selector for servlet write/read
02-Jun-2016 09:35:09.867 INFO [main] org.apache.coyote.AbstractProtocol.init Initializing ProtocolHandler ["ajp-nio-8009"]
02-Jun-2016 09:35:09.883 INFO [main] org.apache.tomcat.util.net.NioSelectorPool.getSharedSelector Using a shared selector for servlet write/read
02-Jun-2016 09:35:09.883 INFO [main] org.apache.catalina.startup.Catalina.load Initialization processed in 13591 ms
02-Jun-2016 09:35:10.210 INFO [main] org.apache.catalina.core.StandardService.startInternal Starting service Catalina
02-Jun-2016 09:35:10.210 INFO [main] org.apache.catalina.core.StandardEngine.startInternal Starting Servlet Engine: Apache Tomcat/8.0.33
02-Jun-2016 09:35:12.394 INFO [localhost-startStop-1] org.apache.catalina.startup.HostConfig.deployWAR Deploying web application archive C:\Users\Bart\Dropbox\Synthesis Project\16. Geoweb\dashboard\dashboard_in_sight\geoweb16\apache-tomcat-8.0.33\webapps\geoserver.war
02-Jun-2016 09:37:43.240 INFO [localhost-startStop-1] org.apache.jasper.servlet.TldScanner.scanJars At least one JAR was scanned for TLDs yet contained no TLDs. Enable debug logging for this logger for a complete list of JARs that were scanned but no TLDs were found in them. Skipping unneeded JARs during scanning can improve startup time and JSP compilation time.
02-Jun-2016 09:37:49.810 WARNING [localhost-startStop-1] org.geoserver.platform.GeoServerExtensions.checkContext Extension lookup 'XStreamPersisterInitializer', but ApplicationContext is unset.
02-Jun-2016 09:37:49.811 WARNING [localhost-startStop-1] org.geoserver.platform.GeoServerExtensions.checkContext Extension lookup 'ExtensionFilter', but ApplicationContext is unset.
02-Jun-2016 09:37:49.815 WARNING [localhost-startStop-1] org.geoserver.platform.GeoServerExtensions.checkContext Extension lookup 'ExtensionProvider', but ApplicationContext is unset.
02-Jun-2016 09:37:49.816 WARNING [localhost-startStop-1] org.geoserver.platform.GeoServerExtensions.checkContext Extension lookup 'ExtensionFilter', but ApplicationContext is unset.
02-Jun-2016 09:37:53.892 WARNING [localhost-startStop-1] org.geoserver.platform.GeoServerExtensions.checkContext Extension lookup 'GeoServerSecurityProvider', but ApplicationContext is unset.
02-Jun-2016 09:37:53.893 WARNING [localhost-startStop-1] org.geoserver.platform.GeoServerExtensions.checkContext Extension lookup 'ExtensionFilter', but ApplicationContext is unset.
02-Jun-2016 09:37:53.895 WARNING [localhost-startStop-1] org.geoserver.platform.GeoServerExtensions.checkContext Extension lookup 'ExtensionProvider', but ApplicationContext is unset.
02-Jun-2016 09:37:53.896 WARNING [localhost-startStop-1] org.geoserver.platform.GeoServerExtensions.checkContext Extension lookup 'ExtensionFilter', but ApplicationContext is unset.
02-Jun-2016 09:38:31.213 INFO [localhost-startStop-1] org.apache.catalina.startup.HostConfig.deployWAR Deployment of web application archive C:\Users\Bart\Dropbox\Synthesis Project\16. Geoweb\dashboard\dashboard_in_sight\geoweb16\apache-tomcat-8.0.33\webapps\geoserver.war has finished in 198,819 ms
02-Jun-2016 09:38:31.215 INFO [localhost-startStop-1] org.apache.catalina.startup.HostConfig.deployDirectory Deploying web application directory C:\Users\Bart\Dropbox\Synthesis Project\16. Geoweb\dashboard\dashboard_in_sight\geoweb16\apache-tomcat-8.0.33\webapps\docs
02-Jun-2016 09:38:31.282 INFO [localhost-startStop-1] org.apache.catalina.startup.HostConfig.deployDirectory Deployment of web application directory C:\Users\Bart\Dropbox\Synthesis Project\16. Geoweb\dashboard\dashboard_in_sight\geoweb16\apache-tomcat-8.0.33\webapps\docs has finished in 67 ms
02-Jun-2016 09:38:31.283 INFO [localhost-startStop-1] org.apache.catalina.startup.HostConfig.deployDirectory Deploying web application directory C:\Users\Bart\Dropbox\Synthesis Project\16. Geoweb\dashboard\dashboard_in_sight\geoweb16\apache-tomcat-8.0.33\webapps\examples
02-Jun-2016 09:38:48.065 INFO [localhost-startStop-1] org.apache.catalina.startup.HostConfig.deployDirectory Deployment of web application directory C:\Users\Bart\Dropbox\Synthesis Project\16. Geoweb\dashboard\dashboard_in_sight\geoweb16\apache-tomcat-8.0.33\webapps\examples has finished in 16,782 ms
02-Jun-2016 09:38:48.066 INFO [localhost-startStop-1] org.apache.catalina.startup.HostConfig.deployDirectory Deploying web application directory C:\Users\Bart\Dropbox\Synthesis Project\16. Geoweb\dashboard\dashboard_in_sight\geoweb16\apache-tomcat-8.0.33\webapps\host-manager
02-Jun-2016 09:38:48.615 INFO [localhost-startStop-1] org.apache.catalina.startup.HostConfig.deployDirectory Deployment of web application directory C:\Users\Bart\Dropbox\Synthesis Project\16. Geoweb\dashboard\dashboard_in_sight\geoweb16\apache-tomcat-8.0.33\webapps\host-manager has finished in 549 ms
02-Jun-2016 09:38:48.616 INFO [localhost-startStop-1] org.apache.catalina.startup.HostConfig.deployDirectory Deploying web application directory C:\Users\Bart\Dropbox\Synthesis Project\16. Geoweb\dashboard\dashboard_in_sight\geoweb16\apache-tomcat-8.0.33\webapps\in_sight
02-Jun-2016 09:38:48.643 INFO [localhost-startStop-1] org.apache.catalina.startup.HostConfig.deployDirectory Deployment of web application directory C:\Users\Bart\Dropbox\Synthesis Project\16. Geoweb\dashboard\dashboard_in_sight\geoweb16\apache-tomcat-8.0.33\webapps\in_sight has finished in 27 ms
02-Jun-2016 09:38:48.644 INFO [localhost-startStop-1] org.apache.catalina.startup.HostConfig.deployDirectory Deploying web application directory C:\Users\Bart\Dropbox\Synthesis Project\16. Geoweb\dashboard\dashboard_in_sight\geoweb16\apache-tomcat-8.0.33\webapps\manager
02-Jun-2016 09:38:49.062 INFO [localhost-startStop-1] org.apache.catalina.startup.HostConfig.deployDirectory Deployment of web application directory C:\Users\Bart\Dropbox\Synthesis Project\16. Geoweb\dashboard\dashboard_in_sight\geoweb16\apache-tomcat-8.0.33\webapps\manager has finished in 418 ms
02-Jun-2016 09:38:49.062 INFO [localhost-startStop-1] org.apache.catalina.startup.HostConfig.deployDirectory Deploying web application directory C:\Users\Bart\Dropbox\Synthesis Project\16. Geoweb\dashboard\dashboard_in_sight\geoweb16\apache-tomcat-8.0.33\webapps\ROOT
02-Jun-2016 09:38:49.112 INFO [localhost-startStop-1] org.apache.catalina.startup.HostConfig.deployDirectory Deployment of web application directory C:\Users\Bart\Dropbox\Synthesis Project\16. Geoweb\dashboard\dashboard_in_sight\geoweb16\apache-tomcat-8.0.33\webapps\ROOT has finished in 50 ms
02-Jun-2016 09:38:49.112 INFO [localhost-startStop-1] org.apache.catalina.startup.HostConfig.deployDirectory Deploying web application directory C:\Users\Bart\Dropbox\Synthesis Project\16. Geoweb\dashboard\dashboard_in_sight\geoweb16\apache-tomcat-8.0.33\webapps\target
02-Jun-2016 09:38:49.136 INFO [localhost-startStop-1] org.apache.catalina.startup.HostConfig.deployDirectory Deployment of web application directory C:\Users\Bart\Dropbox\Synthesis Project\16. Geoweb\dashboard\dashboard_in_sight\geoweb16\apache-tomcat-8.0.33\webapps\target has finished in 24 ms
02-Jun-2016 09:38:49.141 INFO [main] org.apache.coyote.AbstractProtocol.start Starting ProtocolHandler ["http-nio-8080"]
02-Jun-2016 09:38:49.150 INFO [main] org.apache.coyote.AbstractProtocol.start Starting ProtocolHandler ["ajp-nio-8009"]
02-Jun-2016 09:38:49.153 INFO [main] org.apache.catalina.startup.Catalina.start Server startup in 219265 ms
02-Jun-2016 11:18:26.239 INFO [main] org.apache.catalina.startup.VersionLoggerListener.log Server version:        Apache Tomcat/8.0.33
02-Jun-2016 11:18:26.241 INFO [main] org.apache.catalina.startup.VersionLoggerListener.log Server built:          Mar 18 2016 20:31:49 UTC
02-Jun-2016 11:18:26.241 INFO [main] org.apache.catalina.startup.VersionLoggerListener.log Server number:         8.0.33.0
02-Jun-2016 11:18:26.241 INFO [main] org.apache.catalina.startup.VersionLoggerListener.log OS Name:               Windows 7
02-Jun-2016 11:18:26.242 INFO [main] org.apache.catalina.startup.VersionLoggerListener.log OS Version:            6.1
02-Jun-2016 11:18:26.242 INFO [main] org.apache.catalina.startup.VersionLoggerListener.log Architecture:          x86
02-Jun-2016 11:18:26.242 INFO [main] org.apache.catalina.startup.VersionLoggerListener.log Java Home:             C:\Program Files (x86)\Java\jre7
02-Jun-2016 11:18:26.242 INFO [main] org.apache.catalina.startup.VersionLoggerListener.log JVM Version:           1.7.0_79-b15
02-Jun-2016 11:18:26.243 INFO [main] org.apache.catalina.startup.VersionLoggerListener.log JVM Vendor:            Oracle Corporation
02-Jun-2016 11:18:26.243 INFO [main] org.apache.catalina.startup.VersionLoggerListener.log CATALINA_BASE:         C:\Users\Bart\Dropbox\Synthesis Project\16. Geoweb\dashboard\dashboard_in_sight\geoweb16\apache-tomcat-8.0.33
02-Jun-2016 11:18:26.243 INFO [main] org.apache.catalina.startup.VersionLoggerListener.log CATALINA_HOME:         C:\Users\Bart\Dropbox\Synthesis Project\16. Geoweb\dashboard\dashboard_in_sight\geoweb16\apache-tomcat-8.0.33
02-Jun-2016 11:18:26.263 INFO [main] org.apache.catalina.startup.VersionLoggerListener.log Command line argument: -Djava.util.logging.config.file=C:\Users\Bart\Dropbox\Synthesis Project\16. Geoweb\dashboard\dashboard_in_sight\geoweb16\apache-tomcat-8.0.33\conf\logging.properties
02-Jun-2016 11:18:26.264 INFO [main] org.apache.catalina.startup.VersionLoggerListener.log Command line argument: -Djava.util.logging.manager=org.apache.juli.ClassLoaderLogManager
02-Jun-2016 11:18:26.264 INFO [main] org.apache.catalina.startup.VersionLoggerListener.log Command line argument: -Djava.endorsed.dirs=C:\Users\Bart\Dropbox\Synthesis Project\16. Geoweb\dashboard\dashboard_in_sight\geoweb16\apache-tomcat-8.0.33\endorsed
02-Jun-2016 11:18:26.265 INFO [main] org.apache.catalina.startup.VersionLoggerListener.log Command line argument: -Dcatalina.base=C:\Users\Bart\Dropbox\Synthesis Project\16. Geoweb\dashboard\dashboard_in_sight\geoweb16\apache-tomcat-8.0.33
02-Jun-2016 11:18:26.265 INFO [main] org.apache.catalina.startup.VersionLoggerListener.log Command line argument: -Dcatalina.home=C:\Users\Bart\Dropbox\Synthesis Project\16. Geoweb\dashboard\dashboard_in_sight\geoweb16\apache-tomcat-8.0.33
02-Jun-2016 11:18:26.266 INFO [main] org.apache.catalina.startup.VersionLoggerListener.log Command line argument: -Djava.io.tmpdir=C:\Users\Bart\Dropbox\Synthesis Project\16. Geoweb\dashboard\dashboard_in_sight\geoweb16\apache-tomcat-8.0.33\temp
02-Jun-2016 11:18:26.266 INFO [main] org.apache.catalina.core.AprLifecycleListener.lifecycleEvent The APR based Apache Tomcat Native library which allows optimal performance in production environments was not found on the java.library.path: C:\Program Files (x86)\Java\jre7\bin;C:\windows\Sun\Java\bin;C:\windows\system32;C:\windows;C:\Program Files\Common Files\Microsoft Shared\Windows Live;C:\Program Files (x86)\Common Files\Microsoft Shared\Windows Live;C:\Python27\;C:\Python27\Scripts;c:\Python27\;C:\Program Files (x86)\Skype\Phone\;C:\Program Files (x86)\Windows Live\Shared;C:\Program Files\PostgreSQL\9.4\bin;C:\Program Files\PostgreSQL\9.4\lib;C:\Program Files\Microsoft\Web Platform Installer\;C:\Program Files (x86)\Java\jre7\bin;.
02-Jun-2016 11:18:27.951 INFO [main] org.apache.coyote.AbstractProtocol.init Initializing ProtocolHandler ["http-nio-8080"]
02-Jun-2016 11:18:28.180 INFO [main] org.apache.tomcat.util.net.NioSelectorPool.getSharedSelector Using a shared selector for servlet write/read
02-Jun-2016 11:18:28.183 INFO [main] org.apache.coyote.AbstractProtocol.init Initializing ProtocolHandler ["ajp-nio-8009"]
02-Jun-2016 11:18:28.186 INFO [main] org.apache.tomcat.util.net.NioSelectorPool.getSharedSelector Using a shared selector for servlet write/read
02-Jun-2016 11:18:28.186 INFO [main] org.apache.catalina.startup.Catalina.load Initialization processed in 4030 ms
02-Jun-2016 11:18:28.346 INFO [main] org.apache.catalina.core.StandardService.startInternal Starting service Catalina
02-Jun-2016 11:18:28.346 INFO [main] org.apache.catalina.core.StandardEngine.startInternal Starting Servlet Engine: Apache Tomcat/8.0.33
02-Jun-2016 11:18:28.489 INFO [localhost-startStop-1] org.apache.catalina.startup.HostConfig.deployWAR Deploying web application archive C:\Users\Bart\Dropbox\Synthesis Project\16. Geoweb\dashboard\dashboard_in_sight\geoweb16\apache-tomcat-8.0.33\webapps\geoserver.war
02-Jun-2016 11:18:55.247 INFO [localhost-startStop-1] org.apache.jasper.servlet.TldScanner.scanJars At least one JAR was scanned for TLDs yet contained no TLDs. Enable debug logging for this logger for a complete list of JARs that were scanned but no TLDs were found in them. Skipping unneeded JARs during scanning can improve startup time and JSP compilation time.
02-Jun-2016 11:18:58.220 WARNING [localhost-startStop-1] org.geoserver.platform.GeoServerExtensions.checkContext Extension lookup 'XStreamPersisterInitializer', but ApplicationContext is unset.
02-Jun-2016 11:18:58.221 WARNING [localhost-startStop-1] org.geoserver.platform.GeoServerExtensions.checkContext Extension lookup 'ExtensionFilter', but ApplicationContext is unset.
02-Jun-2016 11:18:58.225 WARNING [localhost-startStop-1] org.geoserver.platform.GeoServerExtensions.checkContext Extension lookup 'ExtensionProvider', but ApplicationContext is unset.
02-Jun-2016 11:18:58.226 WARNING [localhost-startStop-1] org.geoserver.platform.GeoServerExtensions.checkContext Extension lookup 'ExtensionFilter', but ApplicationContext is unset.
02-Jun-2016 11:19:00.415 WARNING [localhost-startStop-1] org.geoserver.platform.GeoServerExtensions.checkContext Extension lookup 'GeoServerSecurityProvider', but ApplicationContext is unset.
02-Jun-2016 11:19:00.415 WARNING [localhost-startStop-1] org.geoserver.platform.GeoServerExtensions.checkContext Extension lookup 'ExtensionFilter', but ApplicationContext is unset.
02-Jun-2016 11:19:00.416 WARNING [localhost-startStop-1] org.geoserver.platform.GeoServerExtensions.checkContext Extension lookup 'ExtensionProvider', but ApplicationContext is unset.
02-Jun-2016 11:19:00.416 WARNING [localhost-startStop-1] org.geoserver.platform.GeoServerExtensions.checkContext Extension lookup 'ExtensionFilter', but ApplicationContext is unset.
02-Jun-2016 11:19:28.001 INFO [localhost-startStop-1] org.apache.catalina.startup.HostConfig.deployWAR Deployment of web application archive C:\Users\Bart\Dropbox\Synthesis Project\16. Geoweb\dashboard\dashboard_in_sight\geoweb16\apache-tomcat-8.0.33\webapps\geoserver.war has finished in 59,512 ms
02-Jun-2016 11:19:28.002 INFO [localhost-startStop-1] org.apache.catalina.startup.HostConfig.deployDirectory Deploying web application directory C:\Users\Bart\Dropbox\Synthesis Project\16. Geoweb\dashboard\dashboard_in_sight\geoweb16\apache-tomcat-8.0.33\webapps\docs
02-Jun-2016 11:19:28.037 INFO [localhost-startStop-1] org.apache.catalina.startup.HostConfig.deployDirectory Deployment of web application directory C:\Users\Bart\Dropbox\Synthesis Project\16. Geoweb\dashboard\dashboard_in_sight\geoweb16\apache-tomcat-8.0.33\webapps\docs has finished in 35 ms
02-Jun-2016 11:19:28.037 INFO [localhost-startStop-1] org.apache.catalina.startup.HostConfig.deployDirectory Deploying web application directory C:\Users\Bart\Dropbox\Synthesis Project\16. Geoweb\dashboard\dashboard_in_sight\geoweb16\apache-tomcat-8.0.33\webapps\examples
02-Jun-2016 11:19:30.461 INFO [localhost-startStop-1] org.apache.catalina.startup.HostConfig.deployDirectory Deployment of web application directory C:\Users\Bart\Dropbox\Synthesis Project\16. Geoweb\dashboard\dashboard_in_sight\geoweb16\apache-tomcat-8.0.33\webapps\examples has finished in 2,424 ms
02-Jun-2016 11:19:30.461 INFO [localhost-startStop-1] org.apache.catalina.startup.HostConfig.deployDirectory Deploying web application directory C:\Users\Bart\Dropbox\Synthesis Project\16. Geoweb\dashboard\dashboard_in_sight\geoweb16\apache-tomcat-8.0.33\webapps\host-manager
02-Jun-2016 11:19:30.564 INFO [localhost-startStop-1] org.apache.catalina.startup.HostConfig.deployDirectory Deployment of web application directory C:\Users\Bart\Dropbox\Synthesis Project\16. Geoweb\dashboard\dashboard_in_sight\geoweb16\apache-tomcat-8.0.33\webapps\host-manager has finished in 103 ms
02-Jun-2016 11:19:30.564 INFO [localhost-startStop-1] org.apache.catalina.startup.HostConfig.deployDirectory Deploying web application directory C:\Users\Bart\Dropbox\Synthesis Project\16. Geoweb\dashboard\dashboard_in_sight\geoweb16\apache-tomcat-8.0.33\webapps\in_sight
02-Jun-2016 11:19:30.580 INFO [localhost-startStop-1] org.apache.catalina.startup.HostConfig.deployDirectory Deployment of web application directory C:\Users\Bart\Dropbox\Synthesis Project\16. Geoweb\dashboard\dashboard_in_sight\geoweb16\apache-tomcat-8.0.33\webapps\in_sight has finished in 16 ms
02-Jun-2016 11:19:30.595 INFO [localhost-startStop-1] org.apache.catalina.startup.HostConfig.deployDirectory Deploying web application directory C:\Users\Bart\Dropbox\Synthesis Project\16. Geoweb\dashboard\dashboard_in_sight\geoweb16\apache-tomcat-8.0.33\webapps\manager
02-Jun-2016 11:19:30.695 INFO [localhost-startStop-1] org.apache.catalina.startup.HostConfig.deployDirectory Deployment of web application directory C:\Users\Bart\Dropbox\Synthesis Project\16. Geoweb\dashboard\dashboard_in_sight\geoweb16\apache-tomcat-8.0.33\webapps\manager has finished in 100 ms
02-Jun-2016 11:19:30.696 INFO [localhost-startStop-1] org.apache.catalina.startup.HostConfig.deployDirectory Deploying web application directory C:\Users\Bart\Dropbox\Synthesis Project\16. Geoweb\dashboard\dashboard_in_sight\geoweb16\apache-tomcat-8.0.33\webapps\ROOT
02-Jun-2016 11:19:30.743 INFO [localhost-startStop-1] org.apache.catalina.startup.HostConfig.deployDirectory Deployment of web application directory C:\Users\Bart\Dropbox\Synthesis Project\16. Geoweb\dashboard\dashboard_in_sight\geoweb16\apache-tomcat-8.0.33\webapps\ROOT has finished in 47 ms
02-Jun-2016 11:19:30.743 INFO [localhost-startStop-1] org.apache.catalina.startup.HostConfig.deployDirectory Deploying web application directory C:\Users\Bart\Dropbox\Synthesis Project\16. Geoweb\dashboard\dashboard_in_sight\geoweb16\apache-tomcat-8.0.33\webapps\target
02-Jun-2016 11:19:30.774 INFO [localhost-startStop-1] org.apache.catalina.startup.HostConfig.deployDirectory Deployment of web application directory C:\Users\Bart\Dropbox\Synthesis Project\16. Geoweb\dashboard\dashboard_in_sight\geoweb16\apache-tomcat-8.0.33\webapps\target has finished in 31 ms
02-Jun-2016 11:19:30.780 INFO [main] org.apache.coyote.AbstractProtocol.start Starting ProtocolHandler ["http-nio-8080"]
02-Jun-2016 11:19:30.788 INFO [main] org.apache.coyote.AbstractProtocol.start Starting ProtocolHandler ["ajp-nio-8009"]
02-Jun-2016 11:19:30.791 INFO [main] org.apache.catalina.startup.Catalina.start Server startup in 62603 ms
02-Jun-2016 11:36:04.589 INFO [main] org.apache.catalina.startup.VersionLoggerListener.log Server version:        Apache Tomcat/8.0.33
02-Jun-2016 11:36:04.590 INFO [main] org.apache.catalina.startup.VersionLoggerListener.log Server built:          Mar 18 2016 20:31:49 UTC
02-Jun-2016 11:36:04.591 INFO [main] org.apache.catalina.startup.VersionLoggerListener.log Server number:         8.0.33.0
02-Jun-2016 11:36:04.591 INFO [main] org.apache.catalina.startup.VersionLoggerListener.log OS Name:               Windows 7
02-Jun-2016 11:36:04.591 INFO [main] org.apache.catalina.startup.VersionLoggerListener.log OS Version:            6.1
02-Jun-2016 11:36:04.591 INFO [main] org.apache.catalina.startup.VersionLoggerListener.log Architecture:          x86
02-Jun-2016 11:36:04.592 INFO [main] org.apache.catalina.startup.VersionLoggerListener.log Java Home:             C:\Program Files (x86)\Java\jre7
02-Jun-2016 11:36:04.592 INFO [main] org.apache.catalina.startup.VersionLoggerListener.log JVM Version:           1.7.0_79-b15
02-Jun-2016 11:36:04.592 INFO [main] org.apache.catalina.startup.VersionLoggerListener.log JVM Vendor:            Oracle Corporation
02-Jun-2016 11:36:04.592 INFO [main] org.apache.catalina.startup.VersionLoggerListener.log CATALINA_BASE:         C:\Users\Bart\Dropbox\Synthesis Project\16. Geoweb\dashboard\dashboard_in_sight\geoweb16\apache-tomcat-8.0.33
02-Jun-2016 11:36:04.593 INFO [main] org.apache.catalina.startup.VersionLoggerListener.log CATALINA_HOME:         C:\Users\Bart\Dropbox\Synthesis Project\16. Geoweb\dashboard\dashboard_in_sight\geoweb16\apache-tomcat-8.0.33
02-Jun-2016 11:36:04.593 INFO [main] org.apache.catalina.startup.VersionLoggerListener.log Command line argument: -Djava.util.logging.config.file=C:\Users\Bart\Dropbox\Synthesis Project\16. Geoweb\dashboard\dashboard_in_sight\geoweb16\apache-tomcat-8.0.33\conf\logging.properties
02-Jun-2016 11:36:04.593 INFO [main] org.apache.catalina.startup.VersionLoggerListener.log Command line argument: -Djava.util.logging.manager=org.apache.juli.ClassLoaderLogManager
02-Jun-2016 11:36:04.594 INFO [main] org.apache.catalina.startup.VersionLoggerListener.log Command line argument: -Djava.endorsed.dirs=C:\Users\Bart\Dropbox\Synthesis Project\16. Geoweb\dashboard\dashboard_in_sight\geoweb16\apache-tomcat-8.0.33\endorsed
02-Jun-2016 11:36:04.595 INFO [main] org.apache.catalina.startup.VersionLoggerListener.log Command line argument: -Dcatalina.base=C:\Users\Bart\Dropbox\Synthesis Project\16. Geoweb\dashboard\dashboard_in_sight\geoweb16\apache-tomcat-8.0.33
02-Jun-2016 11:36:04.595 INFO [main] org.apache.catalina.startup.VersionLoggerListener.log Command line argument: -Dcatalina.home=C:\Users\Bart\Dropbox\Synthesis Project\16. Geoweb\dashboard\dashboard_in_sight\geoweb16\apache-tomcat-8.0.33
02-Jun-2016 11:36:04.596 INFO [main] org.apache.catalina.startup.VersionLoggerListener.log Command line argument: -Djava.io.tmpdir=C:\Users\Bart\Dropbox\Synthesis Project\16. Geoweb\dashboard\dashboard_in_sight\geoweb16\apache-tomcat-8.0.33\temp
02-Jun-2016 11:36:04.596 INFO [main] org.apache.catalina.core.AprLifecycleListener.lifecycleEvent The APR based Apache Tomcat Native library which allows optimal performance in production environments was not found on the java.library.path: C:\Program Files (x86)\Java\jre7\bin;C:\windows\Sun\Java\bin;C:\windows\system32;C:\windows;C:\Program Files\Common Files\Microsoft Shared\Windows Live;C:\Program Files (x86)\Common Files\Microsoft Shared\Windows Live;C:\Python27\;C:\Python27\Scripts;c:\Python27\;C:\Program Files (x86)\Skype\Phone\;C:\Program Files (x86)\Windows Live\Shared;C:\Program Files\PostgreSQL\9.4\bin;C:\Program Files\PostgreSQL\9.4\lib;C:\Program Files\Microsoft\Web Platform Installer\;C:\Program Files (x86)\Java\jre7\bin;.
02-Jun-2016 11:36:04.758 INFO [main] org.apache.coyote.AbstractProtocol.init Initializing ProtocolHandler ["http-nio-8080"]
02-Jun-2016 11:36:04.787 INFO [main] org.apache.tomcat.util.net.NioSelectorPool.getSharedSelector Using a shared selector for servlet write/read
02-Jun-2016 11:36:04.790 INFO [main] org.apache.coyote.AbstractProtocol.init Initializing ProtocolHandler ["ajp-nio-8009"]
02-Jun-2016 11:36:04.792 INFO [main] org.apache.tomcat.util.net.NioSelectorPool.getSharedSelector Using a shared selector for servlet write/read
02-Jun-2016 11:36:04.793 INFO [main] org.apache.catalina.startup.Catalina.load Initialization processed in 521 ms
02-Jun-2016 11:36:04.814 INFO [main] org.apache.catalina.core.StandardService.startInternal Starting service Catalina
02-Jun-2016 11:36:04.814 INFO [main] org.apache.catalina.core.StandardEngine.startInternal Starting Servlet Engine: Apache Tomcat/8.0.33
02-Jun-2016 11:36:04.868 INFO [localhost-startStop-1] org.apache.catalina.startup.HostConfig.deployWAR Deploying web application archive C:\Users\Bart\Dropbox\Synthesis Project\16. Geoweb\dashboard\dashboard_in_sight\geoweb16\apache-tomcat-8.0.33\webapps\geoserver.war
02-Jun-2016 11:36:18.838 INFO [localhost-startStop-1] org.apache.jasper.servlet.TldScanner.scanJars At least one JAR was scanned for TLDs yet contained no TLDs. Enable debug logging for this logger for a complete list of JARs that were scanned but no TLDs were found in them. Skipping unneeded JARs during scanning can improve startup time and JSP compilation time.
02-Jun-2016 11:36:20.640 WARNING [localhost-startStop-1] org.geoserver.platform.GeoServerExtensions.checkContext Extension lookup 'XStreamPersisterInitializer', but ApplicationContext is unset.
02-Jun-2016 11:36:20.642 WARNING [localhost-startStop-1] org.geoserver.platform.GeoServerExtensions.checkContext Extension lookup 'ExtensionFilter', but ApplicationContext is unset.
02-Jun-2016 11:36:20.646 WARNING [localhost-startStop-1] org.geoserver.platform.GeoServerExtensions.checkContext Extension lookup 'ExtensionProvider', but ApplicationContext is unset.
02-Jun-2016 11:36:20.646 WARNING [localhost-startStop-1] org.geoserver.platform.GeoServerExtensions.checkContext Extension lookup 'ExtensionFilter', but ApplicationContext is unset.
02-Jun-2016 11:36:22.708 WARNING [localhost-startStop-1] org.geoserver.platform.GeoServerExtensions.checkContext Extension lookup 'GeoServerSecurityProvider', but ApplicationContext is unset.
02-Jun-2016 11:36:22.709 WARNING [localhost-startStop-1] org.geoserver.platform.GeoServerExtensions.checkContext Extension lookup 'ExtensionFilter', but ApplicationContext is unset.
02-Jun-2016 11:36:22.710 WARNING [localhost-startStop-1] org.geoserver.platform.GeoServerExtensions.checkContext Extension lookup 'ExtensionProvider', but ApplicationContext is unset.
02-Jun-2016 11:36:22.710 WARNING [localhost-startStop-1] org.geoserver.platform.GeoServerExtensions.checkContext Extension lookup 'ExtensionFilter', but ApplicationContext is unset.
02-Jun-2016 11:36:47.173 INFO [localhost-startStop-1] org.apache.catalina.startup.HostConfig.deployWAR Deployment of web application archive C:\Users\Bart\Dropbox\Synthesis Project\16. Geoweb\dashboard\dashboard_in_sight\geoweb16\apache-tomcat-8.0.33\webapps\geoserver.war has finished in 42,305 ms
02-Jun-2016 11:36:47.174 INFO [localhost-startStop-1] org.apache.catalina.startup.HostConfig.deployDirectory Deploying web application directory C:\Users\Bart\Dropbox\Synthesis Project\16. Geoweb\dashboard\dashboard_in_sight\geoweb16\apache-tomcat-8.0.33\webapps\docs
02-Jun-2016 11:36:47.195 INFO [localhost-startStop-1] org.apache.catalina.startup.HostConfig.deployDirectory Deployment of web application directory C:\Users\Bart\Dropbox\Synthesis Project\16. Geoweb\dashboard\dashboard_in_sight\geoweb16\apache-tomcat-8.0.33\webapps\docs has finished in 20 ms
02-Jun-2016 11:36:47.195 INFO [localhost-startStop-1] org.apache.catalina.startup.HostConfig.deployDirectory Deploying web application directory C:\Users\Bart\Dropbox\Synthesis Project\16. Geoweb\dashboard\dashboard_in_sight\geoweb16\apache-tomcat-8.0.33\webapps\examples
02-Jun-2016 11:36:47.496 INFO [localhost-startStop-1] org.apache.catalina.startup.HostConfig.deployDirectory Deployment of web application directory C:\Users\Bart\Dropbox\Synthesis Project\16. Geoweb\dashboard\dashboard_in_sight\geoweb16\apache-tomcat-8.0.33\webapps\examples has finished in 301 ms
02-Jun-2016 11:36:47.496 INFO [localhost-startStop-1] org.apache.catalina.startup.HostConfig.deployDirectory Deploying web application directory C:\Users\Bart\Dropbox\Synthesis Project\16. Geoweb\dashboard\dashboard_in_sight\geoweb16\apache-tomcat-8.0.33\webapps\host-manager
02-Jun-2016 11:36:47.524 INFO [localhost-startStop-1] org.apache.catalina.startup.HostConfig.deployDirectory Deployment of web application directory C:\Users\Bart\Dropbox\Synthesis Project\16. Geoweb\dashboard\dashboard_in_sight\geoweb16\apache-tomcat-8.0.33\webapps\host-manager has finished in 28 ms
02-Jun-2016 11:36:47.524 INFO [localhost-startStop-1] org.apache.catalina.startup.HostConfig.deployDirectory Deploying web application directory C:\Users\Bart\Dropbox\Synthesis Project\16. Geoweb\dashboard\dashboard_in_sight\geoweb16\apache-tomcat-8.0.33\webapps\in_sight
02-Jun-2016 11:36:47.540 INFO [localhost-startStop-1] org.apache.catalina.startup.HostConfig.deployDirectory Deployment of web application directory C:\Users\Bart\Dropbox\Synthesis Project\16. Geoweb\dashboard\dashboard_in_sight\geoweb16\apache-tomcat-8.0.33\webapps\in_sight has finished in 16 ms
02-Jun-2016 11:36:47.541 INFO [localhost-startStop-1] org.apache.catalina.startup.HostConfig.deployDirectory Deploying web application directory C:\Users\Bart\Dropbox\Synthesis Project\16. Geoweb\dashboard\dashboard_in_sight\geoweb16\apache-tomcat-8.0.33\webapps\manager
02-Jun-2016 11:36:47.564 INFO [localhost-startStop-1] org.apache.catalina.startup.HostConfig.deployDirectory Deployment of web application directory C:\Users\Bart\Dropbox\Synthesis Project\16. Geoweb\dashboard\dashboard_in_sight\geoweb16\apache-tomcat-8.0.33\webapps\manager has finished in 23 ms
02-Jun-2016 11:36:47.565 INFO [localhost-startStop-1] org.apache.catalina.startup.HostConfig.deployDirectory Deploying web application directory C:\Users\Bart\Dropbox\Synthesis Project\16. Geoweb\dashboard\dashboard_in_sight\geoweb16\apache-tomcat-8.0.33\webapps\ROOT
02-Jun-2016 11:36:47.581 INFO [localhost-startStop-1] org.apache.catalina.startup.HostConfig.deployDirectory Deployment of web application directory C:\Users\Bart\Dropbox\Synthesis Project\16. Geoweb\dashboard\dashboard_in_sight\geoweb16\apache-tomcat-8.0.33\webapps\ROOT has finished in 16 ms
02-Jun-2016 11:36:47.582 INFO [localhost-startStop-1] org.apache.catalina.startup.HostConfig.deployDirectory Deploying web application directory C:\Users\Bart\Dropbox\Synthesis Project\16. Geoweb\dashboard\dashboard_in_sight\geoweb16\apache-tomcat-8.0.33\webapps\target
02-Jun-2016 11:36:47.598 INFO [localhost-startStop-1] org.apache.catalina.startup.HostConfig.deployDirectory Deployment of web application directory C:\Users\Bart\Dropbox\Synthesis Project\16. Geoweb\dashboard\dashboard_in_sight\geoweb16\apache-tomcat-8.0.33\webapps\target has finished in 16 ms
02-Jun-2016 11:36:47.604 INFO [main] org.apache.coyote.AbstractProtocol.start Starting ProtocolHandler ["http-nio-8080"]
02-Jun-2016 11:36:47.612 INFO [main] org.apache.coyote.AbstractProtocol.start Starting ProtocolHandler ["ajp-nio-8009"]
02-Jun-2016 11:36:47.615 INFO [main] org.apache.catalina.startup.Catalina.start Server startup in 42821 ms
02-Jun-2016 11:43:28.605 INFO [ContainerBackgroundProcessor[StandardEngine[Catalina]]] org.apache.catalina.startup.HostConfig.undeploy Undeploying context [/examples]
