02-Jun-2016 09:35:02.629 INFO [main] org.apache.catalina.startup.VersionLoggerListener.log Server version:        Apache Tomcat/8.0.33
02-Jun-2016 09:35:02.629 INFO [main] org.apache.catalina.startup.VersionLoggerListener.log Server built:          Mar 18 2016 20:31:49 UTC
02-Jun-2016 09:35:02.629 INFO [main] org.apache.catalina.startup.VersionLoggerListener.log Server number:         8.0.33.0
02-Jun-2016 09:35:02.629 INFO [main] org.apache.catalina.startup.VersionLoggerListener.log OS Name:               Windows 7
02-Jun-2016 09:35:02.629 INFO [main] org.apache.catalina.startup.VersionLoggerListener.log OS Version:            6.1
02-Jun-2016 09:35:02.629 INFO [main] org.apache.catalina.startup.VersionLoggerListener.log Architecture:          x86
02-Jun-2016 09:35:02.629 INFO [main] org.apache.catalina.startup.VersionLoggerListener.log Java Home:             C:\Program Files (x86)\Java\jre7
02-Jun-2016 09:35:02.629 INFO [main] org.apache.catalina.startup.VersionLoggerListener.log JVM Version:           1.7.0_79-b15
02-Jun-2016 09:35:02.629 INFO [main] org.apache.catalina.startup.VersionLoggerListener.log JVM Vendor:            Oracle Corporation
02-Jun-2016 09:35:02.629 INFO [main] org.apache.catalina.startup.VersionLoggerListener.log CATALINA_BASE:         C:\Users\Bart\Dropbox\Synthesis Project\16. Geoweb\dashboard\dashboard_in_sight\geoweb16\apache-tomcat-8.0.33
02-Jun-2016 09:35:02.629 INFO [main] org.apache.catalina.startup.VersionLoggerListener.log CATALINA_HOME:         C:\Users\Bart\Dropbox\Synthesis Project\16. Geoweb\dashboard\dashboard_in_sight\geoweb16\apache-tomcat-8.0.33
02-Jun-2016 09:35:02.691 INFO [main] org.apache.catalina.startup.VersionLoggerListener.log Command line argument: -Djava.util.logging.config.file=C:\Users\Bart\Dropbox\Synthesis Project\16. Geoweb\dashboard\dashboard_in_sight\geoweb16\apache-tomcat-8.0.33\conf\logging.properties
02-Jun-2016 09:35:02.707 INFO [main] org.apache.catalina.startup.VersionLoggerListener.log Command line argument: -Djava.util.logging.manager=org.apache.juli.ClassLoaderLogManager
02-Jun-2016 09:35:02.707 INFO [main] org.apache.catalina.startup.VersionLoggerListener.log Command line argument: -Djava.endorsed.dirs=C:\Users\Bart\Dropbox\Synthesis Project\16. Geoweb\dashboard\dashboard_in_sight\geoweb16\apache-tomcat-8.0.33\endorsed
02-Jun-2016 09:35:02.707 INFO [main] org.apache.catalina.startup.VersionLoggerListener.log Command line argument: -Dcatalina.base=C:\Users\Bart\Dropbox\Synthesis Project\16. Geoweb\dashboard\dashboard_in_sight\geoweb16\apache-tomcat-8.0.33
02-Jun-2016 09:35:02.707 INFO [main] org.apache.catalina.startup.VersionLoggerListener.log Command line argument: -Dcatalina.home=C:\Users\Bart\Dropbox\Synthesis Project\16. Geoweb\dashboard\dashboard_in_sight\geoweb16\apache-tomcat-8.0.33
02-Jun-2016 09:35:02.707 INFO [main] org.apache.catalina.startup.VersionLoggerListener.log Command line argument: -Djava.io.tmpdir=C:\Users\Bart\Dropbox\Synthesis Project\16. Geoweb\dashboard\dashboard_in_sight\geoweb16\apache-tomcat-8.0.33\temp
02-Jun-2016 09:35:02.707 INFO [main] org.apache.catalina.core.AprLifecycleListener.lifecycleEvent The APR based Apache Tomcat Native library which allows optimal performance in production environments was not found on the java.library.path: C:\Program Files (x86)\Java\jre7\bin;C:\windows\Sun\Java\bin;C:\windows\system32;C:\windows;C:\Program Files\Common Files\Microsoft Shared\Windows Live;C:\Program Files (x86)\Common Files\Microsoft Shared\Windows Live;C:\Python27\;C:\Python27\Scripts;c:\Python27\;C:\Program Files (x86)\Skype\Phone\;C:\Program Files (x86)\Windows Live\Shared;C:\Program Files\PostgreSQL\9.4\bin;C:\Program Files\PostgreSQL\9.4\lib;C:\Program Files\Microsoft\Web Platform Installer\;C:\Program Files (x86)\Java\jre7\bin;.
02-Jun-2016 09:35:09.477 INFO [main] org.apache.coyote.AbstractProtocol.init Initializing ProtocolHandler ["http-nio-8080"]
02-Jun-2016 09:35:09.789 INFO [main] org.apache.tomcat.util.net.NioSelectorPool.getSharedSelector Using a shared selector for servlet write/read
02-Jun-2016 09:35:09.867 INFO [main] org.apache.coyote.AbstractProtocol.init Initializing ProtocolHandler ["ajp-nio-8009"]
02-Jun-2016 09:35:09.883 INFO [main] org.apache.tomcat.util.net.NioSelectorPool.getSharedSelector Using a shared selector for servlet write/read
02-Jun-2016 09:35:09.883 INFO [main] org.apache.catalina.startup.Catalina.load Initialization processed in 13591 ms
02-Jun-2016 09:35:10.210 INFO [main] org.apache.catalina.core.StandardService.startInternal Starting service Catalina
02-Jun-2016 09:35:10.210 INFO [main] org.apache.catalina.core.StandardEngine.startInternal Starting Servlet Engine: Apache Tomcat/8.0.33
02-Jun-2016 09:35:12.394 INFO [localhost-startStop-1] org.apache.catalina.startup.HostConfig.deployWAR Deploying web application archive C:\Users\Bart\Dropbox\Synthesis Project\16. Geoweb\dashboard\dashboard_in_sight\geoweb16\apache-tomcat-8.0.33\webapps\geoserver.war
02-Jun-2016 09:37:43.240 INFO [localhost-startStop-1] org.apache.jasper.servlet.TldScanner.scanJars At least one JAR was scanned for TLDs yet contained no TLDs. Enable debug logging for this logger for a complete list of JARs that were scanned but no TLDs were found in them. Skipping unneeded JARs during scanning can improve startup time and JSP compilation time.
02-Jun-2016 09:37:49.810 WARNING [localhost-startStop-1] org.geoserver.platform.GeoServerExtensions.checkContext Extension lookup 'XStreamPersisterInitializer', but ApplicationContext is unset.
02-Jun-2016 09:37:49.811 WARNING [localhost-startStop-1] org.geoserver.platform.GeoServerExtensions.checkContext Extension lookup 'ExtensionFilter', but ApplicationContext is unset.
02-Jun-2016 09:37:49.815 WARNING [localhost-startStop-1] org.geoserver.platform.GeoServerExtensions.checkContext Extension lookup 'ExtensionProvider', but ApplicationContext is unset.
02-Jun-2016 09:37:49.816 WARNING [localhost-startStop-1] org.geoserver.platform.GeoServerExtensions.checkContext Extension lookup 'ExtensionFilter', but ApplicationContext is unset.
02-Jun-2016 09:37:53.892 WARNING [localhost-startStop-1] org.geoserver.platform.GeoServerExtensions.checkContext Extension lookup 'GeoServerSecurityProvider', but ApplicationContext is unset.
02-Jun-2016 09:37:53.893 WARNING [localhost-startStop-1] org.geoserver.platform.GeoServerExtensions.checkContext Extension lookup 'ExtensionFilter', but ApplicationContext is unset.
02-Jun-2016 09:37:53.895 WARNING [localhost-startStop-1] org.geoserver.platform.GeoServerExtensions.checkContext Extension lookup 'ExtensionProvider', but ApplicationContext is unset.
02-Jun-2016 09:37:53.896 WARNING [localhost-startStop-1] org.geoserver.platform.GeoServerExtensions.checkContext Extension lookup 'ExtensionFilter', but ApplicationContext is unset.
02-Jun-2016 09:38:31.213 INFO [localhost-startStop-1] org.apache.catalina.startup.HostConfig.deployWAR Deployment of web application archive C:\Users\Bart\Dropbox\Synthesis Project\16. Geoweb\dashboard\dashboard_in_sight\geoweb16\apache-tomcat-8.0.33\webapps\geoserver.war has finished in 198,819 ms
02-Jun-2016 09:38:31.215 INFO [localhost-startStop-1] org.apache.catalina.startup.HostConfig.deployDirectory Deploying web application directory C:\Users\Bart\Dropbox\Synthesis Project\16. Geoweb\dashboard\dashboard_in_sight\geoweb16\apache-tomcat-8.0.33\webapps\docs
02-Jun-2016 09:38:31.282 INFO [localhost-startStop-1] org.apache.catalina.startup.HostConfig.deployDirectory Deployment of web application directory C:\Users\Bart\Dropbox\Synthesis Project\16. Geoweb\dashboard\dashboard_in_sight\geoweb16\apache-tomcat-8.0.33\webapps\docs has finished in 67 ms
02-Jun-2016 09:38:31.283 INFO [localhost-startStop-1] org.apache.catalina.startup.HostConfig.deployDirectory Deploying web application directory C:\Users\Bart\Dropbox\Synthesis Project\16. Geoweb\dashboard\dashboard_in_sight\geoweb16\apache-tomcat-8.0.33\webapps\examples
02-Jun-2016 09:38:48.065 INFO [localhost-startStop-1] org.apache.catalina.startup.HostConfig.deployDirectory Deployment of web application directory C:\Users\Bart\Dropbox\Synthesis Project\16. Geoweb\dashboard\dashboard_in_sight\geoweb16\apache-tomcat-8.0.33\webapps\examples has finished in 16,782 ms
02-Jun-2016 09:38:48.066 INFO [localhost-startStop-1] org.apache.catalina.startup.HostConfig.deployDirectory Deploying web application directory C:\Users\Bart\Dropbox\Synthesis Project\16. Geoweb\dashboard\dashboard_in_sight\geoweb16\apache-tomcat-8.0.33\webapps\host-manager
02-Jun-2016 09:38:48.615 INFO [localhost-startStop-1] org.apache.catalina.startup.HostConfig.deployDirectory Deployment of web application directory C:\Users\Bart\Dropbox\Synthesis Project\16. Geoweb\dashboard\dashboard_in_sight\geoweb16\apache-tomcat-8.0.33\webapps\host-manager has finished in 549 ms
02-Jun-2016 09:38:48.616 INFO [localhost-startStop-1] org.apache.catalina.startup.HostConfig.deployDirectory Deploying web application directory C:\Users\Bart\Dropbox\Synthesis Project\16. Geoweb\dashboard\dashboard_in_sight\geoweb16\apache-tomcat-8.0.33\webapps\in_sight
02-Jun-2016 09:38:48.643 INFO [localhost-startStop-1] org.apache.catalina.startup.HostConfig.deployDirectory Deployment of web application directory C:\Users\Bart\Dropbox\Synthesis Project\16. Geoweb\dashboard\dashboard_in_sight\geoweb16\apache-tomcat-8.0.33\webapps\in_sight has finished in 27 ms
02-Jun-2016 09:38:48.644 INFO [localhost-startStop-1] org.apache.catalina.startup.HostConfig.deployDirectory Deploying web application directory C:\Users\Bart\Dropbox\Synthesis Project\16. Geoweb\dashboard\dashboard_in_sight\geoweb16\apache-tomcat-8.0.33\webapps\manager
02-Jun-2016 09:38:49.062 INFO [localhost-startStop-1] org.apache.catalina.startup.HostConfig.deployDirectory Deployment of web application directory C:\Users\Bart\Dropbox\Synthesis Project\16. Geoweb\dashboard\dashboard_in_sight\geoweb16\apache-tomcat-8.0.33\webapps\manager has finished in 418 ms
02-Jun-2016 09:38:49.062 INFO [localhost-startStop-1] org.apache.catalina.startup.HostConfig.deployDirectory Deploying web application directory C:\Users\Bart\Dropbox\Synthesis Project\16. Geoweb\dashboard\dashboard_in_sight\geoweb16\apache-tomcat-8.0.33\webapps\ROOT
02-Jun-2016 09:38:49.112 INFO [localhost-startStop-1] org.apache.catalina.startup.HostConfig.deployDirectory Deployment of web application directory C:\Users\Bart\Dropbox\Synthesis Project\16. Geoweb\dashboard\dashboard_in_sight\geoweb16\apache-tomcat-8.0.33\webapps\ROOT has finished in 50 ms
02-Jun-2016 09:38:49.112 INFO [localhost-startStop-1] org.apache.catalina.startup.HostConfig.deployDirectory Deploying web application directory C:\Users\Bart\Dropbox\Synthesis Project\16. Geoweb\dashboard\dashboard_in_sight\geoweb16\apache-tomcat-8.0.33\webapps\target
02-Jun-2016 09:38:49.136 INFO [localhost-startStop-1] org.apache.catalina.startup.HostConfig.deployDirectory Deployment of web application directory C:\Users\Bart\Dropbox\Synthesis Project\16. Geoweb\dashboard\dashboard_in_sight\geoweb16\apache-tomcat-8.0.33\webapps\target has finished in 24 ms
02-Jun-2016 09:38:49.141 INFO [main] org.apache.coyote.AbstractProtocol.start Starting ProtocolHandler ["http-nio-8080"]
02-Jun-2016 09:38:49.150 INFO [main] org.apache.coyote.AbstractProtocol.start Starting ProtocolHandler ["ajp-nio-8009"]
02-Jun-2016 09:38:49.153 INFO [main] org.apache.catalina.startup.Catalina.start Server startup in 219265 ms
02-Jun-2016 10:24:46.212 INFO [main] org.apache.catalina.startup.VersionLoggerListener.log Server version:        Apache Tomcat/8.0.33
02-Jun-2016 10:24:46.213 INFO [main] org.apache.catalina.startup.VersionLoggerListener.log Server built:          Mar 18 2016 20:31:49 UTC
02-Jun-2016 10:24:46.214 INFO [main] org.apache.catalina.startup.VersionLoggerListener.log Server number:         8.0.33.0
02-Jun-2016 10:24:46.214 INFO [main] org.apache.catalina.startup.VersionLoggerListener.log OS Name:               Windows 7
02-Jun-2016 10:24:46.214 INFO [main] org.apache.catalina.startup.VersionLoggerListener.log OS Version:            6.1
02-Jun-2016 10:24:46.214 INFO [main] org.apache.catalina.startup.VersionLoggerListener.log Architecture:          x86
02-Jun-2016 10:24:46.214 INFO [main] org.apache.catalina.startup.VersionLoggerListener.log Java Home:             C:\Program Files (x86)\Java\jre7
02-Jun-2016 10:24:46.215 INFO [main] org.apache.catalina.startup.VersionLoggerListener.log JVM Version:           1.7.0_79-b15
02-Jun-2016 10:24:46.215 INFO [main] org.apache.catalina.startup.VersionLoggerListener.log JVM Vendor:            Oracle Corporation
02-Jun-2016 10:24:46.215 INFO [main] org.apache.catalina.startup.VersionLoggerListener.log CATALINA_BASE:         C:\Users\Fanny\Dropbox\Synthesis Project\16. Geoweb\Dashboard\dashboard_in_sight\geoweb16\apache-tomcat-8.0.33
02-Jun-2016 10:24:46.215 INFO [main] org.apache.catalina.startup.VersionLoggerListener.log CATALINA_HOME:         C:\Users\Fanny\Dropbox\Synthesis Project\16. Geoweb\Dashboard\dashboard_in_sight\geoweb16\apache-tomcat-8.0.33
02-Jun-2016 10:24:46.215 INFO [main] org.apache.catalina.startup.VersionLoggerListener.log Command line argument: -Djava.util.logging.config.file=C:\Users\Fanny\Dropbox\Synthesis Project\16. Geoweb\Dashboard\dashboard_in_sight\geoweb16\apache-tomcat-8.0.33\conf\logging.properties
02-Jun-2016 10:24:46.216 INFO [main] org.apache.catalina.startup.VersionLoggerListener.log Command line argument: -Djava.util.logging.manager=org.apache.juli.ClassLoaderLogManager
02-Jun-2016 10:24:46.216 INFO [main] org.apache.catalina.startup.VersionLoggerListener.log Command line argument: -Djava.endorsed.dirs=C:\Users\Fanny\Dropbox\Synthesis Project\16. Geoweb\Dashboard\dashboard_in_sight\geoweb16\apache-tomcat-8.0.33\endorsed
02-Jun-2016 10:24:46.217 INFO [main] org.apache.catalina.startup.VersionLoggerListener.log Command line argument: -Dcatalina.base=C:\Users\Fanny\Dropbox\Synthesis Project\16. Geoweb\Dashboard\dashboard_in_sight\geoweb16\apache-tomcat-8.0.33
02-Jun-2016 10:24:46.217 INFO [main] org.apache.catalina.startup.VersionLoggerListener.log Command line argument: -Dcatalina.home=C:\Users\Fanny\Dropbox\Synthesis Project\16. Geoweb\Dashboard\dashboard_in_sight\geoweb16\apache-tomcat-8.0.33
02-Jun-2016 10:24:46.220 INFO [main] org.apache.catalina.startup.VersionLoggerListener.log Command line argument: -Djava.io.tmpdir=C:\Users\Fanny\Dropbox\Synthesis Project\16. Geoweb\Dashboard\dashboard_in_sight\geoweb16\apache-tomcat-8.0.33\temp
02-Jun-2016 10:24:46.221 INFO [main] org.apache.catalina.core.AprLifecycleListener.lifecycleEvent The APR based Apache Tomcat Native library which allows optimal performance in production environments was not found on the java.library.path: C:\Program Files (x86)\Java\jre7\bin;C:\windows\Sun\Java\bin;C:\windows\system32;C:\windows;C:\PROGRAM FILES (X86)\NVIDIA CORPORATION\PHYSX\COMMON;C:\PROGRAM FILES (X86)\INTEL\ICLS CLIENT\;C:\PROGRAM FILES\INTEL\ICLS CLIENT\;C:\windows\SYSTEM32;C:\windows;C:\windows\SYSTEM32\WBEM;C:\windows\SYSTEM32\WINDOWSPOWERSHELL\V1.0\;C:\PROGRAM FILES (X86)\COMMON FILES\ROXIO SHARED\DLLSHARED\;C:\PROGRAM FILES (X86)\COMMON FILES\ROXIO SHARED\OEM\DLLSHARED\;C:\PROGRAM FILES (X86)\COMMON FILES\ROXIO SHARED\OEM\DLLSHARED\;C:\PROGRAM FILES (X86)\COMMON FILES\ROXIO SHARED\OEM\12.0\DLLSHARED\;C:\PROGRAM FILES (X86)\ROXIO\OEM\AUDIOCORE\;C:\PROGRAM FILES\INTEL\INTEL(R) MANAGEMENT ENGINE COMPONENTS\DAL;C:\PROGRAM FILES\INTEL\INTEL(R) MANAGEMENT ENGINE COMPONENTS\IPT;C:\PROGRAM FILES (X86)\INTEL\INTEL(R) MANAGEMENT ENGINE COMPONENTS\DAL;C:\PROGRAM FILES (X86)\INTEL\INTEL(R) MANAGEMENT ENGINE COMPONENTS\IPT;C:\PROGRAM FILES (X86)\HEWLETT-PACKARD\HP PROTECTTOOLS SECURITY MANAGER\BIN\;;C:\PROGRAM FILES\COMMON FILES\AUTODESK SHARED\;C:\PROGRAM FILES\INTEL\INTEL(R) MANAGEMENT ENGINE COMPONENTS\DAL;C:\PROGRAM FILES\INTEL\INTEL(R) MANAGEMENT ENGINE COMPONENTS\IPT;C:\PROGRAM FILES (X86)\INTEL\INTEL(R) MANAGEMENT ENGINE COMPONENTS\DAL;C:\PROGRAM FILES (X86)\INTEL\INTEL(R) MANAGEMENT ENGINE COMPONENTS\IPT;C:\PROGRAM FILES\INTEL\WIFI\BIN\;C:\PROGRAM FILES\COMMON FILES\INTEL\WIRELESSCOMMON\;C:\Program Files\WIDCOMM\Bluetooth Software\;C:\Program Files\WIDCOMM\Bluetooth Software\syswow64;C:\Python27;C:\Program Files (x86)\QuickTime\QTSystem\;C:\Program Files\FME\;C:\Program Files (x86)\Java\jre7;C:\Program Files\Intel\WiFi\bin\;C:\Program Files\Common Files\Intel\WirelessCommon\;C:\Python27\Lib;.
02-Jun-2016 10:24:46.529 INFO [main] org.apache.coyote.AbstractProtocol.init Initializing ProtocolHandler ["http-nio-8080"]
02-Jun-2016 10:24:46.550 INFO [main] org.apache.tomcat.util.net.NioSelectorPool.getSharedSelector Using a shared selector for servlet write/read
02-Jun-2016 10:24:46.552 INFO [main] org.apache.coyote.AbstractProtocol.init Initializing ProtocolHandler ["ajp-nio-8009"]
02-Jun-2016 10:24:46.554 INFO [main] org.apache.tomcat.util.net.NioSelectorPool.getSharedSelector Using a shared selector for servlet write/read
02-Jun-2016 10:24:46.554 INFO [main] org.apache.catalina.startup.Catalina.load Initialization processed in 613 ms
02-Jun-2016 10:24:46.575 INFO [main] org.apache.catalina.core.StandardService.startInternal Starting service Catalina
02-Jun-2016 10:24:46.575 INFO [main] org.apache.catalina.core.StandardEngine.startInternal Starting Servlet Engine: Apache Tomcat/8.0.33
02-Jun-2016 10:24:46.603 INFO [localhost-startStop-1] org.apache.catalina.startup.HostConfig.deployWAR Deploying web application archive C:\Users\Fanny\Dropbox\Synthesis Project\16. Geoweb\Dashboard\dashboard_in_sight\geoweb16\apache-tomcat-8.0.33\webapps\geoserver.war
02-Jun-2016 10:25:04.478 INFO [localhost-startStop-1] org.apache.jasper.servlet.TldScanner.scanJars At least one JAR was scanned for TLDs yet contained no TLDs. Enable debug logging for this logger for a complete list of JARs that were scanned but no TLDs were found in them. Skipping unneeded JARs during scanning can improve startup time and JSP compilation time.
02-Jun-2016 10:25:05.868 WARNING [localhost-startStop-1] org.geoserver.platform.GeoServerExtensions.checkContext Extension lookup 'XStreamPersisterInitializer', but ApplicationContext is unset.
02-Jun-2016 10:25:05.869 WARNING [localhost-startStop-1] org.geoserver.platform.GeoServerExtensions.checkContext Extension lookup 'ExtensionFilter', but ApplicationContext is unset.
02-Jun-2016 10:25:05.872 WARNING [localhost-startStop-1] org.geoserver.platform.GeoServerExtensions.checkContext Extension lookup 'ExtensionProvider', but ApplicationContext is unset.
02-Jun-2016 10:25:05.872 WARNING [localhost-startStop-1] org.geoserver.platform.GeoServerExtensions.checkContext Extension lookup 'ExtensionFilter', but ApplicationContext is unset.
02-Jun-2016 10:25:07.479 WARNING [localhost-startStop-1] org.geoserver.platform.GeoServerExtensions.checkContext Extension lookup 'GeoServerSecurityProvider', but ApplicationContext is unset.
02-Jun-2016 10:25:07.480 WARNING [localhost-startStop-1] org.geoserver.platform.GeoServerExtensions.checkContext Extension lookup 'ExtensionFilter', but ApplicationContext is unset.
02-Jun-2016 10:25:07.480 WARNING [localhost-startStop-1] org.geoserver.platform.GeoServerExtensions.checkContext Extension lookup 'ExtensionProvider', but ApplicationContext is unset.
02-Jun-2016 10:25:07.480 WARNING [localhost-startStop-1] org.geoserver.platform.GeoServerExtensions.checkContext Extension lookup 'ExtensionFilter', but ApplicationContext is unset.
02-Jun-2016 10:25:20.244 INFO [localhost-startStop-1] org.apache.catalina.startup.HostConfig.deployWAR Deployment of web application archive C:\Users\Fanny\Dropbox\Synthesis Project\16. Geoweb\Dashboard\dashboard_in_sight\geoweb16\apache-tomcat-8.0.33\webapps\geoserver.war has finished in 33,641 ms
02-Jun-2016 10:25:20.244 INFO [localhost-startStop-1] org.apache.catalina.startup.HostConfig.deployDirectory Deploying web application directory C:\Users\Fanny\Dropbox\Synthesis Project\16. Geoweb\Dashboard\dashboard_in_sight\geoweb16\apache-tomcat-8.0.33\webapps\docs
02-Jun-2016 10:25:20.264 INFO [localhost-startStop-1] org.apache.catalina.startup.HostConfig.deployDirectory Deployment of web application directory C:\Users\Fanny\Dropbox\Synthesis Project\16. Geoweb\Dashboard\dashboard_in_sight\geoweb16\apache-tomcat-8.0.33\webapps\docs has finished in 20 ms
02-Jun-2016 10:25:20.264 INFO [localhost-startStop-1] org.apache.catalina.startup.HostConfig.deployDirectory Deploying web application directory C:\Users\Fanny\Dropbox\Synthesis Project\16. Geoweb\Dashboard\dashboard_in_sight\geoweb16\apache-tomcat-8.0.33\webapps\examples
02-Jun-2016 10:25:21.829 INFO [localhost-startStop-1] org.apache.catalina.startup.HostConfig.deployDirectory Deployment of web application directory C:\Users\Fanny\Dropbox\Synthesis Project\16. Geoweb\Dashboard\dashboard_in_sight\geoweb16\apache-tomcat-8.0.33\webapps\examples has finished in 1,565 ms
02-Jun-2016 10:25:21.829 INFO [localhost-startStop-1] org.apache.catalina.startup.HostConfig.deployDirectory Deploying web application directory C:\Users\Fanny\Dropbox\Synthesis Project\16. Geoweb\Dashboard\dashboard_in_sight\geoweb16\apache-tomcat-8.0.33\webapps\host-manager
02-Jun-2016 10:25:21.861 INFO [localhost-startStop-1] org.apache.catalina.startup.HostConfig.deployDirectory Deployment of web application directory C:\Users\Fanny\Dropbox\Synthesis Project\16. Geoweb\Dashboard\dashboard_in_sight\geoweb16\apache-tomcat-8.0.33\webapps\host-manager has finished in 32 ms
02-Jun-2016 10:25:21.861 INFO [localhost-startStop-1] org.apache.catalina.startup.HostConfig.deployDirectory Deploying web application directory C:\Users\Fanny\Dropbox\Synthesis Project\16. Geoweb\Dashboard\dashboard_in_sight\geoweb16\apache-tomcat-8.0.33\webapps\in_sight
02-Jun-2016 10:25:21.873 INFO [localhost-startStop-1] org.apache.catalina.startup.HostConfig.deployDirectory Deployment of web application directory C:\Users\Fanny\Dropbox\Synthesis Project\16. Geoweb\Dashboard\dashboard_in_sight\geoweb16\apache-tomcat-8.0.33\webapps\in_sight has finished in 11 ms
02-Jun-2016 10:25:21.873 INFO [localhost-startStop-1] org.apache.catalina.startup.HostConfig.deployDirectory Deploying web application directory C:\Users\Fanny\Dropbox\Synthesis Project\16. Geoweb\Dashboard\dashboard_in_sight\geoweb16\apache-tomcat-8.0.33\webapps\manager
02-Jun-2016 10:25:21.902 INFO [localhost-startStop-1] org.apache.catalina.startup.HostConfig.deployDirectory Deployment of web application directory C:\Users\Fanny\Dropbox\Synthesis Project\16. Geoweb\Dashboard\dashboard_in_sight\geoweb16\apache-tomcat-8.0.33\webapps\manager has finished in 29 ms
02-Jun-2016 10:25:21.902 INFO [localhost-startStop-1] org.apache.catalina.startup.HostConfig.deployDirectory Deploying web application directory C:\Users\Fanny\Dropbox\Synthesis Project\16. Geoweb\Dashboard\dashboard_in_sight\geoweb16\apache-tomcat-8.0.33\webapps\ROOT
02-Jun-2016 10:25:21.919 INFO [localhost-startStop-1] org.apache.catalina.startup.HostConfig.deployDirectory Deployment of web application directory C:\Users\Fanny\Dropbox\Synthesis Project\16. Geoweb\Dashboard\dashboard_in_sight\geoweb16\apache-tomcat-8.0.33\webapps\ROOT has finished in 17 ms
02-Jun-2016 10:25:21.919 INFO [localhost-startStop-1] org.apache.catalina.startup.HostConfig.deployDirectory Deploying web application directory C:\Users\Fanny\Dropbox\Synthesis Project\16. Geoweb\Dashboard\dashboard_in_sight\geoweb16\apache-tomcat-8.0.33\webapps\target
02-Jun-2016 10:25:21.931 INFO [localhost-startStop-1] org.apache.catalina.startup.HostConfig.deployDirectory Deployment of web application directory C:\Users\Fanny\Dropbox\Synthesis Project\16. Geoweb\Dashboard\dashboard_in_sight\geoweb16\apache-tomcat-8.0.33\webapps\target has finished in 12 ms
02-Jun-2016 10:25:21.935 INFO [main] org.apache.coyote.AbstractProtocol.start Starting ProtocolHandler ["http-nio-8080"]
02-Jun-2016 10:25:21.941 INFO [main] org.apache.coyote.AbstractProtocol.start Starting ProtocolHandler ["ajp-nio-8009"]
02-Jun-2016 10:25:21.942 INFO [main] org.apache.catalina.startup.Catalina.start Server startup in 35386 ms
02-Jun-2016 11:47:33.806 INFO [ContainerBackgroundProcessor[StandardEngine[Catalina]]] org.apache.catalina.startup.HostConfig.undeploy Undeploying context [/examples]
02-Jun-2016 14:41:09.286 INFO [main] org.apache.catalina.startup.VersionLoggerListener.log Server version:        Apache Tomcat/8.0.33
02-Jun-2016 14:41:09.286 INFO [main] org.apache.catalina.startup.VersionLoggerListener.log Server built:          Mar 18 2016 20:31:49 UTC
02-Jun-2016 14:41:09.286 INFO [main] org.apache.catalina.startup.VersionLoggerListener.log Server number:         8.0.33.0
02-Jun-2016 14:41:09.286 INFO [main] org.apache.catalina.startup.VersionLoggerListener.log OS Name:               Windows 10
02-Jun-2016 14:41:09.286 INFO [main] org.apache.catalina.startup.VersionLoggerListener.log OS Version:            10.0
02-Jun-2016 14:41:09.286 INFO [main] org.apache.catalina.startup.VersionLoggerListener.log Architecture:          x86
02-Jun-2016 14:41:09.286 INFO [main] org.apache.catalina.startup.VersionLoggerListener.log Java Home:             C:\Program Files (x86)\Java\jre1.8.0_91
02-Jun-2016 14:41:09.286 INFO [main] org.apache.catalina.startup.VersionLoggerListener.log JVM Version:           1.8.0_91-b14
02-Jun-2016 14:41:09.286 INFO [main] org.apache.catalina.startup.VersionLoggerListener.log JVM Vendor:            Oracle Corporation
02-Jun-2016 14:41:09.286 INFO [main] org.apache.catalina.startup.VersionLoggerListener.log CATALINA_BASE:         C:\Users\Rob\Dropbox\Synthesis Project\16. Geoweb\dashboard\dashboard_in_sight\geoweb16\apache-tomcat-8.0.33
02-Jun-2016 14:41:09.286 INFO [main] org.apache.catalina.startup.VersionLoggerListener.log CATALINA_HOME:         C:\Users\Rob\Dropbox\Synthesis Project\16. Geoweb\dashboard\dashboard_in_sight\geoweb16\apache-tomcat-8.0.33
02-Jun-2016 14:41:09.286 INFO [main] org.apache.catalina.startup.VersionLoggerListener.log Command line argument: -Djava.util.logging.config.file=C:\Users\Rob\Dropbox\Synthesis Project\16. Geoweb\dashboard\dashboard_in_sight\geoweb16\apache-tomcat-8.0.33\conf\logging.properties
02-Jun-2016 14:41:09.286 INFO [main] org.apache.catalina.startup.VersionLoggerListener.log Command line argument: -Djava.util.logging.manager=org.apache.juli.ClassLoaderLogManager
02-Jun-2016 14:41:09.286 INFO [main] org.apache.catalina.startup.VersionLoggerListener.log Command line argument: -Djava.endorsed.dirs=C:\Users\Rob\Dropbox\Synthesis Project\16. Geoweb\dashboard\dashboard_in_sight\geoweb16\apache-tomcat-8.0.33\endorsed
02-Jun-2016 14:41:09.286 INFO [main] org.apache.catalina.startup.VersionLoggerListener.log Command line argument: -Dcatalina.base=C:\Users\Rob\Dropbox\Synthesis Project\16. Geoweb\dashboard\dashboard_in_sight\geoweb16\apache-tomcat-8.0.33
02-Jun-2016 14:41:09.286 INFO [main] org.apache.catalina.startup.VersionLoggerListener.log Command line argument: -Dcatalina.home=C:\Users\Rob\Dropbox\Synthesis Project\16. Geoweb\dashboard\dashboard_in_sight\geoweb16\apache-tomcat-8.0.33
02-Jun-2016 14:41:09.286 INFO [main] org.apache.catalina.startup.VersionLoggerListener.log Command line argument: -Djava.io.tmpdir=C:\Users\Rob\Dropbox\Synthesis Project\16. Geoweb\dashboard\dashboard_in_sight\geoweb16\apache-tomcat-8.0.33\temp
02-Jun-2016 14:41:09.286 INFO [main] org.apache.catalina.core.AprLifecycleListener.lifecycleEvent The APR based Apache Tomcat Native library which allows optimal performance in production environments was not found on the java.library.path: C:\Program Files (x86)\Java\jre1.8.0_91\bin;C:\WINDOWS\Sun\Java\bin;C:\WINDOWS\system32;C:\WINDOWS;C:\WINDOWS\system32;C:\WINDOWS;C:\WINDOWS\System32\Wbem;C:\WINDOWS\System32\WindowsPowerShell\v1.0\;C:\Program Files (x86)\Skype\Phone\;.
02-Jun-2016 14:41:09.489 INFO [main] org.apache.coyote.AbstractProtocol.init Initializing ProtocolHandler ["http-nio-8080"]
02-Jun-2016 14:41:09.583 INFO [main] org.apache.tomcat.util.net.NioSelectorPool.getSharedSelector Using a shared selector for servlet write/read
02-Jun-2016 14:41:09.583 INFO [main] org.apache.coyote.AbstractProtocol.init Initializing ProtocolHandler ["ajp-nio-8009"]
02-Jun-2016 14:41:09.599 INFO [main] org.apache.tomcat.util.net.NioSelectorPool.getSharedSelector Using a shared selector for servlet write/read
02-Jun-2016 14:41:09.599 INFO [main] org.apache.catalina.startup.Catalina.load Initialization processed in 821 ms
02-Jun-2016 14:41:09.630 INFO [main] org.apache.catalina.core.StandardService.startInternal Starting service Catalina
02-Jun-2016 14:41:09.630 INFO [main] org.apache.catalina.core.StandardEngine.startInternal Starting Servlet Engine: Apache Tomcat/8.0.33
02-Jun-2016 14:41:09.677 INFO [localhost-startStop-1] org.apache.catalina.startup.HostConfig.deployWAR Deploying web application archive C:\Users\Rob\Dropbox\Synthesis Project\16. Geoweb\dashboard\dashboard_in_sight\geoweb16\apache-tomcat-8.0.33\webapps\geoserver.war
02-Jun-2016 14:41:30.350 INFO [localhost-startStop-1] org.apache.jasper.servlet.TldScanner.scanJars At least one JAR was scanned for TLDs yet contained no TLDs. Enable debug logging for this logger for a complete list of JARs that were scanned but no TLDs were found in them. Skipping unneeded JARs during scanning can improve startup time and JSP compilation time.
02-Jun-2016 14:41:33.366 WARNING [localhost-startStop-1] org.geoserver.platform.GeoServerExtensions.checkContext Extension lookup 'XStreamPersisterInitializer', but ApplicationContext is unset.
02-Jun-2016 14:41:33.366 WARNING [localhost-startStop-1] org.geoserver.platform.GeoServerExtensions.checkContext Extension lookup 'ExtensionFilter', but ApplicationContext is unset.
02-Jun-2016 14:41:33.366 WARNING [localhost-startStop-1] org.geoserver.platform.GeoServerExtensions.checkContext Extension lookup 'ExtensionProvider', but ApplicationContext is unset.
02-Jun-2016 14:41:33.366 WARNING [localhost-startStop-1] org.geoserver.platform.GeoServerExtensions.checkContext Extension lookup 'ExtensionFilter', but ApplicationContext is unset.
02-Jun-2016 14:41:36.991 WARNING [localhost-startStop-1] org.geoserver.platform.GeoServerExtensions.checkContext Extension lookup 'GeoServerSecurityProvider', but ApplicationContext is unset.
02-Jun-2016 14:41:36.991 WARNING [localhost-startStop-1] org.geoserver.platform.GeoServerExtensions.checkContext Extension lookup 'ExtensionFilter', but ApplicationContext is unset.
02-Jun-2016 14:41:36.991 WARNING [localhost-startStop-1] org.geoserver.platform.GeoServerExtensions.checkContext Extension lookup 'ExtensionProvider', but ApplicationContext is unset.
02-Jun-2016 14:41:36.991 WARNING [localhost-startStop-1] org.geoserver.platform.GeoServerExtensions.checkContext Extension lookup 'ExtensionFilter', but ApplicationContext is unset.
02-Jun-2016 14:41:59.320 INFO [localhost-startStop-1] org.apache.catalina.startup.HostConfig.deployWAR Deployment of web application archive C:\Users\Rob\Dropbox\Synthesis Project\16. Geoweb\dashboard\dashboard_in_sight\geoweb16\apache-tomcat-8.0.33\webapps\geoserver.war has finished in 49,643 ms
02-Jun-2016 14:41:59.320 INFO [localhost-startStop-1] org.apache.catalina.startup.HostConfig.deployDirectory Deploying web application directory C:\Users\Rob\Dropbox\Synthesis Project\16. Geoweb\dashboard\dashboard_in_sight\geoweb16\apache-tomcat-8.0.33\webapps\docs
02-Jun-2016 14:41:59.351 INFO [localhost-startStop-1] org.apache.catalina.startup.HostConfig.deployDirectory Deployment of web application directory C:\Users\Rob\Dropbox\Synthesis Project\16. Geoweb\dashboard\dashboard_in_sight\geoweb16\apache-tomcat-8.0.33\webapps\docs has finished in 31 ms
02-Jun-2016 14:41:59.351 INFO [localhost-startStop-1] org.apache.catalina.startup.HostConfig.deployDirectory Deploying web application directory C:\Users\Rob\Dropbox\Synthesis Project\16. Geoweb\dashboard\dashboard_in_sight\geoweb16\apache-tomcat-8.0.33\webapps\host-manager
02-Jun-2016 14:41:59.414 INFO [localhost-startStop-1] org.apache.catalina.startup.HostConfig.deployDirectory Deployment of web application directory C:\Users\Rob\Dropbox\Synthesis Project\16. Geoweb\dashboard\dashboard_in_sight\geoweb16\apache-tomcat-8.0.33\webapps\host-manager has finished in 63 ms
02-Jun-2016 14:41:59.414 INFO [localhost-startStop-1] org.apache.catalina.startup.HostConfig.deployDirectory Deploying web application directory C:\Users\Rob\Dropbox\Synthesis Project\16. Geoweb\dashboard\dashboard_in_sight\geoweb16\apache-tomcat-8.0.33\webapps\in_sight
02-Jun-2016 14:41:59.445 INFO [localhost-startStop-1] org.apache.catalina.startup.HostConfig.deployDirectory Deployment of web application directory C:\Users\Rob\Dropbox\Synthesis Project\16. Geoweb\dashboard\dashboard_in_sight\geoweb16\apache-tomcat-8.0.33\webapps\in_sight has finished in 31 ms
02-Jun-2016 14:41:59.445 INFO [localhost-startStop-1] org.apache.catalina.startup.HostConfig.deployDirectory Deploying web application directory C:\Users\Rob\Dropbox\Synthesis Project\16. Geoweb\dashboard\dashboard_in_sight\geoweb16\apache-tomcat-8.0.33\webapps\manager
02-Jun-2016 14:41:59.492 INFO [localhost-startStop-1] org.apache.catalina.startup.HostConfig.deployDirectory Deployment of web application directory C:\Users\Rob\Dropbox\Synthesis Project\16. Geoweb\dashboard\dashboard_in_sight\geoweb16\apache-tomcat-8.0.33\webapps\manager has finished in 47 ms
02-Jun-2016 14:41:59.492 INFO [localhost-startStop-1] org.apache.catalina.startup.HostConfig.deployDirectory Deploying web application directory C:\Users\Rob\Dropbox\Synthesis Project\16. Geoweb\dashboard\dashboard_in_sight\geoweb16\apache-tomcat-8.0.33\webapps\ROOT
02-Jun-2016 14:41:59.523 INFO [localhost-startStop-1] org.apache.catalina.startup.HostConfig.deployDirectory Deployment of web application directory C:\Users\Rob\Dropbox\Synthesis Project\16. Geoweb\dashboard\dashboard_in_sight\geoweb16\apache-tomcat-8.0.33\webapps\ROOT has finished in 31 ms
02-Jun-2016 14:41:59.523 INFO [localhost-startStop-1] org.apache.catalina.startup.HostConfig.deployDirectory Deploying web application directory C:\Users\Rob\Dropbox\Synthesis Project\16. Geoweb\dashboard\dashboard_in_sight\geoweb16\apache-tomcat-8.0.33\webapps\target
02-Jun-2016 14:41:59.554 INFO [localhost-startStop-1] org.apache.catalina.startup.HostConfig.deployDirectory Deployment of web application directory C:\Users\Rob\Dropbox\Synthesis Project\16. Geoweb\dashboard\dashboard_in_sight\geoweb16\apache-tomcat-8.0.33\webapps\target has finished in 31 ms
02-Jun-2016 14:41:59.554 INFO [main] org.apache.coyote.AbstractProtocol.start Starting ProtocolHandler ["http-nio-8080"]
02-Jun-2016 14:41:59.570 INFO [main] org.apache.coyote.AbstractProtocol.start Starting ProtocolHandler ["ajp-nio-8009"]
02-Jun-2016 14:41:59.570 INFO [main] org.apache.catalina.startup.Catalina.start Server startup in 49972 ms
02-Jun-2016 14:58:59.022 INFO [main] org.apache.catalina.startup.VersionLoggerListener.log Server version:        Apache Tomcat/8.0.33
02-Jun-2016 14:58:59.026 INFO [main] org.apache.catalina.startup.VersionLoggerListener.log Server built:          Mar 18 2016 20:31:49 UTC
02-Jun-2016 14:58:59.026 INFO [main] org.apache.catalina.startup.VersionLoggerListener.log Server number:         8.0.33.0
02-Jun-2016 14:58:59.027 INFO [main] org.apache.catalina.startup.VersionLoggerListener.log OS Name:               Windows 7
02-Jun-2016 14:58:59.028 INFO [main] org.apache.catalina.startup.VersionLoggerListener.log OS Version:            6.1
02-Jun-2016 14:58:59.029 INFO [main] org.apache.catalina.startup.VersionLoggerListener.log Architecture:          x86
02-Jun-2016 14:58:59.029 INFO [main] org.apache.catalina.startup.VersionLoggerListener.log Java Home:             C:\Program Files (x86)\Java\jre7
02-Jun-2016 14:58:59.030 INFO [main] org.apache.catalina.startup.VersionLoggerListener.log JVM Version:           1.7.0_79-b15
02-Jun-2016 14:58:59.031 INFO [main] org.apache.catalina.startup.VersionLoggerListener.log JVM Vendor:            Oracle Corporation
02-Jun-2016 14:58:59.032 INFO [main] org.apache.catalina.startup.VersionLoggerListener.log CATALINA_BASE:         C:\Users\Bart\Dropbox\Synthesis Project\16. Geoweb\dashboard\dashboard_in_sight\geoweb16\apache-tomcat-8.0.33
02-Jun-2016 14:58:59.032 INFO [main] org.apache.catalina.startup.VersionLoggerListener.log CATALINA_HOME:         C:\Users\Bart\Dropbox\Synthesis Project\16. Geoweb\dashboard\dashboard_in_sight\geoweb16\apache-tomcat-8.0.33
02-Jun-2016 14:58:59.045 INFO [main] org.apache.catalina.startup.VersionLoggerListener.log Command line argument: -Djava.util.logging.config.file=C:\Users\Bart\Dropbox\Synthesis Project\16. Geoweb\dashboard\dashboard_in_sight\geoweb16\apache-tomcat-8.0.33\conf\logging.properties
02-Jun-2016 14:58:59.046 INFO [main] org.apache.catalina.startup.VersionLoggerListener.log Command line argument: -Djava.util.logging.manager=org.apache.juli.ClassLoaderLogManager
02-Jun-2016 14:58:59.047 INFO [main] org.apache.catalina.startup.VersionLoggerListener.log Command line argument: -Djava.endorsed.dirs=C:\Users\Bart\Dropbox\Synthesis Project\16. Geoweb\dashboard\dashboard_in_sight\geoweb16\apache-tomcat-8.0.33\endorsed
02-Jun-2016 14:58:59.048 INFO [main] org.apache.catalina.startup.VersionLoggerListener.log Command line argument: -Dcatalina.base=C:\Users\Bart\Dropbox\Synthesis Project\16. Geoweb\dashboard\dashboard_in_sight\geoweb16\apache-tomcat-8.0.33
02-Jun-2016 14:58:59.049 INFO [main] org.apache.catalina.startup.VersionLoggerListener.log Command line argument: -Dcatalina.home=C:\Users\Bart\Dropbox\Synthesis Project\16. Geoweb\dashboard\dashboard_in_sight\geoweb16\apache-tomcat-8.0.33
02-Jun-2016 14:58:59.051 INFO [main] org.apache.catalina.startup.VersionLoggerListener.log Command line argument: -Djava.io.tmpdir=C:\Users\Bart\Dropbox\Synthesis Project\16. Geoweb\dashboard\dashboard_in_sight\geoweb16\apache-tomcat-8.0.33\temp
02-Jun-2016 14:58:59.052 INFO [main] org.apache.catalina.core.AprLifecycleListener.lifecycleEvent The APR based Apache Tomcat Native library which allows optimal performance in production environments was not found on the java.library.path: C:\Program Files (x86)\Java\jre7\bin;C:\windows\Sun\Java\bin;C:\windows\system32;C:\windows;C:\Program Files\Common Files\Microsoft Shared\Windows Live;C:\Program Files (x86)\Common Files\Microsoft Shared\Windows Live;C:\Python27\;C:\Python27\Scripts;c:\Python27\;C:\Program Files (x86)\Skype\Phone\;C:\Program Files (x86)\Windows Live\Shared;C:\Program Files\PostgreSQL\9.4\bin;C:\Program Files\PostgreSQL\9.4\lib;C:\Program Files\Microsoft\Web Platform Installer\;C:\Program Files (x86)\Java\jre7\bin;.
02-Jun-2016 14:59:01.163 INFO [main] org.apache.coyote.AbstractProtocol.init Initializing ProtocolHandler ["http-nio-8080"]
02-Jun-2016 14:59:01.525 INFO [main] org.apache.tomcat.util.net.NioSelectorPool.getSharedSelector Using a shared selector for servlet write/read
02-Jun-2016 14:59:01.558 INFO [main] org.apache.coyote.AbstractProtocol.init Initializing ProtocolHandler ["ajp-nio-8009"]
02-Jun-2016 14:59:01.563 INFO [main] org.apache.tomcat.util.net.NioSelectorPool.getSharedSelector Using a shared selector for servlet write/read
02-Jun-2016 14:59:01.564 INFO [main] org.apache.catalina.startup.Catalina.load Initialization processed in 4705 ms
02-Jun-2016 14:59:01.753 INFO [main] org.apache.catalina.core.StandardService.startInternal Starting service Catalina
02-Jun-2016 14:59:01.754 INFO [main] org.apache.catalina.core.StandardEngine.startInternal Starting Servlet Engine: Apache Tomcat/8.0.33
02-Jun-2016 14:59:01.998 INFO [localhost-startStop-1] org.apache.catalina.startup.HostConfig.deployWAR Deploying web application archive C:\Users\Bart\Dropbox\Synthesis Project\16. Geoweb\dashboard\dashboard_in_sight\geoweb16\apache-tomcat-8.0.33\webapps\geoserver.war
02-Jun-2016 14:59:53.675 INFO [localhost-startStop-1] org.apache.jasper.servlet.TldScanner.scanJars At least one JAR was scanned for TLDs yet contained no TLDs. Enable debug logging for this logger for a complete list of JARs that were scanned but no TLDs were found in them. Skipping unneeded JARs during scanning can improve startup time and JSP compilation time.
02-Jun-2016 14:59:58.561 WARNING [localhost-startStop-1] org.geoserver.platform.GeoServerExtensions.checkContext Extension lookup 'XStreamPersisterInitializer', but ApplicationContext is unset.
02-Jun-2016 14:59:58.563 WARNING [localhost-startStop-1] org.geoserver.platform.GeoServerExtensions.checkContext Extension lookup 'ExtensionFilter', but ApplicationContext is unset.
02-Jun-2016 14:59:58.567 WARNING [localhost-startStop-1] org.geoserver.platform.GeoServerExtensions.checkContext Extension lookup 'ExtensionProvider', but ApplicationContext is unset.
02-Jun-2016 14:59:58.568 WARNING [localhost-startStop-1] org.geoserver.platform.GeoServerExtensions.checkContext Extension lookup 'ExtensionFilter', but ApplicationContext is unset.
02-Jun-2016 15:00:01.848 WARNING [localhost-startStop-1] org.geoserver.platform.GeoServerExtensions.checkContext Extension lookup 'GeoServerSecurityProvider', but ApplicationContext is unset.
02-Jun-2016 15:00:01.848 WARNING [localhost-startStop-1] org.geoserver.platform.GeoServerExtensions.checkContext Extension lookup 'ExtensionFilter', but ApplicationContext is unset.
02-Jun-2016 15:00:01.849 WARNING [localhost-startStop-1] org.geoserver.platform.GeoServerExtensions.checkContext Extension lookup 'ExtensionProvider', but ApplicationContext is unset.
02-Jun-2016 15:00:01.849 WARNING [localhost-startStop-1] org.geoserver.platform.GeoServerExtensions.checkContext Extension lookup 'ExtensionFilter', but ApplicationContext is unset.
02-Jun-2016 15:01:02.623 INFO [localhost-startStop-1] org.apache.catalina.startup.HostConfig.deployWAR Deployment of web application archive C:\Users\Bart\Dropbox\Synthesis Project\16. Geoweb\dashboard\dashboard_in_sight\geoweb16\apache-tomcat-8.0.33\webapps\geoserver.war has finished in 120,624 ms
02-Jun-2016 15:01:02.624 INFO [localhost-startStop-1] org.apache.catalina.startup.HostConfig.deployDirectory Deploying web application directory C:\Users\Bart\Dropbox\Synthesis Project\16. Geoweb\dashboard\dashboard_in_sight\geoweb16\apache-tomcat-8.0.33\webapps\docs
02-Jun-2016 15:01:02.681 INFO [localhost-startStop-1] org.apache.catalina.startup.HostConfig.deployDirectory Deployment of web application directory C:\Users\Bart\Dropbox\Synthesis Project\16. Geoweb\dashboard\dashboard_in_sight\geoweb16\apache-tomcat-8.0.33\webapps\docs has finished in 57 ms
02-Jun-2016 15:01:02.681 INFO [localhost-startStop-1] org.apache.catalina.startup.HostConfig.deployDirectory Deploying web application directory C:\Users\Bart\Dropbox\Synthesis Project\16. Geoweb\dashboard\dashboard_in_sight\geoweb16\apache-tomcat-8.0.33\webapps\host-manager
02-Jun-2016 15:01:02.893 INFO [localhost-startStop-1] org.apache.catalina.startup.HostConfig.deployDirectory Deployment of web application directory C:\Users\Bart\Dropbox\Synthesis Project\16. Geoweb\dashboard\dashboard_in_sight\geoweb16\apache-tomcat-8.0.33\webapps\host-manager has finished in 212 ms
02-Jun-2016 15:01:02.894 INFO [localhost-startStop-1] org.apache.catalina.startup.HostConfig.deployDirectory Deploying web application directory C:\Users\Bart\Dropbox\Synthesis Project\16. Geoweb\dashboard\dashboard_in_sight\geoweb16\apache-tomcat-8.0.33\webapps\in_sight
02-Jun-2016 15:01:02.946 INFO [localhost-startStop-1] org.apache.catalina.startup.HostConfig.deployDirectory Deployment of web application directory C:\Users\Bart\Dropbox\Synthesis Project\16. Geoweb\dashboard\dashboard_in_sight\geoweb16\apache-tomcat-8.0.33\webapps\in_sight has finished in 51 ms
02-Jun-2016 15:01:02.946 INFO [localhost-startStop-1] org.apache.catalina.startup.HostConfig.deployDirectory Deploying web application directory C:\Users\Bart\Dropbox\Synthesis Project\16. Geoweb\dashboard\dashboard_in_sight\geoweb16\apache-tomcat-8.0.33\webapps\manager
02-Jun-2016 15:01:03.083 INFO [localhost-startStop-1] org.apache.catalina.startup.HostConfig.deployDirectory Deployment of web application directory C:\Users\Bart\Dropbox\Synthesis Project\16. Geoweb\dashboard\dashboard_in_sight\geoweb16\apache-tomcat-8.0.33\webapps\manager has finished in 137 ms
02-Jun-2016 15:01:03.084 INFO [localhost-startStop-1] org.apache.catalina.startup.HostConfig.deployDirectory Deploying web application directory C:\Users\Bart\Dropbox\Synthesis Project\16. Geoweb\dashboard\dashboard_in_sight\geoweb16\apache-tomcat-8.0.33\webapps\ROOT
02-Jun-2016 15:01:03.157 INFO [localhost-startStop-1] org.apache.catalina.startup.HostConfig.deployDirectory Deployment of web application directory C:\Users\Bart\Dropbox\Synthesis Project\16. Geoweb\dashboard\dashboard_in_sight\geoweb16\apache-tomcat-8.0.33\webapps\ROOT has finished in 73 ms
02-Jun-2016 15:01:03.157 INFO [localhost-startStop-1] org.apache.catalina.startup.HostConfig.deployDirectory Deploying web application directory C:\Users\Bart\Dropbox\Synthesis Project\16. Geoweb\dashboard\dashboard_in_sight\geoweb16\apache-tomcat-8.0.33\webapps\target
02-Jun-2016 15:01:03.183 INFO [localhost-startStop-1] org.apache.catalina.startup.HostConfig.deployDirectory Deployment of web application directory C:\Users\Bart\Dropbox\Synthesis Project\16. Geoweb\dashboard\dashboard_in_sight\geoweb16\apache-tomcat-8.0.33\webapps\target has finished in 26 ms
02-Jun-2016 15:01:03.189 INFO [main] org.apache.coyote.AbstractProtocol.start Starting ProtocolHandler ["http-nio-8080"]
02-Jun-2016 15:01:03.198 INFO [main] org.apache.coyote.AbstractProtocol.start Starting ProtocolHandler ["ajp-nio-8009"]
02-Jun-2016 15:01:03.201 INFO [main] org.apache.catalina.startup.Catalina.start Server startup in 121634 ms
02-Jun-2016 17:38:43.163 INFO [main] org.apache.catalina.startup.VersionLoggerListener.log Server version:        Apache Tomcat/8.0.33
02-Jun-2016 17:38:43.164 INFO [main] org.apache.catalina.startup.VersionLoggerListener.log Server built:          Mar 18 2016 20:31:49 UTC
02-Jun-2016 17:38:43.164 INFO [main] org.apache.catalina.startup.VersionLoggerListener.log Server number:         8.0.33.0
02-Jun-2016 17:38:43.164 INFO [main] org.apache.catalina.startup.VersionLoggerListener.log OS Name:               Windows 10
02-Jun-2016 17:38:43.164 INFO [main] org.apache.catalina.startup.VersionLoggerListener.log OS Version:            10.0
02-Jun-2016 17:38:43.164 INFO [main] org.apache.catalina.startup.VersionLoggerListener.log Architecture:          amd64
02-Jun-2016 17:38:43.164 INFO [main] org.apache.catalina.startup.VersionLoggerListener.log Java Home:             C:\Program Files\Java\jre1.8.0_72
02-Jun-2016 17:38:43.164 INFO [main] org.apache.catalina.startup.VersionLoggerListener.log JVM Version:           1.8.0_72-b15
02-Jun-2016 17:38:43.164 INFO [main] org.apache.catalina.startup.VersionLoggerListener.log JVM Vendor:            Oracle Corporation
02-Jun-2016 17:38:43.164 INFO [main] org.apache.catalina.startup.VersionLoggerListener.log CATALINA_BASE:         C:\Users\Birgit Ligtvoet\Dropbox\Synthesis Project\16. Geoweb\dashboard\dashboard_in_sight\geoweb16\apache-tomcat-8.0.33
02-Jun-2016 17:38:43.164 INFO [main] org.apache.catalina.startup.VersionLoggerListener.log CATALINA_HOME:         C:\Users\Birgit Ligtvoet\Dropbox\Synthesis Project\16. Geoweb\dashboard\dashboard_in_sight\geoweb16\apache-tomcat-8.0.33
02-Jun-2016 17:38:43.164 INFO [main] org.apache.catalina.startup.VersionLoggerListener.log Command line argument: -Djava.util.logging.config.file=C:\Users\Birgit Ligtvoet\Dropbox\Synthesis Project\16. Geoweb\dashboard\dashboard_in_sight\geoweb16\apache-tomcat-8.0.33\conf\logging.properties
02-Jun-2016 17:38:43.164 INFO [main] org.apache.catalina.startup.VersionLoggerListener.log Command line argument: -Djava.util.logging.manager=org.apache.juli.ClassLoaderLogManager
02-Jun-2016 17:38:43.164 INFO [main] org.apache.catalina.startup.VersionLoggerListener.log Command line argument: -Djava.endorsed.dirs=C:\Users\Birgit Ligtvoet\Dropbox\Synthesis Project\16. Geoweb\dashboard\dashboard_in_sight\geoweb16\apache-tomcat-8.0.33\endorsed
02-Jun-2016 17:38:43.164 INFO [main] org.apache.catalina.startup.VersionLoggerListener.log Command line argument: -Dcatalina.base=C:\Users\Birgit Ligtvoet\Dropbox\Synthesis Project\16. Geoweb\dashboard\dashboard_in_sight\geoweb16\apache-tomcat-8.0.33
02-Jun-2016 17:38:43.164 INFO [main] org.apache.catalina.startup.VersionLoggerListener.log Command line argument: -Dcatalina.home=C:\Users\Birgit Ligtvoet\Dropbox\Synthesis Project\16. Geoweb\dashboard\dashboard_in_sight\geoweb16\apache-tomcat-8.0.33
02-Jun-2016 17:38:43.170 INFO [main] org.apache.catalina.startup.VersionLoggerListener.log Command line argument: -Djava.io.tmpdir=C:\Users\Birgit Ligtvoet\Dropbox\Synthesis Project\16. Geoweb\dashboard\dashboard_in_sight\geoweb16\apache-tomcat-8.0.33\temp
02-Jun-2016 17:38:43.171 INFO [main] org.apache.catalina.core.AprLifecycleListener.lifecycleEvent The APR based Apache Tomcat Native library which allows optimal performance in production environments was not found on the java.library.path: C:\Program Files\Java\jre1.8.0_72\bin;C:\WINDOWS\Sun\Java\bin;C:\WINDOWS\system32;C:\WINDOWS;C:\Program Files (x86)\Intel\iCLS Client\;C:\Program Files\Intel\iCLS Client\;C:\ProgramData\Oracle\Java\javapath;C:\WINDOWS\system32;C:\WINDOWS;C:\WINDOWS\System32\Wbem;C:\WINDOWS\System32\WindowsPowerShell\v1.0\;C:\Program Files\Intel\WiFi\bin\;C:\Program Files\Common Files\Intel\WirelessCommon\;C:\Program Files (x86)\Intel\Intel(R) Management Engine Components\DAL;C:\Program Files\Intel\Intel(R) Management Engine Components\DAL;C:\Program Files (x86)\Intel\Intel(R) Management Engine Components\IPT;C:\Program Files\Intel\Intel(R) Management Engine Components\IPT;C:\Program Files (x86)\CodeBlocks\MinGW\bin;C:\Program Files\Common Files\Autodesk Shared\;C:\Program Files (x86)\Skype\Phone\;C:\Program Files (x86)\PostgreSQL\9.5\bin;C:\Program Files (x86)\FME\;C:\WINDOWS\system32;C:\WINDOWS;C:\WINDOWS\System32\Wbem;C:\WINDOWS\System32\WindowsPowerShell\v1.0\;C:\Python27\;C:\Python27\Scripts\;C:\Program Files\Intel\WiFi\bin\;C:\Program Files\Common Files\Intel\WirelessCommon\;.
02-Jun-2016 17:38:43.279 INFO [main] org.apache.coyote.AbstractProtocol.init Initializing ProtocolHandler ["http-nio-8080"]
02-Jun-2016 17:38:43.327 INFO [main] org.apache.tomcat.util.net.NioSelectorPool.getSharedSelector Using a shared selector for servlet write/read
02-Jun-2016 17:38:43.332 INFO [main] org.apache.coyote.AbstractProtocol.init Initializing ProtocolHandler ["ajp-nio-8009"]
02-Jun-2016 17:38:43.334 INFO [main] org.apache.tomcat.util.net.NioSelectorPool.getSharedSelector Using a shared selector for servlet write/read
02-Jun-2016 17:38:43.335 INFO [main] org.apache.catalina.startup.Catalina.load Initialization processed in 453 ms
02-Jun-2016 17:38:43.354 INFO [main] org.apache.catalina.core.StandardService.startInternal Starting service Catalina
02-Jun-2016 17:38:43.354 INFO [main] org.apache.catalina.core.StandardEngine.startInternal Starting Servlet Engine: Apache Tomcat/8.0.33
02-Jun-2016 17:38:43.378 INFO [localhost-startStop-1] org.apache.catalina.startup.HostConfig.deployWAR Deploying web application archive C:\Users\Birgit Ligtvoet\Dropbox\Synthesis Project\16. Geoweb\dashboard\dashboard_in_sight\geoweb16\apache-tomcat-8.0.33\webapps\geoserver.war
02-Jun-2016 17:39:00.962 INFO [main] org.apache.catalina.startup.VersionLoggerListener.log Server version:        Apache Tomcat/8.0.33
02-Jun-2016 17:39:00.969 INFO [main] org.apache.catalina.startup.VersionLoggerListener.log Server built:          Mar 18 2016 20:31:49 UTC
02-Jun-2016 17:39:00.969 INFO [main] org.apache.catalina.startup.VersionLoggerListener.log Server number:         8.0.33.0
02-Jun-2016 17:39:00.969 INFO [main] org.apache.catalina.startup.VersionLoggerListener.log OS Name:               Windows 10
02-Jun-2016 17:39:00.970 INFO [main] org.apache.catalina.startup.VersionLoggerListener.log OS Version:            10.0
02-Jun-2016 17:39:00.970 INFO [main] org.apache.catalina.startup.VersionLoggerListener.log Architecture:          amd64
02-Jun-2016 17:39:00.970 INFO [main] org.apache.catalina.startup.VersionLoggerListener.log Java Home:             C:\Program Files\Java\jre1.8.0_72
02-Jun-2016 17:39:00.970 INFO [main] org.apache.catalina.startup.VersionLoggerListener.log JVM Version:           1.8.0_72-b15
02-Jun-2016 17:39:00.970 INFO [main] org.apache.catalina.startup.VersionLoggerListener.log JVM Vendor:            Oracle Corporation
02-Jun-2016 17:39:00.971 INFO [main] org.apache.catalina.startup.VersionLoggerListener.log CATALINA_BASE:         C:\Users\Birgit Ligtvoet\Dropbox\Synthesis Project\16. Geoweb\dashboard\dashboard_in_sight\geoweb16\apache-tomcat-8.0.33
02-Jun-2016 17:39:00.971 INFO [main] org.apache.catalina.startup.VersionLoggerListener.log CATALINA_HOME:         C:\Users\Birgit Ligtvoet\Dropbox\Synthesis Project\16. Geoweb\dashboard\dashboard_in_sight\geoweb16\apache-tomcat-8.0.33
02-Jun-2016 17:39:00.971 INFO [main] org.apache.catalina.startup.VersionLoggerListener.log Command line argument: -Djava.util.logging.config.file=C:\Users\Birgit Ligtvoet\Dropbox\Synthesis Project\16. Geoweb\dashboard\dashboard_in_sight\geoweb16\apache-tomcat-8.0.33\conf\logging.properties
02-Jun-2016 17:39:00.972 INFO [main] org.apache.catalina.startup.VersionLoggerListener.log Command line argument: -Djava.util.logging.manager=org.apache.juli.ClassLoaderLogManager
02-Jun-2016 17:39:00.972 INFO [main] org.apache.catalina.startup.VersionLoggerListener.log Command line argument: -Djava.endorsed.dirs=C:\Users\Birgit Ligtvoet\Dropbox\Synthesis Project\16. Geoweb\dashboard\dashboard_in_sight\geoweb16\apache-tomcat-8.0.33\endorsed
02-Jun-2016 17:39:00.972 INFO [main] org.apache.catalina.startup.VersionLoggerListener.log Command line argument: -Dcatalina.base=C:\Users\Birgit Ligtvoet\Dropbox\Synthesis Project\16. Geoweb\dashboard\dashboard_in_sight\geoweb16\apache-tomcat-8.0.33
02-Jun-2016 17:39:00.972 INFO [main] org.apache.catalina.startup.VersionLoggerListener.log Command line argument: -Dcatalina.home=C:\Users\Birgit Ligtvoet\Dropbox\Synthesis Project\16. Geoweb\dashboard\dashboard_in_sight\geoweb16\apache-tomcat-8.0.33
02-Jun-2016 17:39:00.972 INFO [main] org.apache.catalina.startup.VersionLoggerListener.log Command line argument: -Djava.io.tmpdir=C:\Users\Birgit Ligtvoet\Dropbox\Synthesis Project\16. Geoweb\dashboard\dashboard_in_sight\geoweb16\apache-tomcat-8.0.33\temp
02-Jun-2016 17:39:00.972 INFO [main] org.apache.catalina.core.AprLifecycleListener.lifecycleEvent The APR based Apache Tomcat Native library which allows optimal performance in production environments was not found on the java.library.path: C:\Program Files\Java\jre1.8.0_72\bin;C:\WINDOWS\Sun\Java\bin;C:\WINDOWS\system32;C:\WINDOWS;C:\Program Files (x86)\Intel\iCLS Client\;C:\Program Files\Intel\iCLS Client\;C:\ProgramData\Oracle\Java\javapath;C:\WINDOWS\system32;C:\WINDOWS;C:\WINDOWS\System32\Wbem;C:\WINDOWS\System32\WindowsPowerShell\v1.0\;C:\Program Files\Intel\WiFi\bin\;C:\Program Files\Common Files\Intel\WirelessCommon\;C:\Program Files (x86)\Intel\Intel(R) Management Engine Components\DAL;C:\Program Files\Intel\Intel(R) Management Engine Components\DAL;C:\Program Files (x86)\Intel\Intel(R) Management Engine Components\IPT;C:\Program Files\Intel\Intel(R) Management Engine Components\IPT;C:\Program Files (x86)\CodeBlocks\MinGW\bin;C:\Program Files\Common Files\Autodesk Shared\;C:\Program Files (x86)\Skype\Phone\;C:\Program Files (x86)\PostgreSQL\9.5\bin;C:\Program Files (x86)\FME\;C:\WINDOWS\system32;C:\WINDOWS;C:\WINDOWS\System32\Wbem;C:\WINDOWS\System32\WindowsPowerShell\v1.0\;C:\Python27\;C:\Python27\Scripts\;C:\Program Files\Intel\WiFi\bin\;C:\Program Files\Common Files\Intel\WirelessCommon\;.
02-Jun-2016 17:39:01.084 INFO [main] org.apache.coyote.AbstractProtocol.init Initializing ProtocolHandler ["http-nio-8080"]
02-Jun-2016 17:39:01.137 INFO [main] org.apache.tomcat.util.net.NioSelectorPool.getSharedSelector Using a shared selector for servlet write/read
02-Jun-2016 17:39:01.141 INFO [main] org.apache.coyote.AbstractProtocol.init Initializing ProtocolHandler ["ajp-nio-8009"]
02-Jun-2016 17:39:01.144 INFO [main] org.apache.tomcat.util.net.NioSelectorPool.getSharedSelector Using a shared selector for servlet write/read
02-Jun-2016 17:39:01.144 INFO [main] org.apache.catalina.startup.Catalina.load Initialization processed in 457 ms
02-Jun-2016 17:39:01.162 INFO [main] org.apache.catalina.core.StandardService.startInternal Starting service Catalina
02-Jun-2016 17:39:01.162 INFO [main] org.apache.catalina.core.StandardEngine.startInternal Starting Servlet Engine: Apache Tomcat/8.0.33
02-Jun-2016 17:39:01.184 INFO [localhost-startStop-1] org.apache.catalina.startup.HostConfig.deployWAR Deploying web application archive C:\Users\Birgit Ligtvoet\Dropbox\Synthesis Project\16. Geoweb\dashboard\dashboard_in_sight\geoweb16\apache-tomcat-8.0.33\webapps\geoserver.war
02-Jun-2016 17:39:13.023 INFO [localhost-startStop-1] org.apache.jasper.servlet.TldScanner.scanJars At least one JAR was scanned for TLDs yet contained no TLDs. Enable debug logging for this logger for a complete list of JARs that were scanned but no TLDs were found in them. Skipping unneeded JARs during scanning can improve startup time and JSP compilation time.
02-Jun-2016 17:39:14.864 WARNING [localhost-startStop-1] org.geoserver.platform.GeoServerExtensions.checkContext Extension lookup 'XStreamPersisterInitializer', but ApplicationContext is unset.
02-Jun-2016 17:39:14.866 WARNING [localhost-startStop-1] org.geoserver.platform.GeoServerExtensions.checkContext Extension lookup 'ExtensionFilter', but ApplicationContext is unset.
02-Jun-2016 17:39:14.870 WARNING [localhost-startStop-1] org.geoserver.platform.GeoServerExtensions.checkContext Extension lookup 'ExtensionProvider', but ApplicationContext is unset.
02-Jun-2016 17:39:14.870 WARNING [localhost-startStop-1] org.geoserver.platform.GeoServerExtensions.checkContext Extension lookup 'ExtensionFilter', but ApplicationContext is unset.
02-Jun-2016 17:39:17.030 WARNING [localhost-startStop-1] org.geoserver.platform.GeoServerExtensions.checkContext Extension lookup 'GeoServerSecurityProvider', but ApplicationContext is unset.
02-Jun-2016 17:39:17.031 WARNING [localhost-startStop-1] org.geoserver.platform.GeoServerExtensions.checkContext Extension lookup 'ExtensionFilter', but ApplicationContext is unset.
02-Jun-2016 17:39:17.031 WARNING [localhost-startStop-1] org.geoserver.platform.GeoServerExtensions.checkContext Extension lookup 'ExtensionProvider', but ApplicationContext is unset.
02-Jun-2016 17:39:17.032 WARNING [localhost-startStop-1] org.geoserver.platform.GeoServerExtensions.checkContext Extension lookup 'ExtensionFilter', but ApplicationContext is unset.
02-Jun-2016 17:39:32.009 INFO [localhost-startStop-1] org.apache.catalina.startup.HostConfig.deployWAR Deployment of web application archive C:\Users\Birgit Ligtvoet\Dropbox\Synthesis Project\16. Geoweb\dashboard\dashboard_in_sight\geoweb16\apache-tomcat-8.0.33\webapps\geoserver.war has finished in 30,825 ms
02-Jun-2016 17:39:32.010 INFO [localhost-startStop-1] org.apache.catalina.startup.HostConfig.deployDirectory Deploying web application directory C:\Users\Birgit Ligtvoet\Dropbox\Synthesis Project\16. Geoweb\dashboard\dashboard_in_sight\geoweb16\apache-tomcat-8.0.33\webapps\docs
02-Jun-2016 17:39:32.033 INFO [localhost-startStop-1] org.apache.catalina.startup.HostConfig.deployDirectory Deployment of web application directory C:\Users\Birgit Ligtvoet\Dropbox\Synthesis Project\16. Geoweb\dashboard\dashboard_in_sight\geoweb16\apache-tomcat-8.0.33\webapps\docs has finished in 23 ms
02-Jun-2016 17:39:32.034 INFO [localhost-startStop-1] org.apache.catalina.startup.HostConfig.deployDirectory Deploying web application directory C:\Users\Birgit Ligtvoet\Dropbox\Synthesis Project\16. Geoweb\dashboard\dashboard_in_sight\geoweb16\apache-tomcat-8.0.33\webapps\host-manager
02-Jun-2016 17:39:32.071 INFO [localhost-startStop-1] org.apache.catalina.startup.HostConfig.deployDirectory Deployment of web application directory C:\Users\Birgit Ligtvoet\Dropbox\Synthesis Project\16. Geoweb\dashboard\dashboard_in_sight\geoweb16\apache-tomcat-8.0.33\webapps\host-manager has finished in 37 ms
02-Jun-2016 17:39:32.072 INFO [localhost-startStop-1] org.apache.catalina.startup.HostConfig.deployDirectory Deploying web application directory C:\Users\Birgit Ligtvoet\Dropbox\Synthesis Project\16. Geoweb\dashboard\dashboard_in_sight\geoweb16\apache-tomcat-8.0.33\webapps\in_sight
02-Jun-2016 17:39:32.095 INFO [localhost-startStop-1] org.apache.catalina.startup.HostConfig.deployDirectory Deployment of web application directory C:\Users\Birgit Ligtvoet\Dropbox\Synthesis Project\16. Geoweb\dashboard\dashboard_in_sight\geoweb16\apache-tomcat-8.0.33\webapps\in_sight has finished in 23 ms
02-Jun-2016 17:39:32.096 INFO [localhost-startStop-1] org.apache.catalina.startup.HostConfig.deployDirectory Deploying web application directory C:\Users\Birgit Ligtvoet\Dropbox\Synthesis Project\16. Geoweb\dashboard\dashboard_in_sight\geoweb16\apache-tomcat-8.0.33\webapps\manager
02-Jun-2016 17:39:32.123 INFO [localhost-startStop-1] org.apache.catalina.startup.HostConfig.deployDirectory Deployment of web application directory C:\Users\Birgit Ligtvoet\Dropbox\Synthesis Project\16. Geoweb\dashboard\dashboard_in_sight\geoweb16\apache-tomcat-8.0.33\webapps\manager has finished in 27 ms
02-Jun-2016 17:39:32.124 INFO [localhost-startStop-1] org.apache.catalina.startup.HostConfig.deployDirectory Deploying web application directory C:\Users\Birgit Ligtvoet\Dropbox\Synthesis Project\16. Geoweb\dashboard\dashboard_in_sight\geoweb16\apache-tomcat-8.0.33\webapps\ROOT
02-Jun-2016 17:39:32.148 INFO [localhost-startStop-1] org.apache.catalina.startup.HostConfig.deployDirectory Deployment of web application directory C:\Users\Birgit Ligtvoet\Dropbox\Synthesis Project\16. Geoweb\dashboard\dashboard_in_sight\geoweb16\apache-tomcat-8.0.33\webapps\ROOT has finished in 24 ms
02-Jun-2016 17:39:32.149 INFO [localhost-startStop-1] org.apache.catalina.startup.HostConfig.deployDirectory Deploying web application directory C:\Users\Birgit Ligtvoet\Dropbox\Synthesis Project\16. Geoweb\dashboard\dashboard_in_sight\geoweb16\apache-tomcat-8.0.33\webapps\target
02-Jun-2016 17:39:32.168 INFO [localhost-startStop-1] org.apache.catalina.startup.HostConfig.deployDirectory Deployment of web application directory C:\Users\Birgit Ligtvoet\Dropbox\Synthesis Project\16. Geoweb\dashboard\dashboard_in_sight\geoweb16\apache-tomcat-8.0.33\webapps\target has finished in 19 ms
02-Jun-2016 17:39:32.172 INFO [main] org.apache.coyote.AbstractProtocol.start Starting ProtocolHandler ["http-nio-8080"]
02-Jun-2016 17:39:32.181 INFO [main] org.apache.coyote.AbstractProtocol.start Starting ProtocolHandler ["ajp-nio-8009"]
02-Jun-2016 17:39:32.184 INFO [main] org.apache.catalina.startup.Catalina.start Server startup in 31039 ms
02-Jun-2016 18:53:09.451 INFO [main] org.apache.catalina.startup.VersionLoggerListener.log Server version:        Apache Tomcat/8.0.33
02-Jun-2016 18:53:09.451 INFO [main] org.apache.catalina.startup.VersionLoggerListener.log Server built:          Mar 18 2016 20:31:49 UTC
02-Jun-2016 18:53:09.451 INFO [main] org.apache.catalina.startup.VersionLoggerListener.log Server number:         8.0.33.0
02-Jun-2016 18:53:09.451 INFO [main] org.apache.catalina.startup.VersionLoggerListener.log OS Name:               Windows 10
02-Jun-2016 18:53:09.451 INFO [main] org.apache.catalina.startup.VersionLoggerListener.log OS Version:            10.0
02-Jun-2016 18:53:09.451 INFO [main] org.apache.catalina.startup.VersionLoggerListener.log Architecture:          x86
02-Jun-2016 18:53:09.451 INFO [main] org.apache.catalina.startup.VersionLoggerListener.log Java Home:             C:\Program Files (x86)\Java\jre1.8.0_77
02-Jun-2016 18:53:09.451 INFO [main] org.apache.catalina.startup.VersionLoggerListener.log JVM Version:           1.8.0_77-b03
02-Jun-2016 18:53:09.451 INFO [main] org.apache.catalina.startup.VersionLoggerListener.log JVM Vendor:            Oracle Corporation
02-Jun-2016 18:53:09.451 INFO [main] org.apache.catalina.startup.VersionLoggerListener.log CATALINA_BASE:         C:\Users\robbr\Dropbox\Synthesis Project\16. Geoweb\Dashboard\dashboard_in_sight\geoweb16\apache-tomcat-8.0.33
02-Jun-2016 18:53:09.451 INFO [main] org.apache.catalina.startup.VersionLoggerListener.log CATALINA_HOME:         C:\Users\robbr\Dropbox\Synthesis Project\16. Geoweb\Dashboard\dashboard_in_sight\geoweb16\apache-tomcat-8.0.33
02-Jun-2016 18:53:09.451 INFO [main] org.apache.catalina.startup.VersionLoggerListener.log Command line argument: -Djava.util.logging.config.file=C:\Users\robbr\Dropbox\Synthesis Project\16. Geoweb\Dashboard\dashboard_in_sight\geoweb16\apache-tomcat-8.0.33\conf\logging.properties
02-Jun-2016 18:53:09.451 INFO [main] org.apache.catalina.startup.VersionLoggerListener.log Command line argument: -Djava.util.logging.manager=org.apache.juli.ClassLoaderLogManager
02-Jun-2016 18:53:09.451 INFO [main] org.apache.catalina.startup.VersionLoggerListener.log Command line argument: -Djava.endorsed.dirs=C:\Users\robbr\Dropbox\Synthesis Project\16. Geoweb\Dashboard\dashboard_in_sight\geoweb16\apache-tomcat-8.0.33\endorsed
02-Jun-2016 18:53:09.451 INFO [main] org.apache.catalina.startup.VersionLoggerListener.log Command line argument: -Dcatalina.base=C:\Users\robbr\Dropbox\Synthesis Project\16. Geoweb\Dashboard\dashboard_in_sight\geoweb16\apache-tomcat-8.0.33
02-Jun-2016 18:53:09.451 INFO [main] org.apache.catalina.startup.VersionLoggerListener.log Command line argument: -Dcatalina.home=C:\Users\robbr\Dropbox\Synthesis Project\16. Geoweb\Dashboard\dashboard_in_sight\geoweb16\apache-tomcat-8.0.33
02-Jun-2016 18:53:09.451 INFO [main] org.apache.catalina.startup.VersionLoggerListener.log Command line argument: -Djava.io.tmpdir=C:\Users\robbr\Dropbox\Synthesis Project\16. Geoweb\Dashboard\dashboard_in_sight\geoweb16\apache-tomcat-8.0.33\temp
02-Jun-2016 18:53:09.451 INFO [main] org.apache.catalina.core.AprLifecycleListener.lifecycleEvent The APR based Apache Tomcat Native library which allows optimal performance in production environments was not found on the java.library.path: C:\Program Files (x86)\Java\jre1.8.0_77\bin;C:\WINDOWS\Sun\Java\bin;C:\WINDOWS\system32;C:\WINDOWS;C:\ProgramData\Oracle\Java\javapath;C:\Program Files (x86)\Intel\iCLS Client\;C:\Program Files\Intel\iCLS Client\;C:\Windows\system32;C:\Windows;C:\Windows\System32\Wbem;C:\Windows\System32\WindowsPowerShell\v1.0\;C:\Program Files\Intel\Intel(R) Management Engine Components\DAL;C:\Program Files\Intel\Intel(R) Management Engine Components\IPT;C:\Program Files (x86)\Intel\Intel(R) Management Engine Components\DAL;C:\Program Files (x86)\Intel\Intel(R) Management Engine Components\IPT;C:\Program Files (x86)\NVIDIA Corporation\PhysX\Common;C:\Program Files\Python\Scripts;C:\Program Files\Python;C:\WINDOWS\system32;C:\WINDOWS;C:\WINDOWS\System32\Wbem;C:\WINDOWS\System32\WindowsPowerShell\v1.0\;C:\Program Files (x86)\Common Files\Acronis\SnapAPI\;C:\Program Files\PostgreSQL\9.4\bin;C:\Program Files (x86)\Windows Kits\10\Windows Performance Toolkit\;C:\Users\robbr\.dnx\bin;C:\Program Files\Microsoft DNX\Dnvm\;C:\Program Files\Microsoft SQL Server\120\Tools\Binn\;C:\Program Files (x86)\Skype\Phone\;C:\Program Files\FME\;C:\Program Files\Microsoft SQL Server\130\Tools\Binn\;C:\Program Files\Git\cmd;C:\Program Files\Microsoft\Web Platform Installer\;C:\Program Files (x86)\Brackets\command;C:\Program Files\Python;C:\Program Files\Python\Scripts;C:\Programs\PostgreSQL\9.4\bin;C:\Program Files (x86)\Microsoft VS Code\bin;.
02-Jun-2016 18:53:09.576 INFO [main] org.apache.coyote.AbstractProtocol.init Initializing ProtocolHandler ["http-nio-8080"]
02-Jun-2016 18:53:09.638 INFO [main] org.apache.tomcat.util.net.NioSelectorPool.getSharedSelector Using a shared selector for servlet write/read
02-Jun-2016 18:53:09.638 INFO [main] org.apache.coyote.AbstractProtocol.init Initializing ProtocolHandler ["ajp-nio-8009"]
02-Jun-2016 18:53:09.638 INFO [main] org.apache.tomcat.util.net.NioSelectorPool.getSharedSelector Using a shared selector for servlet write/read
02-Jun-2016 18:53:09.638 INFO [main] org.apache.catalina.startup.Catalina.load Initialization processed in 470 ms
02-Jun-2016 18:53:09.654 INFO [main] org.apache.catalina.core.StandardService.startInternal Starting service Catalina
02-Jun-2016 18:53:09.654 INFO [main] org.apache.catalina.core.StandardEngine.startInternal Starting Servlet Engine: Apache Tomcat/8.0.33
02-Jun-2016 18:53:09.685 INFO [localhost-startStop-1] org.apache.catalina.startup.HostConfig.deployWAR Deploying web application archive C:\Users\robbr\Dropbox\Synthesis Project\16. Geoweb\Dashboard\dashboard_in_sight\geoweb16\apache-tomcat-8.0.33\webapps\geoserver.war
02-Jun-2016 18:53:22.310 INFO [localhost-startStop-1] org.apache.jasper.servlet.TldScanner.scanJars At least one JAR was scanned for TLDs yet contained no TLDs. Enable debug logging for this logger for a complete list of JARs that were scanned but no TLDs were found in them. Skipping unneeded JARs during scanning can improve startup time and JSP compilation time.
02-Jun-2016 18:53:24.216 WARNING [localhost-startStop-1] org.geoserver.platform.GeoServerExtensions.checkContext Extension lookup 'XStreamPersisterInitializer', but ApplicationContext is unset.
02-Jun-2016 18:53:24.217 WARNING [localhost-startStop-1] org.geoserver.platform.GeoServerExtensions.checkContext Extension lookup 'ExtensionFilter', but ApplicationContext is unset.
02-Jun-2016 18:53:24.221 WARNING [localhost-startStop-1] org.geoserver.platform.GeoServerExtensions.checkContext Extension lookup 'ExtensionProvider', but ApplicationContext is unset.
02-Jun-2016 18:53:24.221 WARNING [localhost-startStop-1] org.geoserver.platform.GeoServerExtensions.checkContext Extension lookup 'ExtensionFilter', but ApplicationContext is unset.
02-Jun-2016 18:53:26.159 WARNING [localhost-startStop-1] org.geoserver.platform.GeoServerExtensions.checkContext Extension lookup 'GeoServerSecurityProvider', but ApplicationContext is unset.
02-Jun-2016 18:53:26.159 WARNING [localhost-startStop-1] org.geoserver.platform.GeoServerExtensions.checkContext Extension lookup 'ExtensionFilter', but ApplicationContext is unset.
02-Jun-2016 18:53:26.160 WARNING [localhost-startStop-1] org.geoserver.platform.GeoServerExtensions.checkContext Extension lookup 'ExtensionProvider', but ApplicationContext is unset.
02-Jun-2016 18:53:26.160 WARNING [localhost-startStop-1] org.geoserver.platform.GeoServerExtensions.checkContext Extension lookup 'ExtensionFilter', but ApplicationContext is unset.
02-Jun-2016 18:53:38.095 INFO [localhost-startStop-1] org.apache.catalina.startup.HostConfig.deployWAR Deployment of web application archive C:\Users\robbr\Dropbox\Synthesis Project\16. Geoweb\Dashboard\dashboard_in_sight\geoweb16\apache-tomcat-8.0.33\webapps\geoserver.war has finished in 28,410 ms
02-Jun-2016 18:53:38.096 INFO [localhost-startStop-1] org.apache.catalina.startup.HostConfig.deployDirectory Deploying web application directory C:\Users\robbr\Dropbox\Synthesis Project\16. Geoweb\Dashboard\dashboard_in_sight\geoweb16\apache-tomcat-8.0.33\webapps\docs
02-Jun-2016 18:53:38.117 INFO [localhost-startStop-1] org.apache.catalina.startup.HostConfig.deployDirectory Deployment of web application directory C:\Users\robbr\Dropbox\Synthesis Project\16. Geoweb\Dashboard\dashboard_in_sight\geoweb16\apache-tomcat-8.0.33\webapps\docs has finished in 20 ms
02-Jun-2016 18:53:38.117 INFO [localhost-startStop-1] org.apache.catalina.startup.HostConfig.deployDirectory Deploying web application directory C:\Users\robbr\Dropbox\Synthesis Project\16. Geoweb\Dashboard\dashboard_in_sight\geoweb16\apache-tomcat-8.0.33\webapps\host-manager
02-Jun-2016 18:53:38.147 INFO [localhost-startStop-1] org.apache.catalina.startup.HostConfig.deployDirectory Deployment of web application directory C:\Users\robbr\Dropbox\Synthesis Project\16. Geoweb\Dashboard\dashboard_in_sight\geoweb16\apache-tomcat-8.0.33\webapps\host-manager has finished in 30 ms
02-Jun-2016 18:53:38.147 INFO [localhost-startStop-1] org.apache.catalina.startup.HostConfig.deployDirectory Deploying web application directory C:\Users\robbr\Dropbox\Synthesis Project\16. Geoweb\Dashboard\dashboard_in_sight\geoweb16\apache-tomcat-8.0.33\webapps\in_sight
02-Jun-2016 18:53:38.166 INFO [localhost-startStop-1] org.apache.catalina.startup.HostConfig.deployDirectory Deployment of web application directory C:\Users\robbr\Dropbox\Synthesis Project\16. Geoweb\Dashboard\dashboard_in_sight\geoweb16\apache-tomcat-8.0.33\webapps\in_sight has finished in 19 ms
02-Jun-2016 18:53:38.167 INFO [localhost-startStop-1] org.apache.catalina.startup.HostConfig.deployDirectory Deploying web application directory C:\Users\robbr\Dropbox\Synthesis Project\16. Geoweb\Dashboard\dashboard_in_sight\geoweb16\apache-tomcat-8.0.33\webapps\manager
02-Jun-2016 18:53:38.190 INFO [localhost-startStop-1] org.apache.catalina.startup.HostConfig.deployDirectory Deployment of web application directory C:\Users\robbr\Dropbox\Synthesis Project\16. Geoweb\Dashboard\dashboard_in_sight\geoweb16\apache-tomcat-8.0.33\webapps\manager has finished in 23 ms
02-Jun-2016 18:53:38.190 INFO [localhost-startStop-1] org.apache.catalina.startup.HostConfig.deployDirectory Deploying web application directory C:\Users\robbr\Dropbox\Synthesis Project\16. Geoweb\Dashboard\dashboard_in_sight\geoweb16\apache-tomcat-8.0.33\webapps\ROOT
02-Jun-2016 18:53:38.207 INFO [localhost-startStop-1] org.apache.catalina.startup.HostConfig.deployDirectory Deployment of web application directory C:\Users\robbr\Dropbox\Synthesis Project\16. Geoweb\Dashboard\dashboard_in_sight\geoweb16\apache-tomcat-8.0.33\webapps\ROOT has finished in 17 ms
02-Jun-2016 18:53:38.208 INFO [localhost-startStop-1] org.apache.catalina.startup.HostConfig.deployDirectory Deploying web application directory C:\Users\robbr\Dropbox\Synthesis Project\16. Geoweb\Dashboard\dashboard_in_sight\geoweb16\apache-tomcat-8.0.33\webapps\target
02-Jun-2016 18:53:38.223 INFO [localhost-startStop-1] org.apache.catalina.startup.HostConfig.deployDirectory Deployment of web application directory C:\Users\robbr\Dropbox\Synthesis Project\16. Geoweb\Dashboard\dashboard_in_sight\geoweb16\apache-tomcat-8.0.33\webapps\target has finished in 15 ms
02-Jun-2016 18:53:38.227 INFO [main] org.apache.coyote.AbstractProtocol.start Starting ProtocolHandler ["http-nio-8080"]
02-Jun-2016 18:53:38.233 INFO [main] org.apache.coyote.AbstractProtocol.start Starting ProtocolHandler ["ajp-nio-8009"]
02-Jun-2016 18:53:38.235 INFO [main] org.apache.catalina.startup.Catalina.start Server startup in 28587 ms
