03-Jun-2016 08:53:18.643 INFO [main] org.apache.catalina.startup.VersionLoggerListener.log Server version:        Apache Tomcat/8.0.33
03-Jun-2016 08:53:18.643 INFO [main] org.apache.catalina.startup.VersionLoggerListener.log Server built:          Mar 18 2016 20:31:49 UTC
03-Jun-2016 08:53:18.643 INFO [main] org.apache.catalina.startup.VersionLoggerListener.log Server number:         8.0.33.0
03-Jun-2016 08:53:18.643 INFO [main] org.apache.catalina.startup.VersionLoggerListener.log OS Name:               Windows 7
03-Jun-2016 08:53:18.643 INFO [main] org.apache.catalina.startup.VersionLoggerListener.log OS Version:            6.1
03-Jun-2016 08:53:18.643 INFO [main] org.apache.catalina.startup.VersionLoggerListener.log Architecture:          x86
03-Jun-2016 08:53:18.643 INFO [main] org.apache.catalina.startup.VersionLoggerListener.log Java Home:             C:\Program Files (x86)\Java\jre7
03-Jun-2016 08:53:18.643 INFO [main] org.apache.catalina.startup.VersionLoggerListener.log JVM Version:           1.7.0_79-b15
03-Jun-2016 08:53:18.659 INFO [main] org.apache.catalina.startup.VersionLoggerListener.log JVM Vendor:            Oracle Corporation
03-Jun-2016 08:53:18.659 INFO [main] org.apache.catalina.startup.VersionLoggerListener.log CATALINA_BASE:         C:\Users\Bart\Dropbox\Synthesis Project\16. Geoweb\dashboard\dashboard_in_sight\geoweb16\apache-tomcat-8.0.33
03-Jun-2016 08:53:18.659 INFO [main] org.apache.catalina.startup.VersionLoggerListener.log CATALINA_HOME:         C:\Users\Bart\Dropbox\Synthesis Project\16. Geoweb\dashboard\dashboard_in_sight\geoweb16\apache-tomcat-8.0.33
03-Jun-2016 08:53:18.674 INFO [main] org.apache.catalina.startup.VersionLoggerListener.log Command line argument: -Djava.util.logging.config.file=C:\Users\Bart\Dropbox\Synthesis Project\16. Geoweb\dashboard\dashboard_in_sight\geoweb16\apache-tomcat-8.0.33\conf\logging.properties
03-Jun-2016 08:53:18.674 INFO [main] org.apache.catalina.startup.VersionLoggerListener.log Command line argument: -Djava.util.logging.manager=org.apache.juli.ClassLoaderLogManager
03-Jun-2016 08:53:18.674 INFO [main] org.apache.catalina.startup.VersionLoggerListener.log Command line argument: -Djava.endorsed.dirs=C:\Users\Bart\Dropbox\Synthesis Project\16. Geoweb\dashboard\dashboard_in_sight\geoweb16\apache-tomcat-8.0.33\endorsed
03-Jun-2016 08:53:18.674 INFO [main] org.apache.catalina.startup.VersionLoggerListener.log Command line argument: -Dcatalina.base=C:\Users\Bart\Dropbox\Synthesis Project\16. Geoweb\dashboard\dashboard_in_sight\geoweb16\apache-tomcat-8.0.33
03-Jun-2016 08:53:18.674 INFO [main] org.apache.catalina.startup.VersionLoggerListener.log Command line argument: -Dcatalina.home=C:\Users\Bart\Dropbox\Synthesis Project\16. Geoweb\dashboard\dashboard_in_sight\geoweb16\apache-tomcat-8.0.33
03-Jun-2016 08:53:18.674 INFO [main] org.apache.catalina.startup.VersionLoggerListener.log Command line argument: -Djava.io.tmpdir=C:\Users\Bart\Dropbox\Synthesis Project\16. Geoweb\dashboard\dashboard_in_sight\geoweb16\apache-tomcat-8.0.33\temp
03-Jun-2016 08:53:18.674 INFO [main] org.apache.catalina.core.AprLifecycleListener.lifecycleEvent The APR based Apache Tomcat Native library which allows optimal performance in production environments was not found on the java.library.path: C:\Program Files (x86)\Java\jre7\bin;C:\windows\Sun\Java\bin;C:\windows\system32;C:\windows;C:\Program Files\Common Files\Microsoft Shared\Windows Live;C:\Program Files (x86)\Common Files\Microsoft Shared\Windows Live;C:\Python27\;C:\Python27\Scripts;c:\Python27\;C:\Program Files (x86)\Skype\Phone\;C:\Program Files (x86)\Windows Live\Shared;C:\Program Files\PostgreSQL\9.4\bin;C:\Program Files\PostgreSQL\9.4\lib;C:\Program Files\Microsoft\Web Platform Installer\;C:\Program Files (x86)\Java\jre7\bin;.
03-Jun-2016 08:53:20.796 INFO [main] org.apache.coyote.AbstractProtocol.init Initializing ProtocolHandler ["http-nio-8080"]
03-Jun-2016 08:53:21.357 INFO [main] org.apache.tomcat.util.net.NioSelectorPool.getSharedSelector Using a shared selector for servlet write/read
03-Jun-2016 08:53:21.357 INFO [main] org.apache.coyote.AbstractProtocol.init Initializing ProtocolHandler ["ajp-nio-8009"]
03-Jun-2016 08:53:21.357 INFO [main] org.apache.tomcat.util.net.NioSelectorPool.getSharedSelector Using a shared selector for servlet write/read
03-Jun-2016 08:53:21.357 INFO [main] org.apache.catalina.startup.Catalina.load Initialization processed in 5916 ms
03-Jun-2016 08:53:22.699 INFO [main] org.apache.catalina.core.StandardService.startInternal Starting service Catalina
03-Jun-2016 08:53:22.699 INFO [main] org.apache.catalina.core.StandardEngine.startInternal Starting Servlet Engine: Apache Tomcat/8.0.33
03-Jun-2016 08:53:22.933 INFO [localhost-startStop-1] org.apache.catalina.startup.HostConfig.deployWAR Deploying web application archive C:\Users\Bart\Dropbox\Synthesis Project\16. Geoweb\dashboard\dashboard_in_sight\geoweb16\apache-tomcat-8.0.33\webapps\geoserver.war
03-Jun-2016 08:54:12.213 INFO [localhost-startStop-1] org.apache.jasper.servlet.TldScanner.scanJars At least one JAR was scanned for TLDs yet contained no TLDs. Enable debug logging for this logger for a complete list of JARs that were scanned but no TLDs were found in them. Skipping unneeded JARs during scanning can improve startup time and JSP compilation time.
03-Jun-2016 08:54:17.003 WARNING [localhost-startStop-1] org.geoserver.platform.GeoServerExtensions.checkContext Extension lookup 'XStreamPersisterInitializer', but ApplicationContext is unset.
03-Jun-2016 08:54:17.003 WARNING [localhost-startStop-1] org.geoserver.platform.GeoServerExtensions.checkContext Extension lookup 'ExtensionFilter', but ApplicationContext is unset.
03-Jun-2016 08:54:17.003 WARNING [localhost-startStop-1] org.geoserver.platform.GeoServerExtensions.checkContext Extension lookup 'ExtensionProvider', but ApplicationContext is unset.
03-Jun-2016 08:54:17.003 WARNING [localhost-startStop-1] org.geoserver.platform.GeoServerExtensions.checkContext Extension lookup 'ExtensionFilter', but ApplicationContext is unset.
03-Jun-2016 08:54:19.514 WARNING [localhost-startStop-1] org.geoserver.platform.GeoServerExtensions.checkContext Extension lookup 'GeoServerSecurityProvider', but ApplicationContext is unset.
03-Jun-2016 08:54:19.514 WARNING [localhost-startStop-1] org.geoserver.platform.GeoServerExtensions.checkContext Extension lookup 'ExtensionFilter', but ApplicationContext is unset.
03-Jun-2016 08:54:19.530 WARNING [localhost-startStop-1] org.geoserver.platform.GeoServerExtensions.checkContext Extension lookup 'ExtensionProvider', but ApplicationContext is unset.
03-Jun-2016 08:54:19.530 WARNING [localhost-startStop-1] org.geoserver.platform.GeoServerExtensions.checkContext Extension lookup 'ExtensionFilter', but ApplicationContext is unset.
03-Jun-2016 08:54:40.871 INFO [localhost-startStop-1] org.apache.catalina.startup.HostConfig.deployWAR Deployment of web application archive C:\Users\Bart\Dropbox\Synthesis Project\16. Geoweb\dashboard\dashboard_in_sight\geoweb16\apache-tomcat-8.0.33\webapps\geoserver.war has finished in 77,938 ms
03-Jun-2016 08:54:40.871 INFO [localhost-startStop-1] org.apache.catalina.startup.HostConfig.deployDirectory Deploying web application directory C:\Users\Bart\Dropbox\Synthesis Project\16. Geoweb\dashboard\dashboard_in_sight\geoweb16\apache-tomcat-8.0.33\webapps\docs
03-Jun-2016 08:54:40.902 INFO [localhost-startStop-1] org.apache.catalina.startup.HostConfig.deployDirectory Deployment of web application directory C:\Users\Bart\Dropbox\Synthesis Project\16. Geoweb\dashboard\dashboard_in_sight\geoweb16\apache-tomcat-8.0.33\webapps\docs has finished in 31 ms
03-Jun-2016 08:54:40.902 INFO [localhost-startStop-1] org.apache.catalina.startup.HostConfig.deployDirectory Deploying web application directory C:\Users\Bart\Dropbox\Synthesis Project\16. Geoweb\dashboard\dashboard_in_sight\geoweb16\apache-tomcat-8.0.33\webapps\host-manager
03-Jun-2016 08:54:40.964 INFO [localhost-startStop-1] org.apache.catalina.startup.HostConfig.deployDirectory Deployment of web application directory C:\Users\Bart\Dropbox\Synthesis Project\16. Geoweb\dashboard\dashboard_in_sight\geoweb16\apache-tomcat-8.0.33\webapps\host-manager has finished in 62 ms
03-Jun-2016 08:54:40.964 INFO [localhost-startStop-1] org.apache.catalina.startup.HostConfig.deployDirectory Deploying web application directory C:\Users\Bart\Dropbox\Synthesis Project\16. Geoweb\dashboard\dashboard_in_sight\geoweb16\apache-tomcat-8.0.33\webapps\in_sight
03-Jun-2016 08:54:40.980 INFO [localhost-startStop-1] org.apache.catalina.startup.HostConfig.deployDirectory Deployment of web application directory C:\Users\Bart\Dropbox\Synthesis Project\16. Geoweb\dashboard\dashboard_in_sight\geoweb16\apache-tomcat-8.0.33\webapps\in_sight has finished in 16 ms
03-Jun-2016 08:54:40.980 INFO [localhost-startStop-1] org.apache.catalina.startup.HostConfig.deployDirectory Deploying web application directory C:\Users\Bart\Dropbox\Synthesis Project\16. Geoweb\dashboard\dashboard_in_sight\geoweb16\apache-tomcat-8.0.33\webapps\manager
03-Jun-2016 08:54:41.011 INFO [localhost-startStop-1] org.apache.catalina.startup.HostConfig.deployDirectory Deployment of web application directory C:\Users\Bart\Dropbox\Synthesis Project\16. Geoweb\dashboard\dashboard_in_sight\geoweb16\apache-tomcat-8.0.33\webapps\manager has finished in 31 ms
03-Jun-2016 08:54:41.011 INFO [localhost-startStop-1] org.apache.catalina.startup.HostConfig.deployDirectory Deploying web application directory C:\Users\Bart\Dropbox\Synthesis Project\16. Geoweb\dashboard\dashboard_in_sight\geoweb16\apache-tomcat-8.0.33\webapps\ROOT
03-Jun-2016 08:54:41.042 INFO [localhost-startStop-1] org.apache.catalina.startup.HostConfig.deployDirectory Deployment of web application directory C:\Users\Bart\Dropbox\Synthesis Project\16. Geoweb\dashboard\dashboard_in_sight\geoweb16\apache-tomcat-8.0.33\webapps\ROOT has finished in 31 ms
03-Jun-2016 08:54:41.042 INFO [localhost-startStop-1] org.apache.catalina.startup.HostConfig.deployDirectory Deploying web application directory C:\Users\Bart\Dropbox\Synthesis Project\16. Geoweb\dashboard\dashboard_in_sight\geoweb16\apache-tomcat-8.0.33\webapps\target
03-Jun-2016 08:54:41.058 INFO [localhost-startStop-1] org.apache.catalina.startup.HostConfig.deployDirectory Deployment of web application directory C:\Users\Bart\Dropbox\Synthesis Project\16. Geoweb\dashboard\dashboard_in_sight\geoweb16\apache-tomcat-8.0.33\webapps\target has finished in 16 ms
03-Jun-2016 08:54:41.058 INFO [main] org.apache.coyote.AbstractProtocol.start Starting ProtocolHandler ["http-nio-8080"]
03-Jun-2016 08:54:41.058 INFO [main] org.apache.coyote.AbstractProtocol.start Starting ProtocolHandler ["ajp-nio-8009"]
03-Jun-2016 08:54:41.073 INFO [main] org.apache.catalina.startup.Catalina.start Server startup in 79700 ms
03-Jun-2016 10:41:12.945 INFO [ContainerBackgroundProcessor[StandardEngine[Catalina]]] org.apache.catalina.startup.HostConfig.undeploy Undeploying context [/in_sight]
03-Jun-2016 10:41:29.100 INFO [localhost-startStop-2] org.apache.catalina.startup.HostConfig.deployDirectory Deploying web application directory C:\Users\Bart\Dropbox\Synthesis Project\16. Geoweb\dashboard\dashboard_in_sight\geoweb16\apache-tomcat-8.0.33\webapps\in_sight
03-Jun-2016 10:41:30.598 INFO [localhost-startStop-2] org.apache.catalina.startup.HostConfig.deployDirectory Deployment of web application directory C:\Users\Bart\Dropbox\Synthesis Project\16. Geoweb\dashboard\dashboard_in_sight\geoweb16\apache-tomcat-8.0.33\webapps\in_sight has finished in 1,436 ms
03-Jun-2016 10:41:57.209 INFO [main] org.apache.catalina.startup.VersionLoggerListener.log Server version:        Apache Tomcat/8.0.33
03-Jun-2016 10:41:57.209 INFO [main] org.apache.catalina.startup.VersionLoggerListener.log Server built:          Mar 18 2016 20:31:49 UTC
03-Jun-2016 10:41:57.209 INFO [main] org.apache.catalina.startup.VersionLoggerListener.log Server number:         8.0.33.0
03-Jun-2016 10:41:57.209 INFO [main] org.apache.catalina.startup.VersionLoggerListener.log OS Name:               Windows 7
03-Jun-2016 10:41:57.209 INFO [main] org.apache.catalina.startup.VersionLoggerListener.log OS Version:            6.1
03-Jun-2016 10:41:57.209 INFO [main] org.apache.catalina.startup.VersionLoggerListener.log Architecture:          x86
03-Jun-2016 10:41:57.209 INFO [main] org.apache.catalina.startup.VersionLoggerListener.log Java Home:             C:\Program Files (x86)\Java\jre7
03-Jun-2016 10:41:57.209 INFO [main] org.apache.catalina.startup.VersionLoggerListener.log JVM Version:           1.7.0_79-b15
03-Jun-2016 10:41:57.209 INFO [main] org.apache.catalina.startup.VersionLoggerListener.log JVM Vendor:            Oracle Corporation
03-Jun-2016 10:41:57.209 INFO [main] org.apache.catalina.startup.VersionLoggerListener.log CATALINA_BASE:         C:\Users\Bart\Dropbox\Synthesis Project\16. Geoweb\dashboard\dashboard_in_sight\geoweb16\apache-tomcat-8.0.33
03-Jun-2016 10:41:57.209 INFO [main] org.apache.catalina.startup.VersionLoggerListener.log CATALINA_HOME:         C:\Users\Bart\Dropbox\Synthesis Project\16. Geoweb\dashboard\dashboard_in_sight\geoweb16\apache-tomcat-8.0.33
03-Jun-2016 10:41:57.224 INFO [main] org.apache.catalina.startup.VersionLoggerListener.log Command line argument: -Djava.util.logging.config.file=C:\Users\Bart\Dropbox\Synthesis Project\16. Geoweb\dashboard\dashboard_in_sight\geoweb16\apache-tomcat-8.0.33\conf\logging.properties
03-Jun-2016 10:41:57.224 INFO [main] org.apache.catalina.startup.VersionLoggerListener.log Command line argument: -Djava.util.logging.manager=org.apache.juli.ClassLoaderLogManager
03-Jun-2016 10:41:57.224 INFO [main] org.apache.catalina.startup.VersionLoggerListener.log Command line argument: -Djava.endorsed.dirs=C:\Users\Bart\Dropbox\Synthesis Project\16. Geoweb\dashboard\dashboard_in_sight\geoweb16\apache-tomcat-8.0.33\endorsed
03-Jun-2016 10:41:57.224 INFO [main] org.apache.catalina.startup.VersionLoggerListener.log Command line argument: -Dcatalina.base=C:\Users\Bart\Dropbox\Synthesis Project\16. Geoweb\dashboard\dashboard_in_sight\geoweb16\apache-tomcat-8.0.33
03-Jun-2016 10:41:57.224 INFO [main] org.apache.catalina.startup.VersionLoggerListener.log Command line argument: -Dcatalina.home=C:\Users\Bart\Dropbox\Synthesis Project\16. Geoweb\dashboard\dashboard_in_sight\geoweb16\apache-tomcat-8.0.33
03-Jun-2016 10:41:57.224 INFO [main] org.apache.catalina.startup.VersionLoggerListener.log Command line argument: -Djava.io.tmpdir=C:\Users\Bart\Dropbox\Synthesis Project\16. Geoweb\dashboard\dashboard_in_sight\geoweb16\apache-tomcat-8.0.33\temp
03-Jun-2016 10:41:57.224 INFO [main] org.apache.catalina.core.AprLifecycleListener.lifecycleEvent The APR based Apache Tomcat Native library which allows optimal performance in production environments was not found on the java.library.path: C:\Program Files (x86)\Java\jre7\bin;C:\windows\Sun\Java\bin;C:\windows\system32;C:\windows;C:\Program Files\Common Files\Microsoft Shared\Windows Live;C:\Program Files (x86)\Common Files\Microsoft Shared\Windows Live;C:\Python27\;C:\Python27\Scripts;c:\Python27\;C:\Program Files (x86)\Skype\Phone\;C:\Program Files (x86)\Windows Live\Shared;C:\Program Files\PostgreSQL\9.4\bin;C:\Program Files\PostgreSQL\9.4\lib;C:\Program Files\Microsoft\Web Platform Installer\;C:\Program Files (x86)\Java\jre7\bin;.
03-Jun-2016 10:41:58.864 INFO [main] org.apache.coyote.AbstractProtocol.init Initializing ProtocolHandler ["http-nio-8080"]
03-Jun-2016 10:41:59.114 INFO [main] org.apache.tomcat.util.net.NioSelectorPool.getSharedSelector Using a shared selector for servlet write/read
03-Jun-2016 10:41:59.145 INFO [main] org.apache.coyote.AbstractProtocol.init Initializing ProtocolHandler ["ajp-nio-8009"]
03-Jun-2016 10:41:59.145 INFO [main] org.apache.tomcat.util.net.NioSelectorPool.getSharedSelector Using a shared selector for servlet write/read
03-Jun-2016 10:41:59.145 INFO [main] org.apache.catalina.startup.Catalina.load Initialization processed in 4023 ms
03-Jun-2016 10:41:59.270 INFO [main] org.apache.catalina.core.StandardService.startInternal Starting service Catalina
03-Jun-2016 10:41:59.270 INFO [main] org.apache.catalina.core.StandardEngine.startInternal Starting Servlet Engine: Apache Tomcat/8.0.33
03-Jun-2016 10:41:59.442 INFO [localhost-startStop-1] org.apache.catalina.startup.HostConfig.deployWAR Deploying web application archive C:\Users\Bart\Dropbox\Synthesis Project\16. Geoweb\dashboard\dashboard_in_sight\geoweb16\apache-tomcat-8.0.33\webapps\geoserver.war
03-Jun-2016 10:42:27.334 INFO [localhost-startStop-1] org.apache.jasper.servlet.TldScanner.scanJars At least one JAR was scanned for TLDs yet contained no TLDs. Enable debug logging for this logger for a complete list of JARs that were scanned but no TLDs were found in them. Skipping unneeded JARs during scanning can improve startup time and JSP compilation time.
03-Jun-2016 10:42:30.582 WARNING [localhost-startStop-1] org.geoserver.platform.GeoServerExtensions.checkContext Extension lookup 'XStreamPersisterInitializer', but ApplicationContext is unset.
03-Jun-2016 10:42:30.582 WARNING [localhost-startStop-1] org.geoserver.platform.GeoServerExtensions.checkContext Extension lookup 'ExtensionFilter', but ApplicationContext is unset.
03-Jun-2016 10:42:30.597 WARNING [localhost-startStop-1] org.geoserver.platform.GeoServerExtensions.checkContext Extension lookup 'ExtensionProvider', but ApplicationContext is unset.
03-Jun-2016 10:42:30.597 WARNING [localhost-startStop-1] org.geoserver.platform.GeoServerExtensions.checkContext Extension lookup 'ExtensionFilter', but ApplicationContext is unset.
03-Jun-2016 10:42:33.109 WARNING [localhost-startStop-1] org.geoserver.platform.GeoServerExtensions.checkContext Extension lookup 'GeoServerSecurityProvider', but ApplicationContext is unset.
03-Jun-2016 10:42:33.109 WARNING [localhost-startStop-1] org.geoserver.platform.GeoServerExtensions.checkContext Extension lookup 'ExtensionFilter', but ApplicationContext is unset.
03-Jun-2016 10:42:33.109 WARNING [localhost-startStop-1] org.geoserver.platform.GeoServerExtensions.checkContext Extension lookup 'ExtensionProvider', but ApplicationContext is unset.
03-Jun-2016 10:42:33.109 WARNING [localhost-startStop-1] org.geoserver.platform.GeoServerExtensions.checkContext Extension lookup 'ExtensionFilter', but ApplicationContext is unset.
03-Jun-2016 10:42:52.464 INFO [localhost-startStop-1] org.apache.catalina.startup.HostConfig.deployWAR Deployment of web application archive C:\Users\Bart\Dropbox\Synthesis Project\16. Geoweb\dashboard\dashboard_in_sight\geoweb16\apache-tomcat-8.0.33\webapps\geoserver.war has finished in 53,022 ms
03-Jun-2016 10:42:52.464 INFO [localhost-startStop-1] org.apache.catalina.startup.HostConfig.deployDirectory Deploying web application directory C:\Users\Bart\Dropbox\Synthesis Project\16. Geoweb\dashboard\dashboard_in_sight\geoweb16\apache-tomcat-8.0.33\webapps\docs
03-Jun-2016 10:42:52.511 INFO [localhost-startStop-1] org.apache.catalina.startup.HostConfig.deployDirectory Deployment of web application directory C:\Users\Bart\Dropbox\Synthesis Project\16. Geoweb\dashboard\dashboard_in_sight\geoweb16\apache-tomcat-8.0.33\webapps\docs has finished in 47 ms
03-Jun-2016 10:42:52.511 INFO [localhost-startStop-1] org.apache.catalina.startup.HostConfig.deployDirectory Deploying web application directory C:\Users\Bart\Dropbox\Synthesis Project\16. Geoweb\dashboard\dashboard_in_sight\geoweb16\apache-tomcat-8.0.33\webapps\host-manager
03-Jun-2016 10:42:52.589 INFO [localhost-startStop-1] org.apache.catalina.startup.HostConfig.deployDirectory Deployment of web application directory C:\Users\Bart\Dropbox\Synthesis Project\16. Geoweb\dashboard\dashboard_in_sight\geoweb16\apache-tomcat-8.0.33\webapps\host-manager has finished in 78 ms
03-Jun-2016 10:42:52.589 INFO [localhost-startStop-1] org.apache.catalina.startup.HostConfig.deployDirectory Deploying web application directory C:\Users\Bart\Dropbox\Synthesis Project\16. Geoweb\dashboard\dashboard_in_sight\geoweb16\apache-tomcat-8.0.33\webapps\in_sight
03-Jun-2016 10:42:52.604 INFO [localhost-startStop-1] org.apache.catalina.startup.HostConfig.deployDirectory Deployment of web application directory C:\Users\Bart\Dropbox\Synthesis Project\16. Geoweb\dashboard\dashboard_in_sight\geoweb16\apache-tomcat-8.0.33\webapps\in_sight has finished in 15 ms
03-Jun-2016 10:42:52.604 INFO [localhost-startStop-1] org.apache.catalina.startup.HostConfig.deployDirectory Deploying web application directory C:\Users\Bart\Dropbox\Synthesis Project\16. Geoweb\dashboard\dashboard_in_sight\geoweb16\apache-tomcat-8.0.33\webapps\manager
03-Jun-2016 10:42:52.667 INFO [localhost-startStop-1] org.apache.catalina.startup.HostConfig.deployDirectory Deployment of web application directory C:\Users\Bart\Dropbox\Synthesis Project\16. Geoweb\dashboard\dashboard_in_sight\geoweb16\apache-tomcat-8.0.33\webapps\manager has finished in 63 ms
03-Jun-2016 10:42:52.667 INFO [localhost-startStop-1] org.apache.catalina.startup.HostConfig.deployDirectory Deploying web application directory C:\Users\Bart\Dropbox\Synthesis Project\16. Geoweb\dashboard\dashboard_in_sight\geoweb16\apache-tomcat-8.0.33\webapps\ROOT
03-Jun-2016 10:42:52.698 INFO [localhost-startStop-1] org.apache.catalina.startup.HostConfig.deployDirectory Deployment of web application directory C:\Users\Bart\Dropbox\Synthesis Project\16. Geoweb\dashboard\dashboard_in_sight\geoweb16\apache-tomcat-8.0.33\webapps\ROOT has finished in 31 ms
03-Jun-2016 10:42:52.713 INFO [localhost-startStop-1] org.apache.catalina.startup.HostConfig.deployDirectory Deploying web application directory C:\Users\Bart\Dropbox\Synthesis Project\16. Geoweb\dashboard\dashboard_in_sight\geoweb16\apache-tomcat-8.0.33\webapps\target
03-Jun-2016 10:42:52.729 INFO [localhost-startStop-1] org.apache.catalina.startup.HostConfig.deployDirectory Deployment of web application directory C:\Users\Bart\Dropbox\Synthesis Project\16. Geoweb\dashboard\dashboard_in_sight\geoweb16\apache-tomcat-8.0.33\webapps\target has finished in 16 ms
03-Jun-2016 10:42:52.729 INFO [main] org.apache.coyote.AbstractProtocol.start Starting ProtocolHandler ["http-nio-8080"]
03-Jun-2016 10:42:52.745 INFO [main] org.apache.coyote.AbstractProtocol.start Starting ProtocolHandler ["ajp-nio-8009"]
03-Jun-2016 10:42:52.745 INFO [main] org.apache.catalina.startup.Catalina.start Server startup in 53597 ms
