01-Jun-2016 09:48:24.173 INFO [main] org.apache.catalina.startup.VersionLoggerListener.log Server version:        Apache Tomcat/8.0.33
01-Jun-2016 09:48:24.173 INFO [main] org.apache.catalina.startup.VersionLoggerListener.log Server built:          Mar 18 2016 20:31:49 UTC
01-Jun-2016 09:48:24.173 INFO [main] org.apache.catalina.startup.VersionLoggerListener.log Server number:         8.0.33.0
01-Jun-2016 09:48:24.173 INFO [main] org.apache.catalina.startup.VersionLoggerListener.log OS Name:               Windows 7
01-Jun-2016 09:48:24.173 INFO [main] org.apache.catalina.startup.VersionLoggerListener.log OS Version:            6.1
01-Jun-2016 09:48:24.173 INFO [main] org.apache.catalina.startup.VersionLoggerListener.log Architecture:          x86
01-Jun-2016 09:48:24.173 INFO [main] org.apache.catalina.startup.VersionLoggerListener.log Java Home:             C:\Program Files (x86)\Java\jre7
01-Jun-2016 09:48:24.173 INFO [main] org.apache.catalina.startup.VersionLoggerListener.log JVM Version:           1.7.0_79-b15
01-Jun-2016 09:48:24.173 INFO [main] org.apache.catalina.startup.VersionLoggerListener.log JVM Vendor:            Oracle Corporation
01-Jun-2016 09:48:24.173 INFO [main] org.apache.catalina.startup.VersionLoggerListener.log CATALINA_BASE:         C:\Users\Bart\Dropbox\Synthesis Project\16. Geoweb\dashboard\dashboard_in_sight\geoweb16\apache-tomcat-8.0.33
01-Jun-2016 09:48:24.189 INFO [main] org.apache.catalina.startup.VersionLoggerListener.log CATALINA_HOME:         C:\Users\Bart\Dropbox\Synthesis Project\16. Geoweb\dashboard\dashboard_in_sight\geoweb16\apache-tomcat-8.0.33
01-Jun-2016 09:48:24.189 INFO [main] org.apache.catalina.startup.VersionLoggerListener.log Command line argument: -Djava.util.logging.config.file=C:\Users\Bart\Dropbox\Synthesis Project\16. Geoweb\dashboard\dashboard_in_sight\geoweb16\apache-tomcat-8.0.33\conf\logging.properties
01-Jun-2016 09:48:24.189 INFO [main] org.apache.catalina.startup.VersionLoggerListener.log Command line argument: -Djava.util.logging.manager=org.apache.juli.ClassLoaderLogManager
01-Jun-2016 09:48:24.204 INFO [main] org.apache.catalina.startup.VersionLoggerListener.log Command line argument: -Djava.endorsed.dirs=C:\Users\Bart\Dropbox\Synthesis Project\16. Geoweb\dashboard\dashboard_in_sight\geoweb16\apache-tomcat-8.0.33\endorsed
01-Jun-2016 09:48:24.204 INFO [main] org.apache.catalina.startup.VersionLoggerListener.log Command line argument: -Dcatalina.base=C:\Users\Bart\Dropbox\Synthesis Project\16. Geoweb\dashboard\dashboard_in_sight\geoweb16\apache-tomcat-8.0.33
01-Jun-2016 09:48:24.204 INFO [main] org.apache.catalina.startup.VersionLoggerListener.log Command line argument: -Dcatalina.home=C:\Users\Bart\Dropbox\Synthesis Project\16. Geoweb\dashboard\dashboard_in_sight\geoweb16\apache-tomcat-8.0.33
01-Jun-2016 09:48:24.204 INFO [main] org.apache.catalina.startup.VersionLoggerListener.log Command line argument: -Djava.io.tmpdir=C:\Users\Bart\Dropbox\Synthesis Project\16. Geoweb\dashboard\dashboard_in_sight\geoweb16\apache-tomcat-8.0.33\temp
01-Jun-2016 09:48:24.204 INFO [main] org.apache.catalina.core.AprLifecycleListener.lifecycleEvent The APR based Apache Tomcat Native library which allows optimal performance in production environments was not found on the java.library.path: C:\Program Files (x86)\Java\jre7\bin;C:\windows\Sun\Java\bin;C:\windows\system32;C:\windows;C:\Program Files\Common Files\Microsoft Shared\Windows Live;C:\Program Files (x86)\Common Files\Microsoft Shared\Windows Live;C:\Python27\;C:\Python27\Scripts;c:\Python27\;C:\Program Files (x86)\Skype\Phone\;C:\Program Files (x86)\Windows Live\Shared;C:\Program Files\PostgreSQL\9.4\bin;C:\Program Files\PostgreSQL\9.4\lib;C:\Program Files\Microsoft\Web Platform Installer\;C:\Program Files (x86)\Java\jre7\bin;.
01-Jun-2016 09:48:25.686 INFO [main] org.apache.coyote.AbstractProtocol.init Initializing ProtocolHandler ["http-nio-8080"]
01-Jun-2016 09:48:25.905 INFO [main] org.apache.tomcat.util.net.NioSelectorPool.getSharedSelector Using a shared selector for servlet write/read
01-Jun-2016 09:48:25.936 INFO [main] org.apache.coyote.AbstractProtocol.init Initializing ProtocolHandler ["ajp-nio-8009"]
01-Jun-2016 09:48:25.952 INFO [main] org.apache.tomcat.util.net.NioSelectorPool.getSharedSelector Using a shared selector for servlet write/read
01-Jun-2016 09:48:25.952 INFO [main] org.apache.catalina.startup.Catalina.load Initialization processed in 3649 ms
01-Jun-2016 09:48:26.076 INFO [main] org.apache.catalina.core.StandardService.startInternal Starting service Catalina
01-Jun-2016 09:48:26.076 INFO [main] org.apache.catalina.core.StandardEngine.startInternal Starting Servlet Engine: Apache Tomcat/8.0.33
01-Jun-2016 09:48:26.279 INFO [localhost-startStop-1] org.apache.catalina.startup.HostConfig.deployWAR Deploying web application archive C:\Users\Bart\Dropbox\Synthesis Project\16. Geoweb\dashboard\dashboard_in_sight\geoweb16\apache-tomcat-8.0.33\webapps\geoserver.war
01-Jun-2016 09:55:35.145 INFO [main] org.apache.catalina.startup.VersionLoggerListener.log Server version:        Apache Tomcat/8.0.33
01-Jun-2016 09:55:35.145 INFO [main] org.apache.catalina.startup.VersionLoggerListener.log Server built:          Mar 18 2016 20:31:49 UTC
01-Jun-2016 09:55:35.160 INFO [main] org.apache.catalina.startup.VersionLoggerListener.log Server number:         8.0.33.0
01-Jun-2016 09:55:35.160 INFO [main] org.apache.catalina.startup.VersionLoggerListener.log OS Name:               Windows 10
01-Jun-2016 09:55:35.160 INFO [main] org.apache.catalina.startup.VersionLoggerListener.log OS Version:            10.0
01-Jun-2016 09:55:35.160 INFO [main] org.apache.catalina.startup.VersionLoggerListener.log Architecture:          amd64
01-Jun-2016 09:55:35.160 INFO [main] org.apache.catalina.startup.VersionLoggerListener.log Java Home:             C:\Program Files\Java\jre1.8.0_72
01-Jun-2016 09:55:35.160 INFO [main] org.apache.catalina.startup.VersionLoggerListener.log JVM Version:           1.8.0_72-b15
01-Jun-2016 09:55:35.160 INFO [main] org.apache.catalina.startup.VersionLoggerListener.log JVM Vendor:            Oracle Corporation
01-Jun-2016 09:55:35.160 INFO [main] org.apache.catalina.startup.VersionLoggerListener.log CATALINA_BASE:         C:\Users\Birgit Ligtvoet\Dropbox\Synthesis Project\16. Geoweb\dashboard\dashboard_in_sight\geoweb16\apache-tomcat-8.0.33
01-Jun-2016 09:55:35.160 INFO [main] org.apache.catalina.startup.VersionLoggerListener.log CATALINA_HOME:         C:\Users\Birgit Ligtvoet\Dropbox\Synthesis Project\16. Geoweb\dashboard\dashboard_in_sight\geoweb16\apache-tomcat-8.0.33
01-Jun-2016 09:55:35.160 INFO [main] org.apache.catalina.startup.VersionLoggerListener.log Command line argument: -Djava.util.logging.config.file=C:\Users\Birgit Ligtvoet\Dropbox\Synthesis Project\16. Geoweb\dashboard\dashboard_in_sight\geoweb16\apache-tomcat-8.0.33\conf\logging.properties
01-Jun-2016 09:55:35.160 INFO [main] org.apache.catalina.startup.VersionLoggerListener.log Command line argument: -Djava.util.logging.manager=org.apache.juli.ClassLoaderLogManager
01-Jun-2016 09:55:35.160 INFO [main] org.apache.catalina.startup.VersionLoggerListener.log Command line argument: -Djava.endorsed.dirs=C:\Users\Birgit Ligtvoet\Dropbox\Synthesis Project\16. Geoweb\dashboard\dashboard_in_sight\geoweb16\apache-tomcat-8.0.33\endorsed
01-Jun-2016 09:55:35.160 INFO [main] org.apache.catalina.startup.VersionLoggerListener.log Command line argument: -Dcatalina.base=C:\Users\Birgit Ligtvoet\Dropbox\Synthesis Project\16. Geoweb\dashboard\dashboard_in_sight\geoweb16\apache-tomcat-8.0.33
01-Jun-2016 09:55:35.160 INFO [main] org.apache.catalina.startup.VersionLoggerListener.log Command line argument: -Dcatalina.home=C:\Users\Birgit Ligtvoet\Dropbox\Synthesis Project\16. Geoweb\dashboard\dashboard_in_sight\geoweb16\apache-tomcat-8.0.33
01-Jun-2016 09:55:35.160 INFO [main] org.apache.catalina.startup.VersionLoggerListener.log Command line argument: -Djava.io.tmpdir=C:\Users\Birgit Ligtvoet\Dropbox\Synthesis Project\16. Geoweb\dashboard\dashboard_in_sight\geoweb16\apache-tomcat-8.0.33\temp
01-Jun-2016 09:55:35.176 INFO [main] org.apache.catalina.core.AprLifecycleListener.lifecycleEvent The APR based Apache Tomcat Native library which allows optimal performance in production environments was not found on the java.library.path: C:\Program Files\Java\jre1.8.0_72\bin;C:\WINDOWS\Sun\Java\bin;C:\WINDOWS\system32;C:\WINDOWS;C:\Program Files (x86)\Intel\iCLS Client\;C:\Program Files\Intel\iCLS Client\;C:\ProgramData\Oracle\Java\javapath;C:\WINDOWS\system32;C:\WINDOWS;C:\WINDOWS\System32\Wbem;C:\WINDOWS\System32\WindowsPowerShell\v1.0\;C:\Program Files\Intel\WiFi\bin\;C:\Program Files\Common Files\Intel\WirelessCommon\;C:\Program Files (x86)\Intel\Intel(R) Management Engine Components\DAL;C:\Program Files\Intel\Intel(R) Management Engine Components\DAL;C:\Program Files (x86)\Intel\Intel(R) Management Engine Components\IPT;C:\Program Files\Intel\Intel(R) Management Engine Components\IPT;C:\Program Files (x86)\CodeBlocks\MinGW\bin;C:\Program Files\Common Files\Autodesk Shared\;C:\Program Files (x86)\Skype\Phone\;C:\Program Files (x86)\PostgreSQL\9.5\bin;C:\Program Files (x86)\FME\;C:\WINDOWS\system32;C:\WINDOWS;C:\WINDOWS\System32\Wbem;C:\WINDOWS\System32\WindowsPowerShell\v1.0\;C:\Python27\;C:\Python27\Scripts\;C:\Program Files\Intel\WiFi\bin\;C:\Program Files\Common Files\Intel\WirelessCommon\;C:\Program Files\Seg3D2 2.3\bin;.
01-Jun-2016 09:55:35.473 INFO [main] org.apache.coyote.AbstractProtocol.init Initializing ProtocolHandler ["http-nio-8080"]
01-Jun-2016 09:55:35.614 INFO [main] org.apache.tomcat.util.net.NioSelectorPool.getSharedSelector Using a shared selector for servlet write/read
01-Jun-2016 09:55:35.614 INFO [main] org.apache.coyote.AbstractProtocol.init Initializing ProtocolHandler ["ajp-nio-8009"]
01-Jun-2016 09:55:35.614 INFO [main] org.apache.tomcat.util.net.NioSelectorPool.getSharedSelector Using a shared selector for servlet write/read
01-Jun-2016 09:55:35.614 INFO [main] org.apache.catalina.startup.Catalina.load Initialization processed in 1245 ms
01-Jun-2016 09:55:35.660 INFO [main] org.apache.catalina.core.StandardService.startInternal Starting service Catalina
01-Jun-2016 09:55:35.660 INFO [main] org.apache.catalina.core.StandardEngine.startInternal Starting Servlet Engine: Apache Tomcat/8.0.33
01-Jun-2016 09:55:35.723 INFO [localhost-startStop-1] org.apache.catalina.startup.HostConfig.deployWAR Deploying web application archive C:\Users\Birgit Ligtvoet\Dropbox\Synthesis Project\16. Geoweb\dashboard\dashboard_in_sight\geoweb16\apache-tomcat-8.0.33\webapps\geoserver.war
01-Jun-2016 09:56:00.177 INFO [localhost-startStop-1] org.apache.jasper.servlet.TldScanner.scanJars At least one JAR was scanned for TLDs yet contained no TLDs. Enable debug logging for this logger for a complete list of JARs that were scanned but no TLDs were found in them. Skipping unneeded JARs during scanning can improve startup time and JSP compilation time.
01-Jun-2016 09:56:03.771 WARNING [localhost-startStop-1] org.geoserver.platform.GeoServerExtensions.checkContext Extension lookup 'XStreamPersisterInitializer', but ApplicationContext is unset.
01-Jun-2016 09:56:03.775 WARNING [localhost-startStop-1] org.geoserver.platform.GeoServerExtensions.checkContext Extension lookup 'ExtensionFilter', but ApplicationContext is unset.
01-Jun-2016 09:56:03.783 WARNING [localhost-startStop-1] org.geoserver.platform.GeoServerExtensions.checkContext Extension lookup 'ExtensionProvider', but ApplicationContext is unset.
01-Jun-2016 09:56:03.783 WARNING [localhost-startStop-1] org.geoserver.platform.GeoServerExtensions.checkContext Extension lookup 'ExtensionFilter', but ApplicationContext is unset.
01-Jun-2016 09:56:08.200 WARNING [localhost-startStop-1] org.geoserver.platform.GeoServerExtensions.checkContext Extension lookup 'GeoServerSecurityProvider', but ApplicationContext is unset.
01-Jun-2016 09:56:08.200 WARNING [localhost-startStop-1] org.geoserver.platform.GeoServerExtensions.checkContext Extension lookup 'ExtensionFilter', but ApplicationContext is unset.
01-Jun-2016 09:56:08.204 WARNING [localhost-startStop-1] org.geoserver.platform.GeoServerExtensions.checkContext Extension lookup 'ExtensionProvider', but ApplicationContext is unset.
01-Jun-2016 09:56:08.204 WARNING [localhost-startStop-1] org.geoserver.platform.GeoServerExtensions.checkContext Extension lookup 'ExtensionFilter', but ApplicationContext is unset.
01-Jun-2016 09:56:35.175 INFO [localhost-startStop-1] org.apache.catalina.startup.HostConfig.deployWAR Deployment of web application archive C:\Users\Birgit Ligtvoet\Dropbox\Synthesis Project\16. Geoweb\dashboard\dashboard_in_sight\geoweb16\apache-tomcat-8.0.33\webapps\geoserver.war has finished in 59,452 ms
01-Jun-2016 09:56:35.179 INFO [localhost-startStop-1] org.apache.catalina.startup.HostConfig.deployDirectory Deploying web application directory C:\Users\Birgit Ligtvoet\Dropbox\Synthesis Project\16. Geoweb\dashboard\dashboard_in_sight\geoweb16\apache-tomcat-8.0.33\webapps\docs
01-Jun-2016 09:56:35.231 INFO [localhost-startStop-1] org.apache.catalina.startup.HostConfig.deployDirectory Deployment of web application directory C:\Users\Birgit Ligtvoet\Dropbox\Synthesis Project\16. Geoweb\dashboard\dashboard_in_sight\geoweb16\apache-tomcat-8.0.33\webapps\docs has finished in 52 ms
01-Jun-2016 09:56:35.231 INFO [localhost-startStop-1] org.apache.catalina.startup.HostConfig.deployDirectory Deploying web application directory C:\Users\Birgit Ligtvoet\Dropbox\Synthesis Project\16. Geoweb\dashboard\dashboard_in_sight\geoweb16\apache-tomcat-8.0.33\webapps\examples
01-Jun-2016 09:56:35.979 INFO [localhost-startStop-1] org.apache.catalina.startup.HostConfig.deployDirectory Deployment of web application directory C:\Users\Birgit Ligtvoet\Dropbox\Synthesis Project\16. Geoweb\dashboard\dashboard_in_sight\geoweb16\apache-tomcat-8.0.33\webapps\examples has finished in 748 ms
01-Jun-2016 09:56:35.979 INFO [localhost-startStop-1] org.apache.catalina.startup.HostConfig.deployDirectory Deploying web application directory C:\Users\Birgit Ligtvoet\Dropbox\Synthesis Project\16. Geoweb\dashboard\dashboard_in_sight\geoweb16\apache-tomcat-8.0.33\webapps\host-manager
01-Jun-2016 09:56:36.043 INFO [localhost-startStop-1] org.apache.catalina.startup.HostConfig.deployDirectory Deployment of web application directory C:\Users\Birgit Ligtvoet\Dropbox\Synthesis Project\16. Geoweb\dashboard\dashboard_in_sight\geoweb16\apache-tomcat-8.0.33\webapps\host-manager has finished in 64 ms
01-Jun-2016 09:56:36.047 INFO [localhost-startStop-1] org.apache.catalina.startup.HostConfig.deployDirectory Deploying web application directory C:\Users\Birgit Ligtvoet\Dropbox\Synthesis Project\16. Geoweb\dashboard\dashboard_in_sight\geoweb16\apache-tomcat-8.0.33\webapps\in_sight
01-Jun-2016 09:56:36.091 INFO [localhost-startStop-1] org.apache.catalina.startup.HostConfig.deployDirectory Deployment of web application directory C:\Users\Birgit Ligtvoet\Dropbox\Synthesis Project\16. Geoweb\dashboard\dashboard_in_sight\geoweb16\apache-tomcat-8.0.33\webapps\in_sight has finished in 44 ms
01-Jun-2016 09:56:36.091 INFO [localhost-startStop-1] org.apache.catalina.startup.HostConfig.deployDirectory Deploying web application directory C:\Users\Birgit Ligtvoet\Dropbox\Synthesis Project\16. Geoweb\dashboard\dashboard_in_sight\geoweb16\apache-tomcat-8.0.33\webapps\manager
01-Jun-2016 09:56:36.151 INFO [localhost-startStop-1] org.apache.catalina.startup.HostConfig.deployDirectory Deployment of web application directory C:\Users\Birgit Ligtvoet\Dropbox\Synthesis Project\16. Geoweb\dashboard\dashboard_in_sight\geoweb16\apache-tomcat-8.0.33\webapps\manager has finished in 60 ms
01-Jun-2016 09:56:36.151 INFO [localhost-startStop-1] org.apache.catalina.startup.HostConfig.deployDirectory Deploying web application directory C:\Users\Birgit Ligtvoet\Dropbox\Synthesis Project\16. Geoweb\dashboard\dashboard_in_sight\geoweb16\apache-tomcat-8.0.33\webapps\ROOT
01-Jun-2016 09:56:36.203 INFO [localhost-startStop-1] org.apache.catalina.startup.HostConfig.deployDirectory Deployment of web application directory C:\Users\Birgit Ligtvoet\Dropbox\Synthesis Project\16. Geoweb\dashboard\dashboard_in_sight\geoweb16\apache-tomcat-8.0.33\webapps\ROOT has finished in 52 ms
01-Jun-2016 09:56:36.207 INFO [localhost-startStop-1] org.apache.catalina.startup.HostConfig.deployDirectory Deploying web application directory C:\Users\Birgit Ligtvoet\Dropbox\Synthesis Project\16. Geoweb\dashboard\dashboard_in_sight\geoweb16\apache-tomcat-8.0.33\webapps\target
01-Jun-2016 09:56:36.251 INFO [localhost-startStop-1] org.apache.catalina.startup.HostConfig.deployDirectory Deployment of web application directory C:\Users\Birgit Ligtvoet\Dropbox\Synthesis Project\16. Geoweb\dashboard\dashboard_in_sight\geoweb16\apache-tomcat-8.0.33\webapps\target has finished in 44 ms
01-Jun-2016 09:56:36.263 INFO [main] org.apache.coyote.AbstractProtocol.start Starting ProtocolHandler ["http-nio-8080"]
01-Jun-2016 09:56:36.287 INFO [main] org.apache.coyote.AbstractProtocol.start Starting ProtocolHandler ["ajp-nio-8009"]
01-Jun-2016 09:56:36.295 INFO [main] org.apache.catalina.startup.Catalina.start Server startup in 60667 ms
01-Jun-2016 10:30:43.657 INFO [main] org.apache.catalina.startup.VersionLoggerListener.log Server version:        Apache Tomcat/8.0.33
01-Jun-2016 10:30:43.658 INFO [main] org.apache.catalina.startup.VersionLoggerListener.log Server built:          Mar 18 2016 20:31:49 UTC
01-Jun-2016 10:30:43.658 INFO [main] org.apache.catalina.startup.VersionLoggerListener.log Server number:         8.0.33.0
01-Jun-2016 10:30:43.658 INFO [main] org.apache.catalina.startup.VersionLoggerListener.log OS Name:               Windows 7
01-Jun-2016 10:30:43.659 INFO [main] org.apache.catalina.startup.VersionLoggerListener.log OS Version:            6.1
01-Jun-2016 10:30:43.659 INFO [main] org.apache.catalina.startup.VersionLoggerListener.log Architecture:          x86
01-Jun-2016 10:30:43.659 INFO [main] org.apache.catalina.startup.VersionLoggerListener.log Java Home:             C:\Program Files (x86)\Java\jre7
01-Jun-2016 10:30:43.660 INFO [main] org.apache.catalina.startup.VersionLoggerListener.log JVM Version:           1.7.0_79-b15
01-Jun-2016 10:30:43.660 INFO [main] org.apache.catalina.startup.VersionLoggerListener.log JVM Vendor:            Oracle Corporation
01-Jun-2016 10:30:43.660 INFO [main] org.apache.catalina.startup.VersionLoggerListener.log CATALINA_BASE:         C:\Users\Bart\Dropbox\Synthesis Project\16. Geoweb\dashboard\dashboard_in_sight\geoweb16\apache-tomcat-8.0.33
01-Jun-2016 10:30:43.660 INFO [main] org.apache.catalina.startup.VersionLoggerListener.log CATALINA_HOME:         C:\Users\Bart\Dropbox\Synthesis Project\16. Geoweb\dashboard\dashboard_in_sight\geoweb16\apache-tomcat-8.0.33
01-Jun-2016 10:30:43.694 INFO [main] org.apache.catalina.startup.VersionLoggerListener.log Command line argument: -Djava.util.logging.config.file=C:\Users\Bart\Dropbox\Synthesis Project\16. Geoweb\dashboard\dashboard_in_sight\geoweb16\apache-tomcat-8.0.33\conf\logging.properties
01-Jun-2016 10:30:43.695 INFO [main] org.apache.catalina.startup.VersionLoggerListener.log Command line argument: -Djava.util.logging.manager=org.apache.juli.ClassLoaderLogManager
01-Jun-2016 10:30:43.697 INFO [main] org.apache.catalina.startup.VersionLoggerListener.log Command line argument: -Djava.endorsed.dirs=C:\Users\Bart\Dropbox\Synthesis Project\16. Geoweb\dashboard\dashboard_in_sight\geoweb16\apache-tomcat-8.0.33\endorsed
01-Jun-2016 10:30:43.699 INFO [main] org.apache.catalina.startup.VersionLoggerListener.log Command line argument: -Dcatalina.base=C:\Users\Bart\Dropbox\Synthesis Project\16. Geoweb\dashboard\dashboard_in_sight\geoweb16\apache-tomcat-8.0.33
01-Jun-2016 10:30:43.700 INFO [main] org.apache.catalina.startup.VersionLoggerListener.log Command line argument: -Dcatalina.home=C:\Users\Bart\Dropbox\Synthesis Project\16. Geoweb\dashboard\dashboard_in_sight\geoweb16\apache-tomcat-8.0.33
01-Jun-2016 10:30:43.702 INFO [main] org.apache.catalina.startup.VersionLoggerListener.log Command line argument: -Djava.io.tmpdir=C:\Users\Bart\Dropbox\Synthesis Project\16. Geoweb\dashboard\dashboard_in_sight\geoweb16\apache-tomcat-8.0.33\temp
01-Jun-2016 10:30:43.707 INFO [main] org.apache.catalina.core.AprLifecycleListener.lifecycleEvent The APR based Apache Tomcat Native library which allows optimal performance in production environments was not found on the java.library.path: C:\Program Files (x86)\Java\jre7\bin;C:\windows\Sun\Java\bin;C:\windows\system32;C:\windows;C:\Program Files\Common Files\Microsoft Shared\Windows Live;C:\Program Files (x86)\Common Files\Microsoft Shared\Windows Live;C:\Python27\;C:\Python27\Scripts;c:\Python27\;C:\Program Files (x86)\Skype\Phone\;C:\Program Files (x86)\Windows Live\Shared;C:\Program Files\PostgreSQL\9.4\bin;C:\Program Files\PostgreSQL\9.4\lib;C:\Program Files\Microsoft\Web Platform Installer\;C:\Program Files (x86)\Java\jre7\bin;.
01-Jun-2016 10:30:45.263 INFO [main] org.apache.coyote.AbstractProtocol.init Initializing ProtocolHandler ["http-nio-8080"]
01-Jun-2016 10:30:45.420 SEVERE [main] org.apache.coyote.AbstractProtocol.init Failed to initialize end point associated with ProtocolHandler ["http-nio-8080"]
 java.net.BindException: Address already in use: bind
	at sun.nio.ch.Net.bind0(Native Method)
	at sun.nio.ch.Net.bind(Unknown Source)
	at sun.nio.ch.Net.bind(Unknown Source)
	at sun.nio.ch.ServerSocketChannelImpl.bind(Unknown Source)
	at sun.nio.ch.ServerSocketAdaptor.bind(Unknown Source)
	at org.apache.tomcat.util.net.NioEndpoint.bind(NioEndpoint.java:340)
	at org.apache.tomcat.util.net.AbstractEndpoint.init(AbstractEndpoint.java:750)
	at org.apache.coyote.AbstractProtocol.init(AbstractProtocol.java:458)
	at org.apache.coyote.http11.AbstractHttp11JsseProtocol.init(AbstractHttp11JsseProtocol.java:120)
	at org.apache.catalina.connector.Connector.initInternal(Connector.java:960)
	at org.apache.catalina.util.LifecycleBase.init(LifecycleBase.java:102)
	at org.apache.catalina.core.StandardService.initInternal(StandardService.java:568)
	at org.apache.catalina.util.LifecycleBase.init(LifecycleBase.java:102)
	at org.apache.catalina.core.StandardServer.initInternal(StandardServer.java:869)
	at org.apache.catalina.util.LifecycleBase.init(LifecycleBase.java:102)
	at org.apache.catalina.startup.Catalina.load(Catalina.java:580)
	at org.apache.catalina.startup.Catalina.load(Catalina.java:603)
	at sun.reflect.NativeMethodAccessorImpl.invoke0(Native Method)
	at sun.reflect.NativeMethodAccessorImpl.invoke(Unknown Source)
	at sun.reflect.DelegatingMethodAccessorImpl.invoke(Unknown Source)
	at java.lang.reflect.Method.invoke(Unknown Source)
	at org.apache.catalina.startup.Bootstrap.load(Bootstrap.java:310)
	at org.apache.catalina.startup.Bootstrap.main(Bootstrap.java:484)

01-Jun-2016 10:30:45.458 SEVERE [main] org.apache.catalina.core.StandardService.initInternal Failed to initialize connector [Connector[HTTP/1.1-8080]]
 org.apache.catalina.LifecycleException: Failed to initialize component [Connector[HTTP/1.1-8080]]
	at org.apache.catalina.util.LifecycleBase.init(LifecycleBase.java:106)
	at org.apache.catalina.core.StandardService.initInternal(StandardService.java:568)
	at org.apache.catalina.util.LifecycleBase.init(LifecycleBase.java:102)
	at org.apache.catalina.core.StandardServer.initInternal(StandardServer.java:869)
	at org.apache.catalina.util.LifecycleBase.init(LifecycleBase.java:102)
	at org.apache.catalina.startup.Catalina.load(Catalina.java:580)
	at org.apache.catalina.startup.Catalina.load(Catalina.java:603)
	at sun.reflect.NativeMethodAccessorImpl.invoke0(Native Method)
	at sun.reflect.NativeMethodAccessorImpl.invoke(Unknown Source)
	at sun.reflect.DelegatingMethodAccessorImpl.invoke(Unknown Source)
	at java.lang.reflect.Method.invoke(Unknown Source)
	at org.apache.catalina.startup.Bootstrap.load(Bootstrap.java:310)
	at org.apache.catalina.startup.Bootstrap.main(Bootstrap.java:484)
Caused by: org.apache.catalina.LifecycleException: Protocol handler initialization failed
	at org.apache.catalina.connector.Connector.initInternal(Connector.java:962)
	at org.apache.catalina.util.LifecycleBase.init(LifecycleBase.java:102)
	... 12 more
Caused by: java.net.BindException: Address already in use: bind
	at sun.nio.ch.Net.bind0(Native Method)
	at sun.nio.ch.Net.bind(Unknown Source)
	at sun.nio.ch.Net.bind(Unknown Source)
	at sun.nio.ch.ServerSocketChannelImpl.bind(Unknown Source)
	at sun.nio.ch.ServerSocketAdaptor.bind(Unknown Source)
	at org.apache.tomcat.util.net.NioEndpoint.bind(NioEndpoint.java:340)
	at org.apache.tomcat.util.net.AbstractEndpoint.init(AbstractEndpoint.java:750)
	at org.apache.coyote.AbstractProtocol.init(AbstractProtocol.java:458)
	at org.apache.coyote.http11.AbstractHttp11JsseProtocol.init(AbstractHttp11JsseProtocol.java:120)
	at org.apache.catalina.connector.Connector.initInternal(Connector.java:960)
	... 13 more

01-Jun-2016 10:30:45.464 INFO [main] org.apache.coyote.AbstractProtocol.init Initializing ProtocolHandler ["ajp-nio-8009"]
01-Jun-2016 10:30:45.538 INFO [main] org.apache.tomcat.util.net.NioSelectorPool.getSharedSelector Using a shared selector for servlet write/read
01-Jun-2016 10:30:45.555 INFO [main] org.apache.catalina.startup.Catalina.load Initialization processed in 3622 ms
01-Jun-2016 10:30:45.677 INFO [main] org.apache.catalina.core.StandardService.startInternal Starting service Catalina
01-Jun-2016 10:30:45.678 INFO [main] org.apache.catalina.core.StandardEngine.startInternal Starting Servlet Engine: Apache Tomcat/8.0.33
01-Jun-2016 10:30:45.855 INFO [localhost-startStop-1] org.apache.catalina.startup.HostConfig.deployWAR Deploying web application archive C:\Users\Bart\Dropbox\Synthesis Project\16. Geoweb\dashboard\dashboard_in_sight\geoweb16\apache-tomcat-8.0.33\webapps\geoserver.war
01-Jun-2016 10:31:15.401 INFO [localhost-startStop-1] org.apache.jasper.servlet.TldScanner.scanJars At least one JAR was scanned for TLDs yet contained no TLDs. Enable debug logging for this logger for a complete list of JARs that were scanned but no TLDs were found in them. Skipping unneeded JARs during scanning can improve startup time and JSP compilation time.
01-Jun-2016 10:31:18.398 WARNING [localhost-startStop-1] org.geoserver.platform.GeoServerExtensions.checkContext Extension lookup 'XStreamPersisterInitializer', but ApplicationContext is unset.
01-Jun-2016 10:31:18.399 WARNING [localhost-startStop-1] org.geoserver.platform.GeoServerExtensions.checkContext Extension lookup 'ExtensionFilter', but ApplicationContext is unset.
01-Jun-2016 10:31:18.403 WARNING [localhost-startStop-1] org.geoserver.platform.GeoServerExtensions.checkContext Extension lookup 'ExtensionProvider', but ApplicationContext is unset.
01-Jun-2016 10:31:18.403 WARNING [localhost-startStop-1] org.geoserver.platform.GeoServerExtensions.checkContext Extension lookup 'ExtensionFilter', but ApplicationContext is unset.
01-Jun-2016 10:31:20.822 WARNING [localhost-startStop-1] org.geoserver.platform.GeoServerExtensions.checkContext Extension lookup 'GeoServerSecurityProvider', but ApplicationContext is unset.
01-Jun-2016 10:31:20.822 WARNING [localhost-startStop-1] org.geoserver.platform.GeoServerExtensions.checkContext Extension lookup 'ExtensionFilter', but ApplicationContext is unset.
01-Jun-2016 10:31:20.823 WARNING [localhost-startStop-1] org.geoserver.platform.GeoServerExtensions.checkContext Extension lookup 'ExtensionProvider', but ApplicationContext is unset.
01-Jun-2016 10:31:20.830 WARNING [localhost-startStop-1] org.geoserver.platform.GeoServerExtensions.checkContext Extension lookup 'ExtensionFilter', but ApplicationContext is unset.
01-Jun-2016 10:31:39.869 INFO [localhost-startStop-1] org.apache.catalina.startup.HostConfig.deployWAR Deployment of web application archive C:\Users\Bart\Dropbox\Synthesis Project\16. Geoweb\dashboard\dashboard_in_sight\geoweb16\apache-tomcat-8.0.33\webapps\geoserver.war has finished in 54,014 ms
01-Jun-2016 10:31:39.870 INFO [localhost-startStop-1] org.apache.catalina.startup.HostConfig.deployDirectory Deploying web application directory C:\Users\Bart\Dropbox\Synthesis Project\16. Geoweb\dashboard\dashboard_in_sight\geoweb16\apache-tomcat-8.0.33\webapps\docs
01-Jun-2016 10:31:39.910 INFO [localhost-startStop-1] org.apache.catalina.startup.HostConfig.deployDirectory Deployment of web application directory C:\Users\Bart\Dropbox\Synthesis Project\16. Geoweb\dashboard\dashboard_in_sight\geoweb16\apache-tomcat-8.0.33\webapps\docs has finished in 40 ms
01-Jun-2016 10:31:39.911 INFO [localhost-startStop-1] org.apache.catalina.startup.HostConfig.deployDirectory Deploying web application directory C:\Users\Bart\Dropbox\Synthesis Project\16. Geoweb\dashboard\dashboard_in_sight\geoweb16\apache-tomcat-8.0.33\webapps\examples
01-Jun-2016 10:31:42.025 INFO [localhost-startStop-1] org.apache.catalina.startup.HostConfig.deployDirectory Deployment of web application directory C:\Users\Bart\Dropbox\Synthesis Project\16. Geoweb\dashboard\dashboard_in_sight\geoweb16\apache-tomcat-8.0.33\webapps\examples has finished in 2,114 ms
01-Jun-2016 10:31:42.026 INFO [localhost-startStop-1] org.apache.catalina.startup.HostConfig.deployDirectory Deploying web application directory C:\Users\Bart\Dropbox\Synthesis Project\16. Geoweb\dashboard\dashboard_in_sight\geoweb16\apache-tomcat-8.0.33\webapps\host-manager
01-Jun-2016 10:31:42.102 INFO [localhost-startStop-1] org.apache.catalina.startup.HostConfig.deployDirectory Deployment of web application directory C:\Users\Bart\Dropbox\Synthesis Project\16. Geoweb\dashboard\dashboard_in_sight\geoweb16\apache-tomcat-8.0.33\webapps\host-manager has finished in 76 ms
01-Jun-2016 10:31:42.103 INFO [localhost-startStop-1] org.apache.catalina.startup.HostConfig.deployDirectory Deploying web application directory C:\Users\Bart\Dropbox\Synthesis Project\16. Geoweb\dashboard\dashboard_in_sight\geoweb16\apache-tomcat-8.0.33\webapps\in_sight
01-Jun-2016 10:31:42.120 INFO [localhost-startStop-1] org.apache.catalina.startup.HostConfig.deployDirectory Deployment of web application directory C:\Users\Bart\Dropbox\Synthesis Project\16. Geoweb\dashboard\dashboard_in_sight\geoweb16\apache-tomcat-8.0.33\webapps\in_sight has finished in 17 ms
01-Jun-2016 10:31:42.120 INFO [localhost-startStop-1] org.apache.catalina.startup.HostConfig.deployDirectory Deploying web application directory C:\Users\Bart\Dropbox\Synthesis Project\16. Geoweb\dashboard\dashboard_in_sight\geoweb16\apache-tomcat-8.0.33\webapps\manager
01-Jun-2016 10:31:42.194 INFO [localhost-startStop-1] org.apache.catalina.startup.HostConfig.deployDirectory Deployment of web application directory C:\Users\Bart\Dropbox\Synthesis Project\16. Geoweb\dashboard\dashboard_in_sight\geoweb16\apache-tomcat-8.0.33\webapps\manager has finished in 74 ms
01-Jun-2016 10:31:42.194 INFO [localhost-startStop-1] org.apache.catalina.startup.HostConfig.deployDirectory Deploying web application directory C:\Users\Bart\Dropbox\Synthesis Project\16. Geoweb\dashboard\dashboard_in_sight\geoweb16\apache-tomcat-8.0.33\webapps\ROOT
01-Jun-2016 10:31:42.247 INFO [localhost-startStop-1] org.apache.catalina.startup.HostConfig.deployDirectory Deployment of web application directory C:\Users\Bart\Dropbox\Synthesis Project\16. Geoweb\dashboard\dashboard_in_sight\geoweb16\apache-tomcat-8.0.33\webapps\ROOT has finished in 53 ms
01-Jun-2016 10:31:42.248 INFO [localhost-startStop-1] org.apache.catalina.startup.HostConfig.deployDirectory Deploying web application directory C:\Users\Bart\Dropbox\Synthesis Project\16. Geoweb\dashboard\dashboard_in_sight\geoweb16\apache-tomcat-8.0.33\webapps\target
01-Jun-2016 10:31:42.264 INFO [localhost-startStop-1] org.apache.catalina.startup.HostConfig.deployDirectory Deployment of web application directory C:\Users\Bart\Dropbox\Synthesis Project\16. Geoweb\dashboard\dashboard_in_sight\geoweb16\apache-tomcat-8.0.33\webapps\target has finished in 16 ms
01-Jun-2016 10:31:42.270 INFO [main] org.apache.coyote.AbstractProtocol.start Starting ProtocolHandler ["ajp-nio-8009"]
01-Jun-2016 10:31:42.278 INFO [main] org.apache.catalina.startup.Catalina.start Server startup in 56721 ms
01-Jun-2016 10:35:53.105 INFO [main] org.apache.catalina.startup.VersionLoggerListener.log Server version:        Apache Tomcat/8.0.33
01-Jun-2016 10:35:53.107 INFO [main] org.apache.catalina.startup.VersionLoggerListener.log Server built:          Mar 18 2016 20:31:49 UTC
01-Jun-2016 10:35:53.107 INFO [main] org.apache.catalina.startup.VersionLoggerListener.log Server number:         8.0.33.0
01-Jun-2016 10:35:53.107 INFO [main] org.apache.catalina.startup.VersionLoggerListener.log OS Name:               Windows 7
01-Jun-2016 10:35:53.107 INFO [main] org.apache.catalina.startup.VersionLoggerListener.log OS Version:            6.1
01-Jun-2016 10:35:53.107 INFO [main] org.apache.catalina.startup.VersionLoggerListener.log Architecture:          x86
01-Jun-2016 10:35:53.108 INFO [main] org.apache.catalina.startup.VersionLoggerListener.log Java Home:             C:\Program Files (x86)\Java\jre7
01-Jun-2016 10:35:53.108 INFO [main] org.apache.catalina.startup.VersionLoggerListener.log JVM Version:           1.7.0_79-b15
01-Jun-2016 10:35:53.108 INFO [main] org.apache.catalina.startup.VersionLoggerListener.log JVM Vendor:            Oracle Corporation
01-Jun-2016 10:35:53.108 INFO [main] org.apache.catalina.startup.VersionLoggerListener.log CATALINA_BASE:         C:\Users\Fanny\Dropbox\Synthesis Project\16. Geoweb\Dashboard\dashboard_in_sight\geoweb16\apache-tomcat-8.0.33
01-Jun-2016 10:35:53.108 INFO [main] org.apache.catalina.startup.VersionLoggerListener.log CATALINA_HOME:         C:\Users\Fanny\Dropbox\Synthesis Project\16. Geoweb\Dashboard\dashboard_in_sight\geoweb16\apache-tomcat-8.0.33
01-Jun-2016 10:35:53.110 INFO [main] org.apache.catalina.startup.VersionLoggerListener.log Command line argument: -Djava.util.logging.config.file=C:\Users\Fanny\Dropbox\Synthesis Project\16. Geoweb\Dashboard\dashboard_in_sight\geoweb16\apache-tomcat-8.0.33\conf\logging.properties
01-Jun-2016 10:35:53.110 INFO [main] org.apache.catalina.startup.VersionLoggerListener.log Command line argument: -Djava.util.logging.manager=org.apache.juli.ClassLoaderLogManager
01-Jun-2016 10:35:53.111 INFO [main] org.apache.catalina.startup.VersionLoggerListener.log Command line argument: -Djava.endorsed.dirs=C:\Users\Fanny\Dropbox\Synthesis Project\16. Geoweb\Dashboard\dashboard_in_sight\geoweb16\apache-tomcat-8.0.33\endorsed
01-Jun-2016 10:35:53.111 INFO [main] org.apache.catalina.startup.VersionLoggerListener.log Command line argument: -Dcatalina.base=C:\Users\Fanny\Dropbox\Synthesis Project\16. Geoweb\Dashboard\dashboard_in_sight\geoweb16\apache-tomcat-8.0.33
01-Jun-2016 10:35:53.112 INFO [main] org.apache.catalina.startup.VersionLoggerListener.log Command line argument: -Dcatalina.home=C:\Users\Fanny\Dropbox\Synthesis Project\16. Geoweb\Dashboard\dashboard_in_sight\geoweb16\apache-tomcat-8.0.33
01-Jun-2016 10:35:53.124 INFO [main] org.apache.catalina.startup.VersionLoggerListener.log Command line argument: -Djava.io.tmpdir=C:\Users\Fanny\Dropbox\Synthesis Project\16. Geoweb\Dashboard\dashboard_in_sight\geoweb16\apache-tomcat-8.0.33\temp
01-Jun-2016 10:35:53.125 INFO [main] org.apache.catalina.core.AprLifecycleListener.lifecycleEvent The APR based Apache Tomcat Native library which allows optimal performance in production environments was not found on the java.library.path: C:\Program Files (x86)\Java\jre7\bin;C:\windows\Sun\Java\bin;C:\windows\system32;C:\windows;C:\ProgramData\Oracle\Java\javapath;C:\PROGRAM FILES (X86)\NVIDIA CORPORATION\PHYSX\COMMON;C:\PROGRAM FILES (X86)\INTEL\ICLS CLIENT\;C:\PROGRAM FILES\INTEL\ICLS CLIENT\;C:\windows\SYSTEM32;C:\windows;C:\windows\SYSTEM32\WBEM;C:\windows\SYSTEM32\WINDOWSPOWERSHELL\V1.0\;C:\PROGRAM FILES (X86)\COMMON FILES\ROXIO SHARED\DLLSHARED\;C:\PROGRAM FILES (X86)\COMMON FILES\ROXIO SHARED\OEM\DLLSHARED\;C:\PROGRAM FILES (X86)\COMMON FILES\ROXIO SHARED\OEM\DLLSHARED\;C:\PROGRAM FILES (X86)\COMMON FILES\ROXIO SHARED\OEM\12.0\DLLSHARED\;C:\PROGRAM FILES (X86)\ROXIO\OEM\AUDIOCORE\;C:\PROGRAM FILES\INTEL\INTEL(R) MANAGEMENT ENGINE COMPONENTS\DAL;C:\PROGRAM FILES\INTEL\INTEL(R) MANAGEMENT ENGINE COMPONENTS\IPT;C:\PROGRAM FILES (X86)\INTEL\INTEL(R) MANAGEMENT ENGINE COMPONENTS\DAL;C:\PROGRAM FILES (X86)\INTEL\INTEL(R) MANAGEMENT ENGINE COMPONENTS\IPT;C:\PROGRAM FILES (X86)\HEWLETT-PACKARD\HP PROTECTTOOLS SECURITY MANAGER\BIN\;;C:\PROGRAM FILES\COMMON FILES\AUTODESK SHARED\;C:\PROGRAM FILES\INTEL\INTEL(R) MANAGEMENT ENGINE COMPONENTS\DAL;C:\PROGRAM FILES\INTEL\INTEL(R) MANAGEMENT ENGINE COMPONENTS\IPT;C:\PROGRAM FILES (X86)\INTEL\INTEL(R) MANAGEMENT ENGINE COMPONENTS\DAL;C:\PROGRAM FILES (X86)\INTEL\INTEL(R) MANAGEMENT ENGINE COMPONENTS\IPT;C:\PROGRAM FILES\INTEL\WIFI\BIN\;C:\PROGRAM FILES\COMMON FILES\INTEL\WIRELESSCOMMON\;C:\Program Files\WIDCOMM\Bluetooth Software\;C:\Program Files\WIDCOMM\Bluetooth Software\syswow64;C:\Python27;C:\Program Files (x86)\QuickTime\QTSystem\;C:\Program Files\FME\;C:\Program Files (x86)\Java\jre7;C:\Program Files\Intel\WiFi\bin\;C:\Program Files\Common Files\Intel\WirelessCommon\;C:\Python27\Lib;.
01-Jun-2016 10:35:53.679 INFO [main] org.apache.coyote.AbstractProtocol.init Initializing ProtocolHandler ["http-nio-8080"]
01-Jun-2016 10:35:53.718 INFO [main] org.apache.tomcat.util.net.NioSelectorPool.getSharedSelector Using a shared selector for servlet write/read
01-Jun-2016 10:35:53.721 INFO [main] org.apache.coyote.AbstractProtocol.init Initializing ProtocolHandler ["ajp-nio-8009"]
01-Jun-2016 10:35:53.723 INFO [main] org.apache.tomcat.util.net.NioSelectorPool.getSharedSelector Using a shared selector for servlet write/read
01-Jun-2016 10:35:53.723 INFO [main] org.apache.catalina.startup.Catalina.load Initialization processed in 1091 ms
01-Jun-2016 10:35:53.751 INFO [main] org.apache.catalina.core.StandardService.startInternal Starting service Catalina
01-Jun-2016 10:35:53.751 INFO [main] org.apache.catalina.core.StandardEngine.startInternal Starting Servlet Engine: Apache Tomcat/8.0.33
01-Jun-2016 10:35:53.790 INFO [localhost-startStop-1] org.apache.catalina.startup.HostConfig.deployWAR Deploying web application archive C:\Users\Fanny\Dropbox\Synthesis Project\16. Geoweb\Dashboard\dashboard_in_sight\geoweb16\apache-tomcat-8.0.33\webapps\geoserver.war
01-Jun-2016 10:36:11.596 INFO [localhost-startStop-1] org.apache.jasper.servlet.TldScanner.scanJars At least one JAR was scanned for TLDs yet contained no TLDs. Enable debug logging for this logger for a complete list of JARs that were scanned but no TLDs were found in them. Skipping unneeded JARs during scanning can improve startup time and JSP compilation time.
01-Jun-2016 10:36:13.068 WARNING [localhost-startStop-1] org.geoserver.platform.GeoServerExtensions.checkContext Extension lookup 'XStreamPersisterInitializer', but ApplicationContext is unset.
01-Jun-2016 10:36:13.069 WARNING [localhost-startStop-1] org.geoserver.platform.GeoServerExtensions.checkContext Extension lookup 'ExtensionFilter', but ApplicationContext is unset.
01-Jun-2016 10:36:13.072 WARNING [localhost-startStop-1] org.geoserver.platform.GeoServerExtensions.checkContext Extension lookup 'ExtensionProvider', but ApplicationContext is unset.
01-Jun-2016 10:36:13.072 WARNING [localhost-startStop-1] org.geoserver.platform.GeoServerExtensions.checkContext Extension lookup 'ExtensionFilter', but ApplicationContext is unset.
01-Jun-2016 10:36:14.631 WARNING [localhost-startStop-1] org.geoserver.platform.GeoServerExtensions.checkContext Extension lookup 'GeoServerSecurityProvider', but ApplicationContext is unset.
01-Jun-2016 10:36:14.631 WARNING [localhost-startStop-1] org.geoserver.platform.GeoServerExtensions.checkContext Extension lookup 'ExtensionFilter', but ApplicationContext is unset.
01-Jun-2016 10:36:14.632 WARNING [localhost-startStop-1] org.geoserver.platform.GeoServerExtensions.checkContext Extension lookup 'ExtensionProvider', but ApplicationContext is unset.
01-Jun-2016 10:36:14.632 WARNING [localhost-startStop-1] org.geoserver.platform.GeoServerExtensions.checkContext Extension lookup 'ExtensionFilter', but ApplicationContext is unset.
01-Jun-2016 10:36:26.715 INFO [localhost-startStop-1] org.apache.catalina.startup.HostConfig.deployWAR Deployment of web application archive C:\Users\Fanny\Dropbox\Synthesis Project\16. Geoweb\Dashboard\dashboard_in_sight\geoweb16\apache-tomcat-8.0.33\webapps\geoserver.war has finished in 32,925 ms
01-Jun-2016 10:36:26.716 INFO [localhost-startStop-1] org.apache.catalina.startup.HostConfig.deployDirectory Deploying web application directory C:\Users\Fanny\Dropbox\Synthesis Project\16. Geoweb\Dashboard\dashboard_in_sight\geoweb16\apache-tomcat-8.0.33\webapps\docs
01-Jun-2016 10:36:26.736 INFO [localhost-startStop-1] org.apache.catalina.startup.HostConfig.deployDirectory Deployment of web application directory C:\Users\Fanny\Dropbox\Synthesis Project\16. Geoweb\Dashboard\dashboard_in_sight\geoweb16\apache-tomcat-8.0.33\webapps\docs has finished in 20 ms
01-Jun-2016 10:36:26.736 INFO [localhost-startStop-1] org.apache.catalina.startup.HostConfig.deployDirectory Deploying web application directory C:\Users\Fanny\Dropbox\Synthesis Project\16. Geoweb\Dashboard\dashboard_in_sight\geoweb16\apache-tomcat-8.0.33\webapps\examples
01-Jun-2016 10:36:28.437 INFO [localhost-startStop-1] org.apache.catalina.startup.HostConfig.deployDirectory Deployment of web application directory C:\Users\Fanny\Dropbox\Synthesis Project\16. Geoweb\Dashboard\dashboard_in_sight\geoweb16\apache-tomcat-8.0.33\webapps\examples has finished in 1,701 ms
01-Jun-2016 10:36:28.437 INFO [localhost-startStop-1] org.apache.catalina.startup.HostConfig.deployDirectory Deploying web application directory C:\Users\Fanny\Dropbox\Synthesis Project\16. Geoweb\Dashboard\dashboard_in_sight\geoweb16\apache-tomcat-8.0.33\webapps\host-manager
01-Jun-2016 10:36:28.477 INFO [localhost-startStop-1] org.apache.catalina.startup.HostConfig.deployDirectory Deployment of web application directory C:\Users\Fanny\Dropbox\Synthesis Project\16. Geoweb\Dashboard\dashboard_in_sight\geoweb16\apache-tomcat-8.0.33\webapps\host-manager has finished in 40 ms
01-Jun-2016 10:36:28.478 INFO [localhost-startStop-1] org.apache.catalina.startup.HostConfig.deployDirectory Deploying web application directory C:\Users\Fanny\Dropbox\Synthesis Project\16. Geoweb\Dashboard\dashboard_in_sight\geoweb16\apache-tomcat-8.0.33\webapps\in_sight
01-Jun-2016 10:36:28.489 INFO [localhost-startStop-1] org.apache.catalina.startup.HostConfig.deployDirectory Deployment of web application directory C:\Users\Fanny\Dropbox\Synthesis Project\16. Geoweb\Dashboard\dashboard_in_sight\geoweb16\apache-tomcat-8.0.33\webapps\in_sight has finished in 11 ms
01-Jun-2016 10:36:28.490 INFO [localhost-startStop-1] org.apache.catalina.startup.HostConfig.deployDirectory Deploying web application directory C:\Users\Fanny\Dropbox\Synthesis Project\16. Geoweb\Dashboard\dashboard_in_sight\geoweb16\apache-tomcat-8.0.33\webapps\manager
01-Jun-2016 10:36:28.542 INFO [localhost-startStop-1] org.apache.catalina.startup.HostConfig.deployDirectory Deployment of web application directory C:\Users\Fanny\Dropbox\Synthesis Project\16. Geoweb\Dashboard\dashboard_in_sight\geoweb16\apache-tomcat-8.0.33\webapps\manager has finished in 52 ms
01-Jun-2016 10:36:28.543 INFO [localhost-startStop-1] org.apache.catalina.startup.HostConfig.deployDirectory Deploying web application directory C:\Users\Fanny\Dropbox\Synthesis Project\16. Geoweb\Dashboard\dashboard_in_sight\geoweb16\apache-tomcat-8.0.33\webapps\ROOT
01-Jun-2016 10:36:28.561 INFO [localhost-startStop-1] org.apache.catalina.startup.HostConfig.deployDirectory Deployment of web application directory C:\Users\Fanny\Dropbox\Synthesis Project\16. Geoweb\Dashboard\dashboard_in_sight\geoweb16\apache-tomcat-8.0.33\webapps\ROOT has finished in 17 ms
01-Jun-2016 10:36:28.561 INFO [localhost-startStop-1] org.apache.catalina.startup.HostConfig.deployDirectory Deploying web application directory C:\Users\Fanny\Dropbox\Synthesis Project\16. Geoweb\Dashboard\dashboard_in_sight\geoweb16\apache-tomcat-8.0.33\webapps\target
01-Jun-2016 10:36:28.573 INFO [localhost-startStop-1] org.apache.catalina.startup.HostConfig.deployDirectory Deployment of web application directory C:\Users\Fanny\Dropbox\Synthesis Project\16. Geoweb\Dashboard\dashboard_in_sight\geoweb16\apache-tomcat-8.0.33\webapps\target has finished in 12 ms
01-Jun-2016 10:36:28.576 INFO [main] org.apache.coyote.AbstractProtocol.start Starting ProtocolHandler ["http-nio-8080"]
01-Jun-2016 10:36:28.582 INFO [main] org.apache.coyote.AbstractProtocol.start Starting ProtocolHandler ["ajp-nio-8009"]
01-Jun-2016 10:36:28.584 INFO [main] org.apache.catalina.startup.Catalina.start Server startup in 34859 ms
